#    1 | steps:    29 | steps_t:     0 | t: 0.078043 | r:  -440.000000 | e:   1.000000 | Q:        nan | won: False 
#    2 | steps:   179 | steps_t:     0 | t: 0.406285 | r:  -517.000000 | e:   1.000000 | Q:        nan | won: False 
#    3 | steps:   189 | steps_t:     0 | t: 0.429283 | r:  -454.000000 | e:   1.000000 | Q:        nan | won: False 
#    4 | steps:   292 | steps_t:     0 | t: 0.649939 | r:  -441.000000 | e:   1.000000 | Q:        nan | won: False 
#    5 | steps:   389 | steps_t:     0 | t: 0.857489 | r:  -475.000000 | e:   1.000000 | Q:        nan | won: False 
#    6 | steps:   450 | steps_t:     0 | t: 0.993337 | r:  -516.000000 | e:   1.000000 | Q:        nan | won: False 
#    7 | steps:   480 | steps_t:     0 | t: 1.061076 | r:  -474.000000 | e:   1.000000 | Q:        nan | won: False 
#    8 | steps:   505 | steps_t:     4 | t: 1.439965 | r:  -414.000000 | e:   0.999600 | Q:        nan | won: False 
#    9 | steps:   518 | steps_t:    16 | t: 2.056549 | r:  -479.000000 | e:   0.998400 | Q:        nan | won: False 
#   10 | steps:   533 | steps_t:    30 | t: 2.771194 | r:  -492.000000 | e:   0.997000 | Q:        nan | won: False 
#   11 | steps:   561 | steps_t:    57 | t: 4.141309 | r:  -406.000000 | e:   0.994300 | Q:        nan | won: False 
#   12 | steps:   584 | steps_t:    79 | t: 5.287553 | r:  -478.000000 | e:   0.992100 | Q:        nan | won: False 
#   13 | steps:   645 | steps_t:   139 | t: 8.498785 | r:  -406.000000 | e:   0.986100 | Q:        nan | won: False 
#   14 | steps:   687 | steps_t:   180 | t: 11.132429 | r:  -453.000000 | e:   0.982000 | Q:        nan | won: False 
#   15 | steps:   710 | steps_t:   202 | t: 12.260155 | r:  -489.000000 | e:   0.979800 | Q:        nan | won: False 
#   16 | steps:   723 | steps_t:   214 | t: 12.856490 | r:  -479.000000 | e:   0.978600 | Q:        nan | won: False 
#   17 | steps:   763 | steps_t:   253 | t: 14.788911 | r:  -495.000000 | e:   0.974700 | Q:  14.047683 | won: False 
#   18 | steps:   835 | steps_t:   324 | t: 18.333718 | r:  -406.000000 | e:   0.967600 | Q:   8.209044 | won: False 
#   19 | steps:   846 | steps_t:   334 | t: 18.838858 | r:  -488.000000 | e:   0.966600 | Q:        nan | won: False 
#   20 | steps:   871 | steps_t:   358 | t: 20.055020 | r:  -447.000000 | e:   0.964200 | Q:        nan | won: False 
#   21 | steps:   901 | steps_t:   387 | t: 21.504237 | r:  -474.000000 | e:   0.961300 | Q:   8.320636 | won: False 
#   22 | steps:   916 | steps_t:   401 | t: 22.219728 | r:  -481.000000 | e:   0.959900 | Q:   7.442875 | won: False 
#   23 | steps:  1018 | steps_t:   502 | t: 27.258976 | r:  -348.000000 | e:   0.949800 | Q:   6.593074 | won: False 
#   24 | steps:  1029 | steps_t:   512 | t: 27.756673 | r:  -466.000000 | e:   0.948800 | Q:        nan | won: False 
#   25 | steps:  1187 | steps_t:   669 | t: 35.700513 | r:  -408.000000 | e:   0.933100 | Q:   7.913830 | won: False 
#   26 | steps:  1217 | steps_t:   698 | t: 37.177805 | r:  -474.000000 | e:   0.930200 | Q:   2.753612 | won: False 
#   27 | steps:  1256 | steps_t:   736 | t: 39.171179 | r:  -384.000000 | e:   0.926400 | Q:   2.417928 | won: False 
#   28 | steps:  1322 | steps_t:   801 | t: 42.535611 | r:  -411.000000 | e:   0.919900 | Q:   1.086734 | won: False 
#   29 | steps:  1366 | steps_t:   844 | t: 44.683301 | r:  -433.000000 | e:   0.915600 | Q:  -0.393029 | won: False 
#   30 | steps:  1438 | steps_t:   915 | t: 48.468212 | r:  -516.000000 | e:   0.908500 | Q:  -1.868566 | won: False 
#   31 | steps:  1479 | steps_t:   955 | t: 51.147074 | r:  -375.000000 | e:   0.904500 | Q:  -4.104790 | won: False 
#   32 | steps:  1519 | steps_t:   994 | t: 53.539610 | r:  -385.000000 | e:   0.900600 | Q:  -7.743942 | won: False 
#   33 | steps:  1531 | steps_t:  1005 | t: 54.267040 | r:  -500.000000 | e:   0.899500 | Q: -13.828536 | won: False 
#   34 | steps:  1543 | steps_t:  1016 | t: 54.968714 | r:  -489.000000 | e:   0.898400 | Q: -14.344256 | won: False 
#   35 | steps:  1560 | steps_t:  1032 | t: 55.994349 | r:  -472.000000 | e:   0.896800 | Q:        nan | won: False 
#   36 | steps:  1570 | steps_t:  1041 | t: 56.489849 | r:  -465.000000 | e:   0.895900 | Q:        nan | won: False 
#   37 | steps:  1609 | steps_t:  1079 | t: 58.683126 | r:  -428.000000 | e:   0.892100 | Q: -33.276573 | won: False 
#   38 | steps:  1722 | steps_t:  1191 | t: 64.751744 | r:  -414.000000 | e:   0.880900 | Q: -30.760527 | won: False 
#   39 | steps:  1755 | steps_t:  1223 | t: 66.820485 | r:  -466.000000 | e:   0.877700 | Q: -30.758377 | won: False 
#   40 | steps:  1776 | steps_t:  1243 | t: 67.948229 | r:  -443.000000 | e:   0.875700 | Q: -38.113857 | won: False 
#   41 | steps:  1790 | steps_t:  1256 | t: 68.604284 | r:  -447.000000 | e:   0.874400 | Q:        nan | won: False 
#   42 | steps:  1877 | steps_t:  1342 | t: 72.957376 | r:  -377.000000 | e:   0.865800 | Q: -41.582817 | won: False 
#   43 | steps:  1904 | steps_t:  1368 | t: 74.250123 | r:  -449.000000 | e:   0.863200 | Q: -41.040764 | won: False 
#   44 | steps:  1980 | steps_t:  1443 | t: 78.005931 | r:  -421.000000 | e:   0.855700 | Q: -33.709053 | won: False 
#   45 | steps:  2012 | steps_t:  1474 | t: 79.593942 | r:  -399.000000 | e:   0.852600 | Q: -31.360458 | won: False 
#   46 | steps:  2041 | steps_t:  1502 | t: 81.021101 | r:  -429.000000 | e:   0.849800 | Q: -30.902866 | won: False 
#   47 | steps:  2064 | steps_t:  1524 | t: 82.171728 | r:  -401.000000 | e:   0.847600 | Q: -35.321270 | won: False 
#   48 | steps:  2080 | steps_t:  1539 | t: 82.934958 | r:  -482.000000 | e:   0.846100 | Q:        nan | won: False 
#   49 | steps:  2107 | steps_t:  1565 | t: 84.253951 | r:  -427.000000 | e:   0.843500 | Q: -36.716587 | won: False 
#   50 | steps:  2132 | steps_t:  1589 | t: 85.473295 | r:  -480.000000 | e:   0.841100 | Q: -41.171680 | won: False 
#   51 | steps:  2161 | steps_t:  1617 | t: 91.372403 | r:  -451.000000 | e:   0.838300 | Q: -56.085457 | won: False 
