#    1 | steps:    20 | steps_t:     0 | t: 0.044751 | r:  -519.000000 | e:   1.000000 | Q:        nan | won: False 
#    2 | steps:    25 | steps_t:     0 | t: 0.051729 | r:  -504.000000 | e:   1.000000 | Q:        nan | won: False 
#    3 | steps:    34 | steps_t:     0 | t: 0.065094 | r:  -508.000000 | e:   1.000000 | Q:        nan | won: False 
#    4 | steps:    44 | steps_t:     0 | t: 0.080055 | r:  -509.000000 | e:   1.000000 | Q:        nan | won: False 
#    5 | steps:    50 | steps_t:     0 | t: 0.089009 | r:  -505.000000 | e:   1.000000 | Q:        nan | won: False 
#    6 | steps:    60 | steps_t:     0 | t: 0.102210 | r:  -509.000000 | e:   1.000000 | Q:        nan | won: False 
#    7 | steps:    66 | steps_t:     0 | t: 0.110880 | r:  -505.000000 | e:   1.000000 | Q:        nan | won: False 
#    8 | steps:    76 | steps_t:     0 | t: 0.124338 | r:  -509.000000 | e:   1.000000 | Q:        nan | won: False 
#    9 | steps:    99 | steps_t:     0 | t: 0.158900 | r:  -522.000000 | e:   1.000000 | Q:        nan | won: False 
#   10 | steps:   110 | steps_t:     9 | t: 0.511463 | r:  -510.000000 | e:   0.999100 | Q:        nan | won: False 
#   11 | steps:   127 | steps_t:    25 | t: 0.882679 | r:  -516.000000 | e:   0.997500 | Q:        nan | won: False 
#   12 | steps:   134 | steps_t:    31 | t: 1.023834 | r:  -506.000000 | e:   0.996900 | Q:        nan | won: False 
#   13 | steps:   141 | steps_t:    37 | t: 1.164798 | r:  -506.000000 | e:   0.996300 | Q:        nan | won: False 
#   14 | steps:   153 | steps_t:    48 | t: 1.457803 | r:  -511.000000 | e:   0.995200 | Q:        nan | won: False 
#   15 | steps:   159 | steps_t:    53 | t: 1.580692 | r:  -505.000000 | e:   0.994700 | Q:        nan | won: False 
#   16 | steps:   170 | steps_t:    63 | t: 1.857955 | r:  -510.000000 | e:   0.993700 | Q:        nan | won: False 
#   17 | steps:   181 | steps_t:    73 | t: 2.102680 | r:  -510.000000 | e:   0.992700 | Q:        nan | won: False 
#   18 | steps:   190 | steps_t:    81 | t: 2.284943 | r:  -508.000000 | e:   0.991900 | Q:        nan | won: False 
#   19 | steps:   199 | steps_t:    89 | t: 2.483318 | r:  -508.000000 | e:   0.991100 | Q:        nan | won: False 
#   20 | steps:   206 | steps_t:    95 | t: 2.627520 | r:  -506.000000 | e:   0.990500 | Q:        nan | won: False 
#   21 | steps:   217 | steps_t:   105 | t: 2.860340 | r:  -510.000000 | e:   0.989500 | Q:        nan | won: False 
#   22 | steps:   230 | steps_t:   117 | t: 3.170888 | r:  -512.000000 | e:   0.988300 | Q:        nan | won: False 
#   23 | steps:   238 | steps_t:   124 | t: 3.348440 | r:  -507.000000 | e:   0.987600 | Q:        nan | won: False 
#   24 | steps:   247 | steps_t:   132 | t: 3.549717 | r:  -508.000000 | e:   0.986800 | Q:        nan | won: False 
#   25 | steps:   258 | steps_t:   142 | t: 3.768589 | r:  -510.000000 | e:   0.985800 | Q:        nan | won: False 
#   26 | steps:   267 | steps_t:   150 | t: 3.954267 | r:  -508.000000 | e:   0.985000 | Q:        nan | won: False 
#   27 | steps:   276 | steps_t:   158 | t: 4.142210 | r:  -508.000000 | e:   0.984200 | Q:        nan | won: False 
#   28 | steps:   287 | steps_t:   168 | t: 4.377889 | r:  -510.000000 | e:   0.983200 | Q:        nan | won: False 
#   29 | steps:   293 | steps_t:   173 | t: 4.491790 | r:  -505.000000 | e:   0.982700 | Q:        nan | won: False 
#   30 | steps:   304 | steps_t:   183 | t: 4.720130 | r:  -510.000000 | e:   0.981700 | Q:        nan | won: False 
#   31 | steps:   311 | steps_t:   189 | t: 4.863554 | r:  -506.000000 | e:   0.981100 | Q:        nan | won: False 
#   32 | steps:   326 | steps_t:   203 | t: 5.228207 | r:  -514.000000 | e:   0.979700 | Q:        nan | won: False 
#   33 | steps:   334 | steps_t:   210 | t: 5.401454 | r:  -507.000000 | e:   0.979000 | Q:        nan | won: False 
#   34 | steps:   344 | steps_t:   219 | t: 5.625888 | r:  -509.000000 | e:   0.978100 | Q:        nan | won: False 
#   35 | steps:   353 | steps_t:   227 | t: 5.807630 | r:  -508.000000 | e:   0.977300 | Q:        nan | won: False 
#   36 | steps:   361 | steps_t:   234 | t: 5.975919 | r:  -507.000000 | e:   0.976600 | Q:        nan | won: False 
#   37 | steps:   371 | steps_t:   243 | t: 6.181539 | r:  -509.000000 | e:   0.975700 | Q:        nan | won: False 
#   38 | steps:   385 | steps_t:   256 | t: 6.467956 | r:  -513.000000 | e:   0.974400 | Q:        nan | won: False 
#   39 | steps:   392 | steps_t:   262 | t: 6.626839 | r:  -506.000000 | e:   0.973800 | Q: -306.065796 | won: False 
#   40 | steps:   398 | steps_t:   267 | t: 6.762929 | r:  -505.000000 | e:   0.973300 | Q:        nan | won: False 
#   41 | steps:   404 | steps_t:   272 | t: 6.941731 | r:  -505.000000 | e:   0.972800 | Q:        nan | won: False 
#   42 | steps:   417 | steps_t:   284 | t: 7.311889 | r:  -512.000000 | e:   0.971600 | Q: -296.757355 | won: False 
#   43 | steps:   432 | steps_t:   298 | t: 7.690004 | r:  -514.000000 | e:   0.970200 | Q: -305.382019 | won: False 
#   44 | steps:   447 | steps_t:   312 | t: 8.071556 | r:  -503.000000 | e:   0.968800 | Q: -358.505005 | won: False 
#   45 | steps:   453 | steps_t:   317 | t: 8.202010 | r:  -505.000000 | e:   0.968300 | Q:        nan | won: False 
#   46 | steps:   460 | steps_t:   323 | t: 8.350649 | r:  -506.000000 | e:   0.967700 | Q:        nan | won: False 
#   47 | steps:   479 | steps_t:   341 | t: 8.762880 | r:  -518.000000 | e:   0.965900 | Q: -311.651215 | won: False 
#   48 | steps:   495 | steps_t:   356 | t: 9.116474 | r:  -515.000000 | e:   0.964400 | Q: -336.029175 | won: False 
#   49 | steps:   505 | steps_t:   365 | t: 9.336489 | r:  -509.000000 | e:   0.963500 | Q:        nan | won: False 
#   50 | steps:   514 | steps_t:   373 | t: 9.530791 | r:  -508.000000 | e:   0.962700 | Q:        nan | won: False 
#   51 | steps:   528 | steps_t:   386 | t: 9.816595 | r:  -502.000000 | e:   0.961400 | Q:        nan | won: False 
#   52 | steps:   539 | steps_t:   396 | t: 10.065383 | r:  -510.000000 | e:   0.960400 | Q:        nan | won: False 
#   53 | steps:   550 | steps_t:   406 | t: 10.290902 | r:  -510.000000 | e:   0.959400 | Q: -299.794952 | won: False 
#   54 | steps:   558 | steps_t:   413 | t: 10.457093 | r:  -507.000000 | e:   0.958700 | Q: -300.225128 | won: False 
#   55 | steps:   565 | steps_t:   419 | t: 10.606364 | r:  -506.000000 | e:   0.958100 | Q:        nan | won: False 
#   56 | steps:   589 | steps_t:   442 | t: 11.132107 | r:  -523.000000 | e:   0.955800 | Q: -301.469574 | won: False 
#   57 | steps:   597 | steps_t:   449 | t: 11.290710 | r:  -507.000000 | e:   0.955100 | Q:        nan | won: False 
#   58 | steps:   610 | steps_t:   461 | t: 11.579803 | r:  -512.000000 | e:   0.953900 | Q:        nan | won: False 
#   59 | steps:   627 | steps_t:   477 | t: 11.958919 | r:  -505.000000 | e:   0.952300 | Q: -289.262848 | won: False 
#   60 | steps:   636 | steps_t:   485 | t: 12.149565 | r:  -508.000000 | e:   0.951500 | Q:        nan | won: False 
#   61 | steps:   656 | steps_t:   504 | t: 12.577099 | r:  -519.000000 | e:   0.949600 | Q: -308.391937 | won: False 
#   62 | steps:   672 | steps_t:   519 | t: 12.920739 | r:  -515.000000 | e:   0.948100 | Q: -309.791260 | won: False 
#   63 | steps:   683 | steps_t:   529 | t: 13.165752 | r:  -510.000000 | e:   0.947100 | Q:        nan | won: False 
#   64 | steps:   692 | steps_t:   537 | t: 13.354261 | r:  -508.000000 | e:   0.946300 | Q:        nan | won: False 
#   65 | steps:   699 | steps_t:   543 | t: 13.499466 | r:  -506.000000 | e:   0.945700 | Q:        nan | won: False 
#   66 | steps:   710 | steps_t:   553 | t: 13.732975 | r:  -510.000000 | e:   0.944700 | Q:        nan | won: False 
#   67 | steps:   721 | steps_t:   563 | t: 13.964916 | r:  -510.000000 | e:   0.943700 | Q: -319.186005 | won: False 
#   68 | steps:   742 | steps_t:   583 | t: 14.424775 | r:  -520.000000 | e:   0.941700 | Q: -308.090637 | won: False 
#   69 | steps:   755 | steps_t:   595 | t: 14.709593 | r:  -512.000000 | e:   0.940500 | Q: -298.191101 | won: False 
#   70 | steps:   772 | steps_t:   611 | t: 15.070977 | r:  -505.000000 | e:   0.938900 | Q:        nan | won: False 
#   71 | steps:   779 | steps_t:   617 | t: 15.214372 | r:  -506.000000 | e:   0.938300 | Q:        nan | won: False 
#   72 | steps:   785 | steps_t:   622 | t: 15.334423 | r:  -505.000000 | e:   0.937800 | Q: -328.413971 | won: False 
#   73 | steps:   796 | steps_t:   632 | t: 15.557925 | r:  -510.000000 | e:   0.936800 | Q:        nan | won: False 
#   74 | steps:   803 | steps_t:   638 | t: 15.713604 | r:  -506.000000 | e:   0.936200 | Q: -310.831512 | won: False 
#   75 | steps:   810 | steps_t:   644 | t: 15.857911 | r:  -506.000000 | e:   0.935600 | Q:        nan | won: False 
#   76 | steps:   823 | steps_t:   656 | t: 16.146430 | r:  -512.000000 | e:   0.934400 | Q:        nan | won: False 
#   77 | steps:   836 | steps_t:   668 | t: 16.435292 | r:  -512.000000 | e:   0.933200 | Q: -310.434601 | won: False 
#   78 | steps:   845 | steps_t:   676 | t: 16.624254 | r:  -508.000000 | e:   0.932400 | Q:        nan | won: False 
#   79 | steps:   866 | steps_t:   696 | t: 17.116570 | r:  -520.000000 | e:   0.930400 | Q: -308.485199 | won: False 
#   80 | steps:   882 | steps_t:   711 | t: 17.453456 | r:  -515.000000 | e:   0.928900 | Q: -313.673553 | won: False 
#   81 | steps:   890 | steps_t:   718 | t: 17.594877 | r:  -507.000000 | e:   0.928200 | Q:        nan | won: False 
#   82 | steps:   903 | steps_t:   730 | t: 17.858104 | r:  -512.000000 | e:   0.927000 | Q: -336.091309 | won: False 
#   83 | steps:   914 | steps_t:   740 | t: 18.064665 | r:  -510.000000 | e:   0.926000 | Q: -328.714447 | won: False 
#   84 | steps:   922 | steps_t:   747 | t: 18.210734 | r:  -507.000000 | e:   0.925300 | Q: -319.645142 | won: False 
#   85 | steps:   934 | steps_t:   758 | t: 18.442264 | r:  -511.000000 | e:   0.924200 | Q:        nan | won: False 
#   86 | steps:   940 | steps_t:   763 | t: 18.546930 | r:  -505.000000 | e:   0.923700 | Q:        nan | won: False 
#   87 | steps:   949 | steps_t:   771 | t: 18.712748 | r:  -508.000000 | e:   0.922900 | Q:        nan | won: False 
#   88 | steps:   957 | steps_t:   778 | t: 18.865698 | r:  -507.000000 | e:   0.922200 | Q:        nan | won: False 
#   89 | steps:   968 | steps_t:   788 | t: 19.086967 | r:  -510.000000 | e:   0.921200 | Q: -317.577911 | won: False 
#   90 | steps:   976 | steps_t:   795 | t: 19.232816 | r:  -507.000000 | e:   0.920500 | Q:        nan | won: False 
#   91 | steps:   986 | steps_t:   804 | t: 19.410359 | r:  -509.000000 | e:   0.919600 | Q:        nan | won: False 
#   92 | steps:   998 | steps_t:   815 | t: 19.631190 | r:  -511.000000 | e:   0.918500 | Q:        nan | won: False 
#   93 | steps:  1008 | steps_t:   824 | t: 19.828605 | r:  -509.000000 | e:   0.917600 | Q:        nan | won: False 
#   94 | steps:  1023 | steps_t:   838 | t: 20.124793 | r:  -514.000000 | e:   0.916200 | Q: -298.647705 | won: False 
#   95 | steps:  1033 | steps_t:   847 | t: 20.308453 | r:  -509.000000 | e:   0.915300 | Q:        nan | won: False 
#   96 | steps:  1053 | steps_t:   866 | t: 20.701309 | r:  -519.000000 | e:   0.913400 | Q: -325.677490 | won: False 
#   97 | steps:  1063 | steps_t:   875 | t: 20.889280 | r:  -509.000000 | e:   0.912500 | Q: -315.191833 | won: False 
#   98 | steps:  1069 | steps_t:   880 | t: 20.995763 | r:  -505.000000 | e:   0.912000 | Q:        nan | won: False 
#   99 | steps:  1076 | steps_t:   886 | t: 21.125504 | r:  -506.000000 | e:   0.911400 | Q: -314.294983 | won: False 
#  100 | steps:  1090 | steps_t:   899 | t: 21.394106 | r:  -513.000000 | e:   0.910100 | Q: -325.270691 | won: False 
#  101 | steps:  1096 | steps_t:   904 | t: 21.500556 | r:  -505.000000 | e:   0.909600 | Q: -329.917572 | won: False 
#  102 | steps:  1106 | steps_t:   913 | t: 21.689759 | r:  -509.000000 | e:   0.908700 | Q: -333.812866 | won: False 
#  103 | steps:  1129 | steps_t:   935 | t: 22.151973 | r:  -522.000000 | e:   0.906500 | Q: -338.916748 | won: False 
#  104 | steps:  1152 | steps_t:   957 | t: 22.609322 | r:  -522.000000 | e:   0.904300 | Q: -325.278290 | won: False 
#  105 | steps:  1163 | steps_t:   967 | t: 22.825481 | r:  -510.000000 | e:   0.903300 | Q:        nan | won: False 
#  106 | steps:  1181 | steps_t:   984 | t: 23.187158 | r:  -506.000000 | e:   0.901600 | Q: -311.672699 | won: False 
#  107 | steps:  1187 | steps_t:   989 | t: 23.314111 | r:  -505.000000 | e:   0.901100 | Q:        nan | won: False 
#  108 | steps:  1208 | steps_t:  1009 | t: 23.781849 | r:  -520.000000 | e:   0.899100 | Q: -280.486694 | won: False 
#  109 | steps:  1223 | steps_t:  1023 | t: 24.082012 | r:  -514.000000 | e:   0.897700 | Q: -292.251007 | won: False 
#  110 | steps:  1233 | steps_t:  1032 | t: 24.275085 | r:  -509.000000 | e:   0.896800 | Q: -311.729645 | won: False 
#  111 | steps:  1242 | steps_t:  1040 | t: 24.464191 | r:  -508.000000 | e:   0.896000 | Q: -312.835785 | won: False 
#  112 | steps:  1250 | steps_t:  1047 | t: 24.620910 | r:  -507.000000 | e:   0.895300 | Q:        nan | won: False 
#  113 | steps:  1260 | steps_t:  1056 | t: 24.819464 | r:  -509.000000 | e:   0.894400 | Q: -335.819366 | won: False 
#  114 | steps:  1267 | steps_t:  1062 | t: 24.954166 | r:  -506.000000 | e:   0.893800 | Q:        nan | won: False 
#  115 | steps:  1278 | steps_t:  1072 | t: 25.177698 | r:  -510.000000 | e:   0.892800 | Q: -329.499969 | won: False 
#  116 | steps:  1287 | steps_t:  1080 | t: 25.345155 | r:  -508.000000 | e:   0.892000 | Q:        nan | won: False 
#  117 | steps:  1295 | steps_t:  1087 | t: 25.497198 | r:  -507.000000 | e:   0.891300 | Q: -334.100525 | won: False 
#  118 | steps:  1302 | steps_t:  1093 | t: 25.625734 | r:  -506.000000 | e:   0.890700 | Q: -320.466309 | won: False 
#  119 | steps:  1314 | steps_t:  1104 | t: 25.857414 | r:  -511.000000 | e:   0.889600 | Q: -318.817627 | won: False 
#  120 | steps:  1321 | steps_t:  1110 | t: 25.989045 | r:  -506.000000 | e:   0.889000 | Q:        nan | won: False 
#  121 | steps:  1326 | steps_t:  1114 | t: 26.080039 | r:  -504.000000 | e:   0.888600 | Q:        nan | won: False 
#  122 | steps:  1333 | steps_t:  1120 | t: 26.202415 | r:  -506.000000 | e:   0.888000 | Q: -319.198303 | won: False 
#  123 | steps:  1342 | steps_t:  1128 | t: 26.378459 | r:  -508.000000 | e:   0.887200 | Q:        nan | won: False 
#  124 | steps:  1350 | steps_t:  1135 | t: 26.539624 | r:  -507.000000 | e:   0.886500 | Q:        nan | won: False 
#  125 | steps:  1360 | steps_t:  1144 | t: 26.742938 | r:  -509.000000 | e:   0.885600 | Q: -301.670593 | won: False 
#  126 | steps:  1371 | steps_t:  1154 | t: 26.975544 | r:  -510.000000 | e:   0.884600 | Q: -300.254395 | won: False 
#  127 | steps:  1389 | steps_t:  1171 | t: 27.344864 | r:  -517.000000 | e:   0.882900 | Q: -265.066193 | won: False 
#  128 | steps:  1394 | steps_t:  1175 | t: 27.446352 | r:  -504.000000 | e:   0.882500 | Q: -257.182709 | won: False 
#  129 | steps:  1400 | steps_t:  1180 | t: 27.559613 | r:  -505.000000 | e:   0.882000 | Q:        nan | won: False 
#  130 | steps:  1411 | steps_t:  1190 | t: 27.803818 | r:  -510.000000 | e:   0.881000 | Q:        nan | won: False 
#  131 | steps:  1422 | steps_t:  1200 | t: 28.083191 | r:  -510.000000 | e:   0.880000 | Q: -294.455750 | won: False 
#  132 | steps:  1431 | steps_t:  1208 | t: 28.289917 | r:  -508.000000 | e:   0.879200 | Q:        nan | won: False 
#  133 | steps:  1440 | steps_t:  1216 | t: 28.485501 | r:  -508.000000 | e:   0.878400 | Q: -295.015656 | won: False 
#  134 | steps:  1447 | steps_t:  1222 | t: 28.627983 | r:  -506.000000 | e:   0.877800 | Q: -283.073151 | won: False 
#  135 | steps:  1458 | steps_t:  1232 | t: 28.846489 | r:  -510.000000 | e:   0.876800 | Q: -275.789673 | won: False 
#  136 | steps:  1470 | steps_t:  1243 | t: 29.080347 | r:  -511.000000 | e:   0.875700 | Q: -270.568970 | won: False 
#  137 | steps:  1480 | steps_t:  1252 | t: 29.264549 | r:  -509.000000 | e:   0.874800 | Q:        nan | won: False 
#  138 | steps:  1486 | steps_t:  1257 | t: 29.381709 | r:  -505.000000 | e:   0.874300 | Q: -324.756165 | won: False 
#  139 | steps:  1493 | steps_t:  1263 | t: 29.508115 | r:  -506.000000 | e:   0.873700 | Q:        nan | won: False 
#  140 | steps:  1502 | steps_t:  1271 | t: 29.675701 | r:  -508.000000 | e:   0.872900 | Q:        nan | won: False 
#  141 | steps:  1513 | steps_t:  1281 | t: 29.895559 | r:  -510.000000 | e:   0.871900 | Q: -321.386749 | won: False 
#  142 | steps:  1536 | steps_t:  1303 | t: 30.344076 | r:  -522.000000 | e:   0.869700 | Q:        nan | won: False 
#  143 | steps:  1543 | steps_t:  1309 | t: 30.469702 | r:  -506.000000 | e:   0.869100 | Q:        nan | won: False 
#  144 | steps:  1549 | steps_t:  1314 | t: 30.573404 | r:  -505.000000 | e:   0.868600 | Q:        nan | won: False 
#  145 | steps:  1554 | steps_t:  1318 | t: 30.661219 | r:  -504.000000 | e:   0.868200 | Q:        nan | won: False 
#  146 | steps:  1565 | steps_t:  1328 | t: 30.873592 | r:  -510.000000 | e:   0.867200 | Q: -285.955200 | won: False 
#  147 | steps:  1581 | steps_t:  1343 | t: 31.203312 | r:  -515.000000 | e:   0.865700 | Q: -268.456879 | won: False 
#  148 | steps:  1588 | steps_t:  1349 | t: 31.340680 | r:  -506.000000 | e:   0.865100 | Q: -288.258728 | won: False 
#  149 | steps:  1599 | steps_t:  1359 | t: 31.546326 | r:  -510.000000 | e:   0.864100 | Q: -282.840454 | won: False 
#  150 | steps:  1607 | steps_t:  1366 | t: 31.695525 | r:  -507.000000 | e:   0.863400 | Q: -292.012878 | won: False 
#  151 | steps:  1617 | steps_t:  1375 | t: 31.893841 | r:  -509.000000 | e:   0.862500 | Q:        nan | won: False 
#  152 | steps:  1624 | steps_t:  1381 | t: 32.022349 | r:  -506.000000 | e:   0.861900 | Q: -325.611420 | won: False 
#  153 | steps:  1632 | steps_t:  1388 | t: 32.174956 | r:  -507.000000 | e:   0.861200 | Q: -326.917358 | won: False 
#  154 | steps:  1643 | steps_t:  1398 | t: 32.392249 | r:  -510.000000 | e:   0.860200 | Q: -320.650726 | won: False 
#  155 | steps:  1664 | steps_t:  1418 | t: 32.800466 | r:  -520.000000 | e:   0.858200 | Q: -313.492767 | won: False 
#  156 | steps:  1682 | steps_t:  1435 | t: 33.147791 | r:  -517.000000 | e:   0.856500 | Q: -306.064484 | won: False 
#  157 | steps:  1692 | steps_t:  1444 | t: 33.340547 | r:  -509.000000 | e:   0.855600 | Q: -307.254211 | won: False 
#  158 | steps:  1699 | steps_t:  1450 | t: 33.472917 | r:  -506.000000 | e:   0.855000 | Q: -302.838440 | won: False 
#  159 | steps:  1741 | steps_t:  1491 | t: 34.407814 | r:  -530.000000 | e:   0.850900 | Q: -290.586731 | won: False 
#  160 | steps:  1750 | steps_t:  1499 | t: 34.584763 | r:  -508.000000 | e:   0.850100 | Q: -351.203400 | won: False 
#  161 | steps:  1757 | steps_t:  1505 | t: 34.727366 | r:  -506.000000 | e:   0.849500 | Q:        nan | won: False 
#  162 | steps:  1765 | steps_t:  1512 | t: 34.877234 | r:  -507.000000 | e:   0.848800 | Q:        nan | won: False 
#  163 | steps:  1775 | steps_t:  1521 | t: 35.144978 | r:  -509.000000 | e:   0.847900 | Q: -328.465546 | won: False 
#  164 | steps:  1790 | steps_t:  1535 | t: 35.453025 | r:  -514.000000 | e:   0.846500 | Q: -318.375854 | won: False 
#  165 | steps:  1804 | steps_t:  1548 | t: 35.778335 | r:  -513.000000 | e:   0.845200 | Q: -385.657135 | won: False 
#  166 | steps:  1815 | steps_t:  1558 | t: 36.000026 | r:  -510.000000 | e:   0.844200 | Q: -358.475006 | won: False 
#  167 | steps:  1822 | steps_t:  1564 | t: 36.134382 | r:  -506.000000 | e:   0.843600 | Q:        nan | won: False 
#  168 | steps:  1834 | steps_t:  1575 | t: 36.392716 | r:  -511.000000 | e:   0.842500 | Q: -333.241547 | won: False 
#  169 | steps:  1843 | steps_t:  1583 | t: 36.577543 | r:  -508.000000 | e:   0.841700 | Q:        nan | won: False 
#  170 | steps:  1854 | steps_t:  1593 | t: 36.798985 | r:  -510.000000 | e:   0.840700 | Q:        nan | won: False 
#  171 | steps:  1895 | steps_t:  1633 | t: 37.692493 | r:  -529.000000 | e:   0.836700 | Q: -296.914612 | won: False 
#  172 | steps:  1910 | steps_t:  1647 | t: 38.024147 | r:  -514.000000 | e:   0.835300 | Q: -298.019165 | won: False 
#  173 | steps:  1924 | steps_t:  1660 | t: 38.401194 | r:  -502.000000 | e:   0.834000 | Q: -333.277649 | won: False 
#  174 | steps:  1947 | steps_t:  1682 | t: 38.941500 | r:  -522.000000 | e:   0.831800 | Q: -301.160858 | won: False 
#  175 | steps:  1958 | steps_t:  1692 | t: 39.163638 | r:  -510.000000 | e:   0.830800 | Q:        nan | won: False 
#  176 | steps:  1967 | steps_t:  1700 | t: 39.337632 | r:  -508.000000 | e:   0.830000 | Q: -339.558807 | won: False 
#  177 | steps:  1974 | steps_t:  1706 | t: 39.464707 | r:  -506.000000 | e:   0.829400 | Q:        nan | won: False 
#  178 | steps:  1980 | steps_t:  1711 | t: 39.574946 | r:  -505.000000 | e:   0.828900 | Q: -301.823547 | won: False 
#  179 | steps:  1989 | steps_t:  1719 | t: 39.756702 | r:  -508.000000 | e:   0.828100 | Q: -298.578186 | won: False 
#  180 | steps:  2027 | steps_t:  1756 | t: 40.583733 | r:  -537.000000 | e:   0.824400 | Q: -320.396179 | won: False 
#  181 | steps:  2049 | steps_t:  1777 | t: 41.155854 | r:  -521.000000 | e:   0.822300 | Q: -326.105194 | won: False 
#  182 | steps:  2059 | steps_t:  1786 | t: 41.381562 | r:  -509.000000 | e:   0.821400 | Q: -313.569092 | won: False 
#  183 | steps:  2068 | steps_t:  1794 | t: 41.572844 | r:  -508.000000 | e:   0.820600 | Q: -305.878540 | won: False 
#  184 | steps:  2079 | steps_t:  1804 | t: 41.820428 | r:  -510.000000 | e:   0.819600 | Q: -332.437195 | won: False 
#  185 | steps:  2090 | steps_t:  1814 | t: 42.036950 | r:  -510.000000 | e:   0.818600 | Q: -341.197266 | won: False 
#  186 | steps:  2102 | steps_t:  1825 | t: 42.275672 | r:  -511.000000 | e:   0.817500 | Q: -318.177826 | won: False 
#  187 | steps:  2110 | steps_t:  1832 | t: 42.420173 | r:  -507.000000 | e:   0.816800 | Q:        nan | won: False 
#  188 | steps:  2117 | steps_t:  1838 | t: 42.558514 | r:  -506.000000 | e:   0.816200 | Q: -292.633881 | won: False 
#  189 | steps:  2129 | steps_t:  1849 | t: 42.790351 | r:  -511.000000 | e:   0.815100 | Q: -297.480408 | won: False 
#  190 | steps:  2139 | steps_t:  1858 | t: 42.989113 | r:  -509.000000 | e:   0.814200 | Q: -280.042755 | won: False 
#  191 | steps:  2150 | steps_t:  1868 | t: 43.223310 | r:  -510.000000 | e:   0.813200 | Q: -289.302368 | won: False 
#  192 | steps:  2159 | steps_t:  1876 | t: 43.389673 | r:  -508.000000 | e:   0.812400 | Q: -373.037292 | won: False 
#  193 | steps:  2167 | steps_t:  1883 | t: 43.542315 | r:  -507.000000 | e:   0.811700 | Q: -367.309967 | won: False 
#  194 | steps:  2186 | steps_t:  1901 | t: 43.936784 | r:  -518.000000 | e:   0.809900 | Q: -297.321991 | won: False 
#  195 | steps:  2195 | steps_t:  1909 | t: 44.113641 | r:  -508.000000 | e:   0.809100 | Q: -369.219177 | won: False 
#  196 | steps:  2207 | steps_t:  1920 | t: 44.342989 | r:  -511.000000 | e:   0.808000 | Q: -309.528412 | won: False 
#  197 | steps:  2217 | steps_t:  1929 | t: 44.530185 | r:  -509.000000 | e:   0.807100 | Q: -293.789490 | won: False 
#  198 | steps:  2228 | steps_t:  1939 | t: 44.738649 | r:  -510.000000 | e:   0.806100 | Q:        nan | won: False 
#  199 | steps:  2235 | steps_t:  1945 | t: 44.860667 | r:  -506.000000 | e:   0.805500 | Q:        nan | won: False 
#  200 | steps:  2248 | steps_t:  1957 | t: 45.112090 | r:  -512.000000 | e:   0.804300 | Q: -334.677582 | won: False 
#  201 | steps:  2258 | steps_t:  1966 | t: 45.296188 | r:  -509.000000 | e:   0.803400 | Q: -330.210571 | won: False 
#  202 | steps:  2266 | steps_t:  1973 | t: 45.440802 | r:  -507.000000 | e:   0.802700 | Q: -293.152466 | won: False 
#  203 | steps:  2276 | steps_t:  1982 | t: 45.632107 | r:  -509.000000 | e:   0.801800 | Q: -321.811096 | won: False 
#  204 | steps:  2282 | steps_t:  1987 | t: 45.742700 | r:  -505.000000 | e:   0.801300 | Q: -296.268951 | won: False 
#  205 | steps:  2294 | steps_t:  1998 | t: 45.973041 | r:  -511.000000 | e:   0.800200 | Q: -375.649841 | won: False 
#  206 | steps:  2302 | steps_t:  2005 | t: 46.125523 | r:  -507.000000 | e:   0.799500 | Q:        nan | won: False 
#  207 | steps:  2310 | steps_t:  2012 | t: 46.272908 | r:  -507.000000 | e:   0.798800 | Q: -374.453094 | won: False 
#  208 | steps:  2317 | steps_t:  2018 | t: 46.407976 | r:  -506.000000 | e:   0.798200 | Q: -309.698273 | won: False 
#  209 | steps:  2329 | steps_t:  2029 | t: 46.644606 | r:  -511.000000 | e:   0.797100 | Q: -330.154755 | won: False 
#  210 | steps:  2339 | steps_t:  2038 | t: 46.828948 | r:  -509.000000 | e:   0.796200 | Q: -318.690735 | won: False 
#  211 | steps:  2349 | steps_t:  2047 | t: 47.028793 | r:  -509.000000 | e:   0.795300 | Q: -290.191711 | won: False 
