#    1 | steps:     9 | steps_t:     0 | t: 0.020904 | r:  -508.000000 | e:   1.000000 | Q:        nan | won: False 
#    2 | steps:    15 | steps_t:     0 | t: 0.027260 | r:  -505.000000 | e:   1.000000 | Q:        nan | won: False 
#    3 | steps:    24 | steps_t:     0 | t: 0.035654 | r:  -508.000000 | e:   1.000000 | Q:        nan | won: False 
#    4 | steps:    39 | steps_t:     0 | t: 0.050466 | r:  -503.000000 | e:   1.000000 | Q:        nan | won: False 
#    5 | steps:    48 | steps_t:     0 | t: 0.057261 | r:  -508.000000 | e:   1.000000 | Q:        nan | won: False 
#    6 | steps:    60 | steps_t:     9 | t: 0.350515 | r:  -511.000000 | e:   0.999100 | Q:        nan | won: False 
#    7 | steps:    70 | steps_t:    18 | t: 0.525073 | r:  -509.000000 | e:   0.998200 | Q:        nan | won: False 
#    8 | steps:    77 | steps_t:    24 | t: 0.648621 | r:  -506.000000 | e:   0.997600 | Q:        nan | won: False 
#    9 | steps:    86 | steps_t:    32 | t: 0.806811 | r:  -508.000000 | e:   0.996800 | Q:        nan | won: False 
#   10 | steps:   105 | steps_t:    50 | t: 1.157125 | r:  -518.000000 | e:   0.995000 | Q:        nan | won: False 
#   11 | steps:   116 | steps_t:    60 | t: 1.355435 | r:  -510.000000 | e:   0.994000 | Q:        nan | won: False 
#   12 | steps:   125 | steps_t:    68 | t: 1.518292 | r:  -508.000000 | e:   0.993200 | Q:        nan | won: False 
#   13 | steps:   141 | steps_t:    83 | t: 1.808876 | r:  -504.000000 | e:   0.991700 | Q:        nan | won: False 
#   14 | steps:   147 | steps_t:    88 | t: 1.916881 | r:  -505.000000 | e:   0.991200 | Q: -52.008537 | won: False 
#   15 | steps:   157 | steps_t:    97 | t: 2.098387 | r:  -509.000000 | e:   0.990300 | Q:        nan | won: False 
#   16 | steps:   168 | steps_t:   107 | t: 2.302649 | r:  -510.000000 | e:   0.989300 | Q:        nan | won: False 
#   17 | steps:   177 | steps_t:   115 | t: 2.464641 | r:  -508.000000 | e:   0.988500 | Q:        nan | won: False 
#   18 | steps:   189 | steps_t:   126 | t: 2.685056 | r:  -511.000000 | e:   0.987400 | Q:        nan | won: False 
#   19 | steps:   201 | steps_t:   137 | t: 2.900831 | r:  -511.000000 | e:   0.986300 | Q:        nan | won: False 
#   20 | steps:   212 | steps_t:   147 | t: 3.106304 | r:  -510.000000 | e:   0.985300 | Q: -238.981476 | won: False 
#   21 | steps:   227 | steps_t:   161 | t: 3.386138 | r:  -514.000000 | e:   0.983900 | Q: -236.511688 | won: False 
#   22 | steps:   241 | steps_t:   174 | t: 3.642147 | r:  -513.000000 | e:   0.982600 | Q:        nan | won: False 
#   23 | steps:   250 | steps_t:   182 | t: 3.804473 | r:  -508.000000 | e:   0.981800 | Q:        nan | won: False 
#   24 | steps:   258 | steps_t:   189 | t: 3.948144 | r:  -507.000000 | e:   0.981100 | Q: -271.682312 | won: False 
#   25 | steps:   267 | steps_t:   197 | t: 4.111110 | r:  -508.000000 | e:   0.980300 | Q:        nan | won: False 
#   26 | steps:   273 | steps_t:   202 | t: 4.213183 | r:  -505.000000 | e:   0.979800 | Q: -261.113831 | won: False 
#   27 | steps:   282 | steps_t:   210 | t: 4.377821 | r:  -508.000000 | e:   0.979000 | Q:        nan | won: False 
#   28 | steps:   307 | steps_t:   234 | t: 4.844783 | r:  -524.000000 | e:   0.976600 | Q:        nan | won: False 
#   29 | steps:   316 | steps_t:   242 | t: 5.003367 | r:  -508.000000 | e:   0.975800 | Q:        nan | won: False 
