#    1 | steps:    12 | steps_t:     0 | t: 0.031351 | r:  -511.000000 | e:   1.000000 | Q:        nan | won: False 
#    2 | steps:    23 | steps_t:     0 | t: 0.044786 | r:  -510.000000 | e:   1.000000 | Q:        nan | won: False 
#    3 | steps:    30 | steps_t:     0 | t: 0.053436 | r:  -506.000000 | e:   1.000000 | Q:        nan | won: False 
#    4 | steps:    36 | steps_t:     0 | t: 0.061534 | r:  -505.000000 | e:   1.000000 | Q:        nan | won: False 
#    5 | steps:    44 | steps_t:     0 | t: 0.071699 | r:  -507.000000 | e:   1.000000 | Q:        nan | won: False 
#    6 | steps:    54 | steps_t:     0 | t: 0.084363 | r:  -509.000000 | e:   1.000000 | Q:        nan | won: False 
#    7 | steps:    67 | steps_t:     0 | t: 0.099682 | r:  -512.000000 | e:   1.000000 | Q:        nan | won: False 
#    8 | steps:    81 | steps_t:     0 | t: 0.118232 | r:  -513.000000 | e:   1.000000 | Q:        nan | won: False 
#    9 | steps:    90 | steps_t:     0 | t: 0.128831 | r:  -508.000000 | e:   1.000000 | Q:        nan | won: False 
#   10 | steps:   101 | steps_t:     0 | t: 0.143320 | r:  -510.000000 | e:   1.000000 | Q:        nan | won: False 
#   11 | steps:   110 | steps_t:     8 | t: 0.442987 | r:  -508.000000 | e:   0.999200 | Q:        nan | won: False 
#   12 | steps:   119 | steps_t:    16 | t: 0.617764 | r:  -508.000000 | e:   0.998400 | Q:        nan | won: False 
#   13 | steps:   129 | steps_t:    25 | t: 0.815302 | r:  -509.000000 | e:   0.997500 | Q:        nan | won: False 
#   14 | steps:   140 | steps_t:    35 | t: 1.040052 | r:  -510.000000 | e:   0.996500 | Q:        nan | won: False 
#   15 | steps:   149 | steps_t:    43 | t: 1.232862 | r:  -508.000000 | e:   0.995700 | Q:        nan | won: False 
#   16 | steps:   167 | steps_t:    60 | t: 1.614388 | r:  -517.000000 | e:   0.994000 | Q:        nan | won: False 
#   17 | steps:   175 | steps_t:    67 | t: 1.769878 | r:  -507.000000 | e:   0.993300 | Q:        nan | won: False 
#   18 | steps:   184 | steps_t:    75 | t: 1.963147 | r:  -508.000000 | e:   0.992500 | Q:        nan | won: False 
#   19 | steps:   190 | steps_t:    80 | t: 2.089259 | r:  -505.000000 | e:   0.992000 | Q: -40.533306 | won: False 
#   20 | steps:   199 | steps_t:    88 | t: 2.288819 | r:  -508.000000 | e:   0.991200 | Q:        nan | won: False 
#   21 | steps:   211 | steps_t:    99 | t: 2.555767 | r:  -511.000000 | e:   0.990100 | Q:        nan | won: False 
#   22 | steps:   218 | steps_t:   105 | t: 2.709543 | r:  -506.000000 | e:   0.989500 | Q:        nan | won: False 
#   23 | steps:   228 | steps_t:   114 | t: 2.920237 | r:  -509.000000 | e:   0.988600 | Q:        nan | won: False 
#   24 | steps:   242 | steps_t:   127 | t: 3.214498 | r:  -513.000000 | e:   0.987300 | Q:        nan | won: False 
#   25 | steps:   251 | steps_t:   135 | t: 3.410957 | r:  -508.000000 | e:   0.986500 | Q:        nan | won: False 
#   26 | steps:   267 | steps_t:   150 | t: 3.748641 | r:  -504.000000 | e:   0.985000 | Q:        nan | won: False 
#   27 | steps:   275 | steps_t:   157 | t: 3.928995 | r:  -507.000000 | e:   0.984300 | Q:        nan | won: False 
#   28 | steps:   286 | steps_t:   167 | t: 4.260555 | r:  -510.000000 | e:   0.983300 | Q: -278.683929 | won: False 
#   29 | steps:   305 | steps_t:   185 | t: 4.765391 | r:  -496.000000 | e:   0.981500 | Q:        nan | won: False 
#   30 | steps:   312 | steps_t:   191 | t: 4.919219 | r:  -506.000000 | e:   0.980900 | Q:        nan | won: False 
#   31 | steps:   324 | steps_t:   202 | t: 5.185177 | r:  -511.000000 | e:   0.979800 | Q: -249.969452 | won: False 
#   32 | steps:   337 | steps_t:   214 | t: 5.546695 | r:  -512.000000 | e:   0.978600 | Q:        nan | won: False 
#   33 | steps:   344 | steps_t:   220 | t: 5.731510 | r:  -506.000000 | e:   0.978000 | Q:        nan | won: False 
#   34 | steps:   352 | steps_t:   227 | t: 5.912895 | r:  -507.000000 | e:   0.977300 | Q:        nan | won: False 
#   35 | steps:   360 | steps_t:   234 | t: 6.082157 | r:  -507.000000 | e:   0.976600 | Q:        nan | won: False 
#   36 | steps:   366 | steps_t:   239 | t: 6.214765 | r:  -505.000000 | e:   0.976100 | Q:        nan | won: False 
#   37 | steps:   372 | steps_t:   244 | t: 6.359735 | r:  -505.000000 | e:   0.975600 | Q:        nan | won: False 
#   38 | steps:   388 | steps_t:   259 | t: 6.794548 | r:  -515.000000 | e:   0.974100 | Q:        nan | won: False 
#   39 | steps:   399 | steps_t:   269 | t: 7.022870 | r:  -510.000000 | e:   0.973100 | Q:        nan | won: False 
#   40 | steps:   405 | steps_t:   274 | t: 7.144102 | r:  -505.000000 | e:   0.972600 | Q:        nan | won: False 
#   41 | steps:   419 | steps_t:   287 | t: 7.453551 | r:  -513.000000 | e:   0.971300 | Q:        nan | won: False 
#   42 | steps:   430 | steps_t:   297 | t: 7.744419 | r:  -510.000000 | e:   0.970300 | Q: -326.770996 | won: False 
#   43 | steps:   438 | steps_t:   304 | t: 7.914576 | r:  -507.000000 | e:   0.969600 | Q:        nan | won: False 
#   44 | steps:   447 | steps_t:   312 | t: 8.105110 | r:  -508.000000 | e:   0.968800 | Q:        nan | won: False 
#   45 | steps:   455 | steps_t:   319 | t: 8.270890 | r:  -507.000000 | e:   0.968100 | Q:        nan | won: False 
#   46 | steps:   474 | steps_t:   337 | t: 8.776923 | r:  -518.000000 | e:   0.966300 | Q:        nan | won: False 
#   47 | steps:   483 | steps_t:   345 | t: 8.971191 | r:  -508.000000 | e:   0.965500 | Q: -273.695892 | won: False 
#   48 | steps:   490 | steps_t:   351 | t: 9.118135 | r:  -506.000000 | e:   0.964900 | Q:        nan | won: False 
#   49 | steps:   500 | steps_t:   360 | t: 9.351784 | r:  -509.000000 | e:   0.964000 | Q:        nan | won: False 
#   50 | steps:   507 | steps_t:   366 | t: 9.551397 | r:  -506.000000 | e:   0.963400 | Q: -253.482773 | won: False 
#   51 | steps:   526 | steps_t:   384 | t: 9.982497 | r:  -518.000000 | e:   0.961600 | Q: -247.447662 | won: False 
#   52 | steps:   536 | steps_t:   393 | t: 10.240648 | r:  -509.000000 | e:   0.960700 | Q:        nan | won: False 
#   53 | steps:   554 | steps_t:   410 | t: 10.705894 | r:  -517.000000 | e:   0.959000 | Q:        nan | won: False 
#   54 | steps:   561 | steps_t:   416 | t: 10.882970 | r:  -506.000000 | e:   0.958400 | Q:        nan | won: False 
#   55 | steps:   582 | steps_t:   436 | t: 11.435662 | r:  -520.000000 | e:   0.956400 | Q:        nan | won: False 
#   56 | steps:   597 | steps_t:   450 | t: 11.764422 | r:  -514.000000 | e:   0.955000 | Q: -330.625946 | won: False 
#   57 | steps:   606 | steps_t:   458 | t: 11.968241 | r:  -508.000000 | e:   0.954200 | Q: -323.447174 | won: False 
#   58 | steps:   618 | steps_t:   469 | t: 12.219806 | r:  -511.000000 | e:   0.953100 | Q:        nan | won: False 
#   59 | steps:   626 | steps_t:   476 | t: 12.388284 | r:  -507.000000 | e:   0.952400 | Q: -322.122894 | won: False 
#   60 | steps:   634 | steps_t:   483 | t: 12.581110 | r:  -507.000000 | e:   0.951700 | Q:        nan | won: False 
#   61 | steps:   642 | steps_t:   490 | t: 12.803668 | r:  -507.000000 | e:   0.951000 | Q: -305.821930 | won: False 
#   62 | steps:   649 | steps_t:   496 | t: 12.951561 | r:  -506.000000 | e:   0.950400 | Q:        nan | won: False 
#   63 | steps:   661 | steps_t:   507 | t: 13.276932 | r:  -511.000000 | e:   0.949300 | Q:        nan | won: False 
#   64 | steps:   669 | steps_t:   514 | t: 13.460306 | r:  -507.000000 | e:   0.948600 | Q:        nan | won: False 
#   65 | steps:   680 | steps_t:   524 | t: 13.770033 | r:  -510.000000 | e:   0.947600 | Q:        nan | won: False 
#   66 | steps:   695 | steps_t:   538 | t: 14.152819 | r:  -514.000000 | e:   0.946200 | Q: -302.877625 | won: False 
#   67 | steps:   713 | steps_t:   555 | t: 14.630899 | r:  -517.000000 | e:   0.944500 | Q: -294.021545 | won: False 
#   68 | steps:   723 | steps_t:   564 | t: 14.909075 | r:  -509.000000 | e:   0.943600 | Q:        nan | won: False 
#   69 | steps:   732 | steps_t:   572 | t: 15.132943 | r:  -508.000000 | e:   0.942800 | Q: -287.575745 | won: False 
#   70 | steps:   747 | steps_t:   586 | t: 15.491561 | r:  -514.000000 | e:   0.941400 | Q:        nan | won: False 
#   71 | steps:   757 | steps_t:   595 | t: 15.772460 | r:  -509.000000 | e:   0.940500 | Q:        nan | won: False 
#   72 | steps:   766 | steps_t:   603 | t: 16.023526 | r:  -508.000000 | e:   0.939700 | Q: -294.894073 | won: False 
#   73 | steps:   776 | steps_t:   612 | t: 16.309209 | r:  -509.000000 | e:   0.938800 | Q:        nan | won: False 
#   74 | steps:   792 | steps_t:   627 | t: 16.683168 | r:  -515.000000 | e:   0.937300 | Q: -307.007568 | won: False 
#   75 | steps:   800 | steps_t:   634 | t: 16.849642 | r:  -507.000000 | e:   0.936600 | Q: -298.355713 | won: False 
#   76 | steps:   806 | steps_t:   639 | t: 16.974935 | r:  -505.000000 | e:   0.936100 | Q:        nan | won: False 
#   77 | steps:   818 | steps_t:   650 | t: 17.282720 | r:  -511.000000 | e:   0.935000 | Q: -279.850983 | won: False 
#   78 | steps:   826 | steps_t:   657 | t: 17.484234 | r:  -507.000000 | e:   0.934300 | Q: -270.625427 | won: False 
#   79 | steps:   846 | steps_t:   676 | t: 18.010013 | r:  -519.000000 | e:   0.932400 | Q: -272.013184 | won: False 
#   80 | steps:   859 | steps_t:   688 | t: 18.271702 | r:  -512.000000 | e:   0.931200 | Q: -329.446991 | won: False 
#   81 | steps:   869 | steps_t:   697 | t: 18.477973 | r:  -509.000000 | e:   0.930300 | Q: -354.674713 | won: False 
#   82 | steps:   876 | steps_t:   703 | t: 18.640162 | r:  -506.000000 | e:   0.929700 | Q: -328.040283 | won: False 
#   83 | steps:   886 | steps_t:   712 | t: 18.847476 | r:  -509.000000 | e:   0.928800 | Q:        nan | won: False 
#   84 | steps:   894 | steps_t:   719 | t: 18.997562 | r:  -507.000000 | e:   0.928100 | Q:        nan | won: False 
#   85 | steps:   902 | steps_t:   726 | t: 19.150589 | r:  -507.000000 | e:   0.927400 | Q: -291.187561 | won: False 
#   86 | steps:   913 | steps_t:   736 | t: 19.404577 | r:  -510.000000 | e:   0.926400 | Q:        nan | won: False 
#   87 | steps:   920 | steps_t:   742 | t: 19.547786 | r:  -506.000000 | e:   0.925800 | Q: -295.752991 | won: False 
#   88 | steps:   932 | steps_t:   753 | t: 19.775501 | r:  -511.000000 | e:   0.924700 | Q: -287.824097 | won: False 
#   89 | steps:   944 | steps_t:   764 | t: 20.007050 | r:  -511.000000 | e:   0.923600 | Q:        nan | won: False 
#   90 | steps:   952 | steps_t:   771 | t: 20.156937 | r:  -507.000000 | e:   0.922900 | Q:        nan | won: False 
#   91 | steps:   960 | steps_t:   778 | t: 20.304636 | r:  -507.000000 | e:   0.922200 | Q:        nan | won: False 
#   92 | steps:   968 | steps_t:   785 | t: 20.451096 | r:  -507.000000 | e:   0.921500 | Q: -309.742676 | won: False 
#   93 | steps:   976 | steps_t:   792 | t: 20.602424 | r:  -507.000000 | e:   0.920800 | Q:        nan | won: False 
#   94 | steps:   985 | steps_t:   800 | t: 20.771686 | r:  -508.000000 | e:   0.920000 | Q:        nan | won: False 
#   95 | steps:   999 | steps_t:   813 | t: 21.045243 | r:  -513.000000 | e:   0.918700 | Q: -291.781281 | won: False 
#   96 | steps:  1009 | steps_t:   822 | t: 21.234053 | r:  -509.000000 | e:   0.917800 | Q: -278.506958 | won: False 
#   97 | steps:  1022 | steps_t:   834 | t: 21.480021 | r:  -512.000000 | e:   0.916600 | Q:        nan | won: False 
#   98 | steps:  1029 | steps_t:   840 | t: 21.608616 | r:  -506.000000 | e:   0.916000 | Q:        nan | won: False 
#   99 | steps:  1038 | steps_t:   848 | t: 21.774235 | r:  -508.000000 | e:   0.915200 | Q:        nan | won: False 
#  100 | steps:  1052 | steps_t:   861 | t: 22.048154 | r:  -513.000000 | e:   0.913900 | Q: -268.885132 | won: False 
#  101 | steps:  1070 | steps_t:   878 | t: 22.398968 | r:  -517.000000 | e:   0.912200 | Q: -274.624481 | won: False 
#  102 | steps:  1077 | steps_t:   884 | t: 22.523479 | r:  -506.000000 | e:   0.911600 | Q:        nan | won: False 
#  103 | steps:  1090 | steps_t:   896 | t: 22.765142 | r:  -512.000000 | e:   0.910400 | Q: -298.761597 | won: False 
#  104 | steps:  1100 | steps_t:   905 | t: 22.952043 | r:  -509.000000 | e:   0.909500 | Q: -337.338593 | won: False 
#  105 | steps:  1112 | steps_t:   916 | t: 23.181952 | r:  -511.000000 | e:   0.908400 | Q: -350.907990 | won: False 
#  106 | steps:  1121 | steps_t:   924 | t: 23.350995 | r:  -508.000000 | e:   0.907600 | Q:        nan | won: False 
#  107 | steps:  1134 | steps_t:   936 | t: 23.596071 | r:  -512.000000 | e:   0.906400 | Q: -333.719696 | won: False 
#  108 | steps:  1141 | steps_t:   942 | t: 23.723289 | r:  -506.000000 | e:   0.905800 | Q: -325.373260 | won: False 
#  109 | steps:  1148 | steps_t:   948 | t: 23.845478 | r:  -506.000000 | e:   0.905200 | Q:        nan | won: False 
#  110 | steps:  1158 | steps_t:   957 | t: 24.035407 | r:  -509.000000 | e:   0.904300 | Q: -333.410950 | won: False 
#  111 | steps:  1165 | steps_t:   963 | t: 24.159138 | r:  -506.000000 | e:   0.903700 | Q:        nan | won: False 
#  112 | steps:  1175 | steps_t:   972 | t: 24.342620 | r:  -509.000000 | e:   0.902800 | Q:        nan | won: False 
#  113 | steps:  1188 | steps_t:   984 | t: 24.611804 | r:  -512.000000 | e:   0.901600 | Q:        nan | won: False 
#  114 | steps:  1200 | steps_t:   995 | t: 24.866769 | r:  -511.000000 | e:   0.900500 | Q: -332.177826 | won: False 
#  115 | steps:  1218 | steps_t:  1012 | t: 25.231749 | r:  -506.000000 | e:   0.898800 | Q: -308.719025 | won: False 
#  116 | steps:  1227 | steps_t:  1020 | t: 25.407376 | r:  -508.000000 | e:   0.898000 | Q:        nan | won: False 
#  117 | steps:  1235 | steps_t:  1027 | t: 25.563178 | r:  -507.000000 | e:   0.897300 | Q:        nan | won: False 
#  118 | steps:  1249 | steps_t:  1040 | t: 25.847450 | r:  -513.000000 | e:   0.896000 | Q:        nan | won: False 
#  119 | steps:  1259 | steps_t:  1049 | t: 26.036348 | r:  -509.000000 | e:   0.895100 | Q: -304.402771 | won: False 
#  120 | steps:  1281 | steps_t:  1070 | t: 26.485545 | r:  -521.000000 | e:   0.893000 | Q: -321.727966 | won: False 
#  121 | steps:  1295 | steps_t:  1083 | t: 26.754947 | r:  -513.000000 | e:   0.891700 | Q: -325.569336 | won: False 
#  122 | steps:  1303 | steps_t:  1090 | t: 26.923495 | r:  -507.000000 | e:   0.891000 | Q: -337.269653 | won: False 
#  123 | steps:  1313 | steps_t:  1099 | t: 27.112437 | r:  -509.000000 | e:   0.890100 | Q:        nan | won: False 
#  124 | steps:  1327 | steps_t:  1112 | t: 27.397805 | r:  -513.000000 | e:   0.888800 | Q: -320.189362 | won: False 
#  125 | steps:  1347 | steps_t:  1131 | t: 27.783790 | r:  -519.000000 | e:   0.886900 | Q: -304.313660 | won: False 
#  126 | steps:  1354 | steps_t:  1137 | t: 27.919172 | r:  -506.000000 | e:   0.886300 | Q: -300.283386 | won: False 
#  127 | steps:  1361 | steps_t:  1143 | t: 28.053179 | r:  -506.000000 | e:   0.885700 | Q: -304.351898 | won: False 
#  128 | steps:  1373 | steps_t:  1154 | t: 28.329512 | r:  -500.000000 | e:   0.884600 | Q: -321.736237 | won: False 
#  129 | steps:  1387 | steps_t:  1167 | t: 28.631003 | r:  -513.000000 | e:   0.883300 | Q: -340.078064 | won: False 
#  130 | steps:  1399 | steps_t:  1178 | t: 28.873468 | r:  -511.000000 | e:   0.882200 | Q: -327.691864 | won: False 
#  131 | steps:  1405 | steps_t:  1183 | t: 28.979672 | r:  -505.000000 | e:   0.881700 | Q:        nan | won: False 
#  132 | steps:  1414 | steps_t:  1191 | t: 29.154433 | r:  -508.000000 | e:   0.880900 | Q: -327.205627 | won: False 
#  133 | steps:  1421 | steps_t:  1197 | t: 29.316879 | r:  -506.000000 | e:   0.880300 | Q:        nan | won: False 
#  134 | steps:  1431 | steps_t:  1206 | t: 29.526110 | r:  -509.000000 | e:   0.879400 | Q:        nan | won: False 
#  135 | steps:  1438 | steps_t:  1212 | t: 29.662403 | r:  -506.000000 | e:   0.878800 | Q:        nan | won: False 
#  136 | steps:  1453 | steps_t:  1226 | t: 29.964263 | r:  -514.000000 | e:   0.877400 | Q: -314.667725 | won: False 
#  137 | steps:  1470 | steps_t:  1242 | t: 30.357505 | r:  -505.000000 | e:   0.875800 | Q: -315.581177 | won: False 
#  138 | steps:  1479 | steps_t:  1250 | t: 30.529304 | r:  -508.000000 | e:   0.875000 | Q:        nan | won: False 
#  139 | steps:  1489 | steps_t:  1259 | t: 30.718132 | r:  -509.000000 | e:   0.874100 | Q: -313.726166 | won: False 
#  140 | steps:  1504 | steps_t:  1273 | t: 31.022959 | r:  -514.000000 | e:   0.872700 | Q: -308.802704 | won: False 
#  141 | steps:  1515 | steps_t:  1283 | t: 31.246252 | r:  -510.000000 | e:   0.871700 | Q: -331.319244 | won: False 
#  142 | steps:  1535 | steps_t:  1302 | t: 31.648411 | r:  -519.000000 | e:   0.869800 | Q: -327.737000 | won: False 
#  143 | steps:  1546 | steps_t:  1312 | t: 31.860937 | r:  -510.000000 | e:   0.868800 | Q:        nan | won: False 
#  144 | steps:  1558 | steps_t:  1323 | t: 32.090047 | r:  -511.000000 | e:   0.867700 | Q:        nan | won: False 
#  145 | steps:  1579 | steps_t:  1343 | t: 32.506986 | r:  -520.000000 | e:   0.865700 | Q: -318.182007 | won: False 
#  146 | steps:  1594 | steps_t:  1357 | t: 32.805951 | r:  -503.000000 | e:   0.864300 | Q: -273.418365 | won: False 
#  147 | steps:  1601 | steps_t:  1363 | t: 32.935567 | r:  -506.000000 | e:   0.863700 | Q:        nan | won: False 
#  148 | steps:  1616 | steps_t:  1377 | t: 33.224835 | r:  -514.000000 | e:   0.862300 | Q:        nan | won: False 
#  149 | steps:  1623 | steps_t:  1383 | t: 33.359179 | r:  -506.000000 | e:   0.861700 | Q: -303.034119 | won: False 
#  150 | steps:  1632 | steps_t:  1391 | t: 33.536721 | r:  -508.000000 | e:   0.860900 | Q: -295.379425 | won: False 
#  151 | steps:  1640 | steps_t:  1398 | t: 33.698685 | r:  -507.000000 | e:   0.860200 | Q: -317.626495 | won: False 
#  152 | steps:  1649 | steps_t:  1406 | t: 33.867358 | r:  -508.000000 | e:   0.859400 | Q: -333.168335 | won: False 
#  153 | steps:  1669 | steps_t:  1425 | t: 34.381355 | r:  -508.000000 | e:   0.857500 | Q: -321.920502 | won: False 
#  154 | steps:  1683 | steps_t:  1438 | t: 34.708973 | r:  -513.000000 | e:   0.856200 | Q: -322.166687 | won: False 
#  155 | steps:  1692 | steps_t:  1446 | t: 34.949141 | r:  -508.000000 | e:   0.855400 | Q: -317.811218 | won: False 
#  156 | steps:  1697 | steps_t:  1450 | t: 35.081065 | r:  -504.000000 | e:   0.855000 | Q:        nan | won: False 
#  157 | steps:  1720 | steps_t:  1472 | t: 35.637982 | r:  -522.000000 | e:   0.852800 | Q: -320.344757 | won: False 
#  158 | steps:  1733 | steps_t:  1484 | t: 35.929589 | r:  -512.000000 | e:   0.851600 | Q: -308.294952 | won: False 
#  159 | steps:  1752 | steps_t:  1502 | t: 36.452698 | r:  -507.000000 | e:   0.849800 | Q: -300.567444 | won: False 
#  160 | steps:  1773 | steps_t:  1522 | t: 36.987496 | r:  -520.000000 | e:   0.847800 | Q: -273.791382 | won: False 
#  161 | steps:  1779 | steps_t:  1527 | t: 37.152381 | r:  -505.000000 | e:   0.847300 | Q: -276.403961 | won: False 
#  162 | steps:  1796 | steps_t:  1543 | t: 37.538862 | r:  -516.000000 | e:   0.845700 | Q: -327.420471 | won: False 
#  163 | steps:  1801 | steps_t:  1547 | t: 37.641486 | r:  -504.000000 | e:   0.845300 | Q: -328.989471 | won: False 
#  164 | steps:  1808 | steps_t:  1553 | t: 37.781897 | r:  -506.000000 | e:   0.844700 | Q: -323.129639 | won: False 
#  165 | steps:  1815 | steps_t:  1559 | t: 37.929078 | r:  -506.000000 | e:   0.844100 | Q:        nan | won: False 
#  166 | steps:  1821 | steps_t:  1564 | t: 38.090470 | r:  -505.000000 | e:   0.843600 | Q:        nan | won: False 
#  167 | steps:  1836 | steps_t:  1578 | t: 38.511856 | r:  -514.000000 | e:   0.842200 | Q: -313.626404 | won: False 
#  168 | steps:  1845 | steps_t:  1586 | t: 38.750149 | r:  -508.000000 | e:   0.841400 | Q: -310.150299 | won: False 
#  169 | steps:  1855 | steps_t:  1595 | t: 39.016559 | r:  -509.000000 | e:   0.840500 | Q:        nan | won: False 
#  170 | steps:  1865 | steps_t:  1604 | t: 39.256438 | r:  -509.000000 | e:   0.839600 | Q: -300.686157 | won: False 
#  171 | steps:  1908 | steps_t:  1646 | t: 40.335801 | r:  -531.000000 | e:   0.835400 | Q: -294.389984 | won: False 
#  172 | steps:  1918 | steps_t:  1655 | t: 40.560805 | r:  -509.000000 | e:   0.834500 | Q: -325.961975 | won: False 
#  173 | steps:  1927 | steps_t:  1663 | t: 40.752265 | r:  -508.000000 | e:   0.833700 | Q: -326.462280 | won: False 
#  174 | steps:  1936 | steps_t:  1671 | t: 40.940276 | r:  -508.000000 | e:   0.832900 | Q: -301.388550 | won: False 
#  175 | steps:  1944 | steps_t:  1678 | t: 41.112327 | r:  -507.000000 | e:   0.832200 | Q:        nan | won: False 
#  176 | steps:  1958 | steps_t:  1691 | t: 41.462660 | r:  -502.000000 | e:   0.830900 | Q: -298.943481 | won: False 
#  177 | steps:  1975 | steps_t:  1707 | t: 41.937599 | r:  -516.000000 | e:   0.829300 | Q: -308.219391 | won: False 
#  178 | steps:  1983 | steps_t:  1714 | t: 42.121561 | r:  -507.000000 | e:   0.828600 | Q: -313.234863 | won: False 
#  179 | steps:  1994 | steps_t:  1724 | t: 42.357162 | r:  -510.000000 | e:   0.827600 | Q: -295.781860 | won: False 
#  180 | steps:  2004 | steps_t:  1733 | t: 42.638900 | r:  -509.000000 | e:   0.826700 | Q: -273.612915 | won: False 
#  181 | steps:  2019 | steps_t:  1747 | t: 43.013815 | r:  -503.000000 | e:   0.825300 | Q: -265.795624 | won: False 
#  182 | steps:  2033 | steps_t:  1760 | t: 43.350654 | r:  -491.000000 | e:   0.824000 | Q: -291.603882 | won: False 
#  183 | steps:  2048 | steps_t:  1774 | t: 43.705028 | r:  -514.000000 | e:   0.822600 | Q: -307.303436 | won: False 
#  184 | steps:  2060 | steps_t:  1785 | t: 43.968715 | r:  -511.000000 | e:   0.821500 | Q: -320.317566 | won: False 
#  185 | steps:  2075 | steps_t:  1799 | t: 44.388906 | r:  -503.000000 | e:   0.820100 | Q: -307.500610 | won: False 
#  186 | steps:  2080 | steps_t:  1803 | t: 44.486695 | r:  -504.000000 | e:   0.819700 | Q: -302.934906 | won: False 
#  187 | steps:  2100 | steps_t:  1822 | t: 44.913947 | r:  -519.000000 | e:   0.817800 | Q: -309.648499 | won: False 
#  188 | steps:  2109 | steps_t:  1830 | t: 45.127629 | r:  -508.000000 | e:   0.817000 | Q: -291.702484 | won: False 
#  189 | steps:  2117 | steps_t:  1837 | t: 45.296305 | r:  -507.000000 | e:   0.816300 | Q:        nan | won: False 
#  190 | steps:  2124 | steps_t:  1843 | t: 45.454077 | r:  -506.000000 | e:   0.815700 | Q: -319.847351 | won: False 
#  191 | steps:  2138 | steps_t:  1856 | t: 45.883090 | r:  -513.000000 | e:   0.814400 | Q: -319.305847 | won: False 
#  192 | steps:  2156 | steps_t:  1873 | t: 46.323946 | r:  -506.000000 | e:   0.812700 | Q: -310.791992 | won: False 
#  193 | steps:  2166 | steps_t:  1882 | t: 46.597246 | r:  -509.000000 | e:   0.811800 | Q: -327.182220 | won: False 
#  194 | steps:  2173 | steps_t:  1888 | t: 46.799300 | r:  -506.000000 | e:   0.811200 | Q: -325.182373 | won: False 
#  195 | steps:  2178 | steps_t:  1892 | t: 46.903680 | r:  -504.000000 | e:   0.810800 | Q: -323.599640 | won: False 
#  196 | steps:  2194 | steps_t:  1907 | t: 47.403712 | r:  -504.000000 | e:   0.809300 | Q: -277.599548 | won: False 
#  197 | steps:  2212 | steps_t:  1924 | t: 47.903791 | r:  -517.000000 | e:   0.807600 | Q: -281.799744 | won: False 
#  198 | steps:  2218 | steps_t:  1929 | t: 48.065562 | r:  -505.000000 | e:   0.807100 | Q: -314.535980 | won: False 
#  199 | steps:  2224 | steps_t:  1934 | t: 48.193237 | r:  -505.000000 | e:   0.806600 | Q: -287.650177 | won: False 
#  200 | steps:  2232 | steps_t:  1941 | t: 48.392545 | r:  -507.000000 | e:   0.805900 | Q: -300.843994 | won: False 
#  201 | steps:  2243 | steps_t:  1951 | t: 48.731282 | r:  -510.000000 | e:   0.804900 | Q: -324.726257 | won: False 
#  202 | steps:  2265 | steps_t:  1972 | t: 49.261436 | r:  -521.000000 | e:   0.802800 | Q: -320.201599 | won: False 
#  203 | steps:  2275 | steps_t:  1981 | t: 49.462976 | r:  -509.000000 | e:   0.801900 | Q: -300.846313 | won: False 
#  204 | steps:  2281 | steps_t:  1986 | t: 49.592270 | r:  -505.000000 | e:   0.801400 | Q:        nan | won: False 
#  205 | steps:  2289 | steps_t:  1993 | t: 49.805515 | r:  -507.000000 | e:   0.800700 | Q: -304.421509 | won: False 
#  206 | steps:  2309 | steps_t:  2012 | t: 50.305016 | r:  -519.000000 | e:   0.798800 | Q: -287.864105 | won: False 
#  207 | steps:  2319 | steps_t:  2021 | t: 50.600757 | r:  -509.000000 | e:   0.797900 | Q: -282.179138 | won: False 
#  208 | steps:  2325 | steps_t:  2026 | t: 50.738104 | r:  -505.000000 | e:   0.797400 | Q: -300.652832 | won: False 
#  209 | steps:  2336 | steps_t:  2036 | t: 50.984284 | r:  -510.000000 | e:   0.796400 | Q: -333.032501 | won: False 
#  210 | steps:  2343 | steps_t:  2042 | t: 51.166784 | r:  -506.000000 | e:   0.795800 | Q: -350.689117 | won: False 
#  211 | steps:  2352 | steps_t:  2050 | t: 51.380326 | r:  -508.000000 | e:   0.795000 | Q: -279.261047 | won: False 
#  212 | steps:  2362 | steps_t:  2059 | t: 51.602701 | r:  -509.000000 | e:   0.794100 | Q: -340.927948 | won: False 
#  213 | steps:  2368 | steps_t:  2064 | t: 51.718310 | r:  -505.000000 | e:   0.793600 | Q:        nan | won: False 
#  214 | steps:  2376 | steps_t:  2071 | t: 51.901361 | r:  -507.000000 | e:   0.792900 | Q: -290.057770 | won: False 
#  215 | steps:  2384 | steps_t:  2078 | t: 52.076525 | r:  -507.000000 | e:   0.792200 | Q: -299.635742 | won: False 
#  216 | steps:  2392 | steps_t:  2085 | t: 52.239867 | r:  -507.000000 | e:   0.791500 | Q: -289.617981 | won: False 
#  217 | steps:  2401 | steps_t:  2093 | t: 52.424390 | r:  -508.000000 | e:   0.790700 | Q: -379.172882 | won: False 
#  218 | steps:  2413 | steps_t:  2104 | t: 52.706704 | r:  -511.000000 | e:   0.789600 | Q: -301.334320 | won: False 
#  219 | steps:  2431 | steps_t:  2121 | t: 53.136055 | r:  -517.000000 | e:   0.787900 | Q: -302.379700 | won: False 
#  220 | steps:  2452 | steps_t:  2141 | t: 53.650870 | r:  -520.000000 | e:   0.785900 | Q: -313.297760 | won: False 
#  221 | steps:  2461 | steps_t:  2149 | t: 53.878268 | r:  -508.000000 | e:   0.785100 | Q: -382.589539 | won: False 
#  222 | steps:  2489 | steps_t:  2176 | t: 54.663792 | r:  -527.000000 | e:   0.782400 | Q: -309.128296 | won: False 
#  223 | steps:  2501 | steps_t:  2187 | t: 54.996199 | r:  -511.000000 | e:   0.781300 | Q: -297.146118 | won: False 
#  224 | steps:  2510 | steps_t:  2195 | t: 55.210913 | r:  -508.000000 | e:   0.780500 | Q: -328.429413 | won: False 
#  225 | steps:  2525 | steps_t:  2209 | t: 55.557570 | r:  -514.000000 | e:   0.779100 | Q: -302.535156 | won: False 
#  226 | steps:  2534 | steps_t:  2217 | t: 55.801407 | r:  -508.000000 | e:   0.778300 | Q: -311.304535 | won: False 
#  227 | steps:  2540 | steps_t:  2222 | t: 56.000289 | r:  -505.000000 | e:   0.777800 | Q: -332.983856 | won: False 
#  228 | steps:  2555 | steps_t:  2236 | t: 56.558366 | r:  -503.000000 | e:   0.776400 | Q: -406.796753 | won: False 
#  229 | steps:  2562 | steps_t:  2242 | t: 56.733286 | r:  -506.000000 | e:   0.775800 | Q: -337.859619 | won: False 
#  230 | steps:  2570 | steps_t:  2249 | t: 56.926306 | r:  -507.000000 | e:   0.775100 | Q:        nan | won: False 
#  231 | steps:  2581 | steps_t:  2259 | t: 57.188388 | r:  -510.000000 | e:   0.774100 | Q: -317.361145 | won: False 
#  232 | steps:  2598 | steps_t:  2275 | t: 57.580366 | r:  -505.000000 | e:   0.772500 | Q: -307.146698 | won: False 
#  233 | steps:  2606 | steps_t:  2282 | t: 57.754497 | r:  -507.000000 | e:   0.771800 | Q: -303.454987 | won: False 
#  234 | steps:  2613 | steps_t:  2288 | t: 57.947226 | r:  -506.000000 | e:   0.771200 | Q: -318.205780 | won: False 
#  235 | steps:  2621 | steps_t:  2295 | t: 58.146429 | r:  -507.000000 | e:   0.770500 | Q: -439.977692 | won: False 
#  236 | steps:  2640 | steps_t:  2313 | t: 58.582968 | r:  -518.000000 | e:   0.768700 | Q: -321.438538 | won: False 
#  237 | steps:  2670 | steps_t:  2342 | t: 59.274784 | r:  -518.000000 | e:   0.765800 | Q: -386.980957 | won: False 
#  238 | steps:  2680 | steps_t:  2351 | t: 59.488425 | r:  -509.000000 | e:   0.764900 | Q: -357.489807 | won: False 
#  239 | steps:  2695 | steps_t:  2365 | t: 59.845942 | r:  -514.000000 | e:   0.763500 | Q: -266.943115 | won: False 
#  240 | steps:  2714 | steps_t:  2383 | t: 60.310846 | r:  -518.000000 | e:   0.761700 | Q: -271.977264 | won: False 
#  241 | steps:  2726 | steps_t:  2394 | t: 60.592626 | r:  -511.000000 | e:   0.760600 | Q: -320.579071 | won: False 
#  242 | steps:  2734 | steps_t:  2401 | t: 60.759367 | r:  -507.000000 | e:   0.759900 | Q:        nan | won: False 
#  243 | steps:  2740 | steps_t:  2406 | t: 60.892269 | r:  -505.000000 | e:   0.759400 | Q: -386.833771 | won: False 
#  244 | steps:  2746 | steps_t:  2411 | t: 61.039339 | r:  -505.000000 | e:   0.758900 | Q: -316.981964 | won: False 
#  245 | steps:  2764 | steps_t:  2428 | t: 61.485318 | r:  -506.000000 | e:   0.757200 | Q: -306.219574 | won: False 
#  246 | steps:  2781 | steps_t:  2444 | t: 61.864496 | r:  -505.000000 | e:   0.755600 | Q: -296.491272 | won: False 
#  247 | steps:  2797 | steps_t:  2459 | t: 62.239284 | r:  -504.000000 | e:   0.754100 | Q: -302.788727 | won: False 
#  248 | steps:  2810 | steps_t:  2471 | t: 62.509558 | r:  -512.000000 | e:   0.752900 | Q: -328.443115 | won: False 
#  249 | steps:  2817 | steps_t:  2477 | t: 62.670810 | r:  -506.000000 | e:   0.752300 | Q: -313.145050 | won: False 
#  250 | steps:  2824 | steps_t:  2483 | t: 62.845305 | r:  -506.000000 | e:   0.751700 | Q: -310.249176 | won: False 
#  251 | steps:  2833 | steps_t:  2491 | t: 63.059533 | r:  -508.000000 | e:   0.750900 | Q: -302.308228 | won: False 
#  252 | steps:  2840 | steps_t:  2497 | t: 63.187254 | r:  -506.000000 | e:   0.750300 | Q:        nan | won: False 
#  253 | steps:  2848 | steps_t:  2504 | t: 63.357872 | r:  -507.000000 | e:   0.749600 | Q: -305.667328 | won: False 
#  254 | steps:  2868 | steps_t:  2523 | t: 64.031518 | r:  -519.000000 | e:   0.747700 | Q: -377.743042 | won: False 
#  255 | steps:  2886 | steps_t:  2540 | t: 64.530036 | r:  -517.000000 | e:   0.746000 | Q: -295.002472 | won: False 
#  256 | steps:  2894 | steps_t:  2547 | t: 64.748212 | r:  -507.000000 | e:   0.745300 | Q: -438.215240 | won: False 
#  257 | steps:  2901 | steps_t:  2553 | t: 64.896508 | r:  -506.000000 | e:   0.744700 | Q: -305.921661 | won: False 
#  258 | steps:  2920 | steps_t:  2571 | t: 65.382351 | r:  -518.000000 | e:   0.742900 | Q: -295.843628 | won: False 
#  259 | steps:  2941 | steps_t:  2591 | t: 65.814053 | r:  -520.000000 | e:   0.740900 | Q: -289.407410 | won: False 
#  260 | steps:  2946 | steps_t:  2595 | t: 65.905994 | r:  -504.000000 | e:   0.740500 | Q: -324.753082 | won: False 
#  261 | steps:  2956 | steps_t:  2604 | t: 66.113158 | r:  -509.000000 | e:   0.739600 | Q:        nan | won: False 
#  262 | steps:  2962 | steps_t:  2609 | t: 66.231202 | r:  -505.000000 | e:   0.739100 | Q: -417.723907 | won: False 
#  263 | steps:  2976 | steps_t:  2622 | t: 66.621908 | r:  -513.000000 | e:   0.737800 | Q: -344.436432 | won: False 
#  264 | steps:  2995 | steps_t:  2640 | t: 67.054164 | r:  -518.000000 | e:   0.736000 | Q: -273.153137 | won: False 
#  265 | steps:  3002 | steps_t:  2646 | t: 67.242897 | r:  -506.000000 | e:   0.735400 | Q: -278.731171 | won: False 
#  266 | steps:  3020 | steps_t:  2663 | t: 67.627747 | r:  -517.000000 | e:   0.733700 | Q: -272.464417 | won: False 
#  267 | steps:  3028 | steps_t:  2670 | t: 67.807983 | r:  -507.000000 | e:   0.733000 | Q: -275.648163 | won: False 
#  268 | steps:  3036 | steps_t:  2677 | t: 67.965431 | r:  -507.000000 | e:   0.732300 | Q: -295.090332 | won: False 
#  269 | steps:  3047 | steps_t:  2687 | t: 68.174923 | r:  -510.000000 | e:   0.731300 | Q: -408.541870 | won: False 
#  270 | steps:  3056 | steps_t:  2695 | t: 68.414940 | r:  -508.000000 | e:   0.730500 | Q:        nan | won: False 
#  271 | steps:  3066 | steps_t:  2704 | t: 68.680658 | r:  -509.000000 | e:   0.729600 | Q: -301.113495 | won: False 
#  272 | steps:  3074 | steps_t:  2711 | t: 68.889103 | r:  -507.000000 | e:   0.728900 | Q:        nan | won: False 
#  273 | steps:  3082 | steps_t:  2718 | t: 69.056636 | r:  -507.000000 | e:   0.728200 | Q: -329.266205 | won: False 
#  274 | steps:  3102 | steps_t:  2737 | t: 69.555655 | r:  -519.000000 | e:   0.726300 | Q: -294.159821 | won: False 
#  275 | steps:  3110 | steps_t:  2744 | t: 69.714281 | r:  -507.000000 | e:   0.725600 | Q: -314.975677 | won: False 
#  276 | steps:  3124 | steps_t:  2757 | t: 70.048326 | r:  -513.000000 | e:   0.724300 | Q: -320.347412 | won: False 
#  277 | steps:  3138 | steps_t:  2770 | t: 70.342932 | r:  -513.000000 | e:   0.723000 | Q: -319.387299 | won: False 
#  278 | steps:  3150 | steps_t:  2781 | t: 70.600885 | r:  -511.000000 | e:   0.721900 | Q: -433.983002 | won: False 
#  279 | steps:  3157 | steps_t:  2787 | t: 70.742178 | r:  -506.000000 | e:   0.721300 | Q: -303.493988 | won: False 
#  280 | steps:  3166 | steps_t:  2795 | t: 70.924649 | r:  -508.000000 | e:   0.720500 | Q: -300.570892 | won: False 
#  281 | steps:  3180 | steps_t:  2808 | t: 71.234013 | r:  -513.000000 | e:   0.719200 | Q: -436.095398 | won: False 
#  282 | steps:  3198 | steps_t:  2825 | t: 71.596189 | r:  -517.000000 | e:   0.717500 | Q: -304.531921 | won: False 
#  283 | steps:  3210 | steps_t:  2836 | t: 71.867005 | r:  -511.000000 | e:   0.716400 | Q: -337.847961 | won: False 
#  284 | steps:  3220 | steps_t:  2845 | t: 72.067293 | r:  -509.000000 | e:   0.715500 | Q: -414.619202 | won: False 
#  285 | steps:  3228 | steps_t:  2852 | t: 72.231537 | r:  -507.000000 | e:   0.714800 | Q: -295.939911 | won: False 
#  286 | steps:  3245 | steps_t:  2868 | t: 72.596740 | r:  -516.000000 | e:   0.713200 | Q: -299.406891 | won: False 
#  287 | steps:  3263 | steps_t:  2885 | t: 72.972849 | r:  -517.000000 | e:   0.711500 | Q: -281.704376 | won: False 
#  288 | steps:  3272 | steps_t:  2893 | t: 73.187722 | r:  -508.000000 | e:   0.710700 | Q: -358.155731 | won: False 
#  289 | steps:  3301 | steps_t:  2921 | t: 73.817930 | r:  -528.000000 | e:   0.707900 | Q: -299.793182 | won: False 
#  290 | steps:  3314 | steps_t:  2933 | t: 74.079486 | r:  -512.000000 | e:   0.706700 | Q: -299.951752 | won: False 
#  291 | steps:  3323 | steps_t:  2941 | t: 74.269849 | r:  -508.000000 | e:   0.705900 | Q: -432.657135 | won: False 
#  292 | steps:  3344 | steps_t:  2961 | t: 74.734226 | r:  -520.000000 | e:   0.703900 | Q: -277.397278 | won: False 
#  293 | steps:  3360 | steps_t:  2976 | t: 75.069105 | r:  -504.000000 | e:   0.702400 | Q: -288.699982 | won: False 
#  294 | steps:  3368 | steps_t:  2983 | t: 75.230445 | r:  -507.000000 | e:   0.701700 | Q: -281.093079 | won: False 
#  295 | steps:  3380 | steps_t:  2994 | t: 75.462843 | r:  -511.000000 | e:   0.700600 | Q: -301.897980 | won: False 
#  296 | steps:  3408 | steps_t:  3021 | t: 76.040402 | r:  -527.000000 | e:   0.697900 | Q: -277.862823 | won: False 
#  297 | steps:  3417 | steps_t:  3029 | t: 76.234689 | r:  -508.000000 | e:   0.697100 | Q: -436.336365 | won: False 
#  298 | steps:  3428 | steps_t:  3039 | t: 76.458783 | r:  -510.000000 | e:   0.696100 | Q:        nan | won: False 
#  299 | steps:  3435 | steps_t:  3045 | t: 76.596666 | r:  -506.000000 | e:   0.695500 | Q: -318.587311 | won: False 
#  300 | steps:  3446 | steps_t:  3055 | t: 76.822715 | r:  -510.000000 | e:   0.694500 | Q: -291.400024 | won: False 
#  301 | steps:  3455 | steps_t:  3063 | t: 77.011010 | r:  -508.000000 | e:   0.693700 | Q: -339.212891 | won: False 
#  302 | steps:  3469 | steps_t:  3076 | t: 77.295001 | r:  -513.000000 | e:   0.692400 | Q: -283.458099 | won: False 
#  303 | steps:  3474 | steps_t:  3080 | t: 77.388657 | r:  -504.000000 | e:   0.692000 | Q: -382.689697 | won: False 
#  304 | steps:  3479 | steps_t:  3084 | t: 77.482173 | r:  -504.000000 | e:   0.691600 | Q: -344.812469 | won: False 
#  305 | steps:  3497 | steps_t:  3101 | t: 77.840579 | r:  -517.000000 | e:   0.689900 | Q: -270.600677 | won: False 
#  306 | steps:  3509 | steps_t:  3112 | t: 78.082723 | r:  -511.000000 | e:   0.688800 | Q: -278.411987 | won: False 
#  307 | steps:  3519 | steps_t:  3121 | t: 78.284961 | r:  -509.000000 | e:   0.687900 | Q: -296.690430 | won: False 
#  308 | steps:  3528 | steps_t:  3129 | t: 78.459528 | r:  -508.000000 | e:   0.687100 | Q: -295.906067 | won: False 
#  309 | steps:  3536 | steps_t:  3136 | t: 78.613690 | r:  -507.000000 | e:   0.686400 | Q: -292.670807 | won: False 
#  310 | steps:  3545 | steps_t:  3144 | t: 78.783162 | r:  -508.000000 | e:   0.685600 | Q: -348.782043 | won: False 
#  311 | steps:  3553 | steps_t:  3151 | t: 78.929109 | r:  -507.000000 | e:   0.684900 | Q:        nan | won: False 
#  312 | steps:  3564 | steps_t:  3161 | t: 79.143150 | r:  -510.000000 | e:   0.683900 | Q: -435.654419 | won: False 
#  313 | steps:  3575 | steps_t:  3171 | t: 79.383406 | r:  -510.000000 | e:   0.682900 | Q: -294.641815 | won: False 
#  314 | steps:  3586 | steps_t:  3181 | t: 79.609155 | r:  -510.000000 | e:   0.681900 | Q: -306.705261 | won: False 
#  315 | steps:  3600 | steps_t:  3194 | t: 79.894594 | r:  -513.000000 | e:   0.680600 | Q: -311.345886 | won: False 
#  316 | steps:  3613 | steps_t:  3206 | t: 80.184887 | r:  -512.000000 | e:   0.679400 | Q: -368.467041 | won: False 
#  317 | steps:  3621 | steps_t:  3213 | t: 80.359450 | r:  -507.000000 | e:   0.678700 | Q:        nan | won: False 
#  318 | steps:  3631 | steps_t:  3222 | t: 80.593063 | r:  -509.000000 | e:   0.677800 | Q: -261.741943 | won: False 
#  319 | steps:  3639 | steps_t:  3229 | t: 80.803644 | r:  -507.000000 | e:   0.677100 | Q: -271.237122 | won: False 
#  320 | steps:  3653 | steps_t:  3242 | t: 81.097711 | r:  -513.000000 | e:   0.675800 | Q: -274.280060 | won: False 
#  321 | steps:  3663 | steps_t:  3251 | t: 81.303489 | r:  -509.000000 | e:   0.674900 | Q: -411.289337 | won: False 
#  322 | steps:  3670 | steps_t:  3257 | t: 81.448759 | r:  -506.000000 | e:   0.674300 | Q: -310.256134 | won: False 
#  323 | steps:  3682 | steps_t:  3268 | t: 81.689149 | r:  -511.000000 | e:   0.673200 | Q: -417.189087 | won: False 
#  324 | steps:  3695 | steps_t:  3280 | t: 81.947739 | r:  -512.000000 | e:   0.672000 | Q: -277.312561 | won: False 
#  325 | steps:  3717 | steps_t:  3301 | t: 82.391312 | r:  -510.000000 | e:   0.669900 | Q: -332.088196 | won: False 
#  326 | steps:  3725 | steps_t:  3308 | t: 82.546212 | r:  -507.000000 | e:   0.669200 | Q: -253.310638 | won: False 
#  327 | steps:  3733 | steps_t:  3315 | t: 82.726047 | r:  -507.000000 | e:   0.668500 | Q: -262.317688 | won: False 
#  328 | steps:  3740 | steps_t:  3321 | t: 82.879723 | r:  -506.000000 | e:   0.667900 | Q: -369.030945 | won: False 
#  329 | steps:  3750 | steps_t:  3330 | t: 83.098177 | r:  -509.000000 | e:   0.667000 | Q: -385.325409 | won: False 
#  330 | steps:  3757 | steps_t:  3336 | t: 83.236161 | r:  -506.000000 | e:   0.666400 | Q: -435.554169 | won: False 
#  331 | steps:  3776 | steps_t:  3354 | t: 83.628250 | r:  -518.000000 | e:   0.664600 | Q: -295.074921 | won: False 
#  332 | steps:  3789 | steps_t:  3366 | t: 83.883885 | r:  -512.000000 | e:   0.663400 | Q: -295.059021 | won: False 
#  333 | steps:  3799 | steps_t:  3375 | t: 84.102309 | r:  -509.000000 | e:   0.662500 | Q: -430.737457 | won: False 
#  334 | steps:  3809 | steps_t:  3384 | t: 84.305231 | r:  -509.000000 | e:   0.661600 | Q: -297.183807 | won: False 
#  335 | steps:  3818 | steps_t:  3392 | t: 84.498570 | r:  -508.000000 | e:   0.660800 | Q: -300.404938 | won: False 
#  336 | steps:  3837 | steps_t:  3410 | t: 84.897167 | r:  -507.000000 | e:   0.659000 | Q: -279.404907 | won: False 
#  337 | steps:  3846 | steps_t:  3418 | t: 85.076218 | r:  -508.000000 | e:   0.658200 | Q: -294.183075 | won: False 
#  338 | steps:  3856 | steps_t:  3427 | t: 85.275160 | r:  -509.000000 | e:   0.657300 | Q: -410.286133 | won: False 
#  339 | steps:  3865 | steps_t:  3435 | t: 85.441082 | r:  -508.000000 | e:   0.656500 | Q:        nan | won: False 
#  340 | steps:  3910 | steps_t:  3479 | t: 86.374804 | r:  -544.000000 | e:   0.652100 | Q: -282.100403 | won: False 
#  341 | steps:  3917 | steps_t:  3485 | t: 86.517622 | r:  -506.000000 | e:   0.651500 | Q: -253.019745 | won: False 
#  342 | steps:  3924 | steps_t:  3491 | t: 86.651138 | r:  -506.000000 | e:   0.650900 | Q: -319.734741 | won: False 
#  343 | steps:  3932 | steps_t:  3498 | t: 86.807367 | r:  -507.000000 | e:   0.650200 | Q: -288.553589 | won: False 
#  344 | steps:  3946 | steps_t:  3511 | t: 87.106506 | r:  -513.000000 | e:   0.648900 | Q: -287.274902 | won: False 
#  345 | steps:  3953 | steps_t:  3517 | t: 87.235365 | r:  -506.000000 | e:   0.648300 | Q: -288.828369 | won: False 
#  346 | steps:  3961 | steps_t:  3524 | t: 87.384541 | r:  -507.000000 | e:   0.647600 | Q: -344.402985 | won: False 
#  347 | steps:  3970 | steps_t:  3532 | t: 87.561603 | r:  -508.000000 | e:   0.646800 | Q: -299.099518 | won: False 
#  348 | steps:  3985 | steps_t:  3546 | t: 87.865063 | r:  -514.000000 | e:   0.645400 | Q: -269.084259 | won: False 
#  349 | steps:  3996 | steps_t:  3556 | t: 88.090197 | r:  -510.000000 | e:   0.644400 | Q: -311.624695 | won: False 
#  350 | steps:  4018 | steps_t:  3577 | t: 88.553119 | r:  -521.000000 | e:   0.642300 | Q: -281.622986 | won: False 
#  351 | steps:  4024 | steps_t:  3582 | t: 88.659651 | r:  -505.000000 | e:   0.641800 | Q: -348.805511 | won: False 
#  352 | steps:  4031 | steps_t:  3588 | t: 88.797225 | r:  -506.000000 | e:   0.641200 | Q: -424.234436 | won: False 
#  353 | steps:  4038 | steps_t:  3594 | t: 88.930893 | r:  -506.000000 | e:   0.640600 | Q: -365.700500 | won: False 
#  354 | steps:  4048 | steps_t:  3603 | t: 89.132365 | r:  -509.000000 | e:   0.639700 | Q: -305.583557 | won: False 
#  355 | steps:  4068 | steps_t:  3622 | t: 89.564936 | r:  -519.000000 | e:   0.637800 | Q: -299.162720 | won: False 
#  356 | steps:  4077 | steps_t:  3630 | t: 89.788910 | r:  -508.000000 | e:   0.637000 | Q: -395.382874 | won: False 
#  357 | steps:  4090 | steps_t:  3642 | t: 90.065590 | r:  -512.000000 | e:   0.635800 | Q: -278.507690 | won: False 
#  358 | steps:  4100 | steps_t:  3651 | t: 90.264174 | r:  -509.000000 | e:   0.634900 | Q: -354.316376 | won: False 
#  359 | steps:  4106 | steps_t:  3656 | t: 90.375441 | r:  -505.000000 | e:   0.634400 | Q: -404.867432 | won: False 
#  360 | steps:  4112 | steps_t:  3661 | t: 90.493829 | r:  -505.000000 | e:   0.633900 | Q: -346.680878 | won: False 
#  361 | steps:  4120 | steps_t:  3668 | t: 90.642934 | r:  -507.000000 | e:   0.633200 | Q: -279.027588 | won: False 
#  362 | steps:  4128 | steps_t:  3675 | t: 90.796333 | r:  -507.000000 | e:   0.632500 | Q: -276.819794 | won: False 
#  363 | steps:  4137 | steps_t:  3683 | t: 90.972221 | r:  -508.000000 | e:   0.631700 | Q: -289.058716 | won: False 
#  364 | steps:  4157 | steps_t:  3702 | t: 91.385545 | r:  -508.000000 | e:   0.629800 | Q: -334.809204 | won: False 
#  365 | steps:  4171 | steps_t:  3715 | t: 91.687308 | r:  -513.000000 | e:   0.628500 | Q: -414.344818 | won: False 
#  366 | steps:  4179 | steps_t:  3722 | t: 91.849750 | r:  -507.000000 | e:   0.627800 | Q: -348.277954 | won: False 
#  367 | steps:  4185 | steps_t:  3727 | t: 91.963964 | r:  -505.000000 | e:   0.627300 | Q: -419.072998 | won: False 
#  368 | steps:  4191 | steps_t:  3732 | t: 92.078689 | r:  -505.000000 | e:   0.626800 | Q: -421.602386 | won: False 
#  369 | steps:  4197 | steps_t:  3737 | t: 92.189842 | r:  -505.000000 | e:   0.626300 | Q: -301.352020 | won: False 
#  370 | steps:  4205 | steps_t:  3744 | t: 92.345090 | r:  -507.000000 | e:   0.625600 | Q: -331.636078 | won: False 
#  371 | steps:  4227 | steps_t:  3765 | t: 92.808442 | r:  -510.000000 | e:   0.623500 | Q: -327.479828 | won: False 
#  372 | steps:  4237 | steps_t:  3774 | t: 93.014293 | r:  -509.000000 | e:   0.622600 | Q: -412.909119 | won: False 
#  373 | steps:  4247 | steps_t:  3783 | t: 93.223865 | r:  -509.000000 | e:   0.621700 | Q: -390.875671 | won: False 
#  374 | steps:  4259 | steps_t:  3794 | t: 93.477430 | r:  -511.000000 | e:   0.620600 | Q: -347.413025 | won: False 
#  375 | steps:  4273 | steps_t:  3807 | t: 93.833661 | r:  -513.000000 | e:   0.619300 | Q: -278.708618 | won: False 
#  376 | steps:  4283 | steps_t:  3816 | t: 94.095660 | r:  -509.000000 | e:   0.618400 | Q: -391.757904 | won: False 
#  377 | steps:  4297 | steps_t:  3829 | t: 94.436538 | r:  -513.000000 | e:   0.617100 | Q: -274.887115 | won: False 
#  378 | steps:  4316 | steps_t:  3847 | t: 94.896109 | r:  -507.000000 | e:   0.615300 | Q: -358.835175 | won: False 
#  379 | steps:  4324 | steps_t:  3854 | t: 95.062407 | r:  -507.000000 | e:   0.614600 | Q: -434.643127 | won: False 
#  380 | steps:  4335 | steps_t:  3864 | t: 95.306119 | r:  -510.000000 | e:   0.613600 | Q: -345.172150 | won: False 
#  381 | steps:  4346 | steps_t:  3874 | t: 95.556503 | r:  -510.000000 | e:   0.612600 | Q: -338.490479 | won: False 
#  382 | steps:  4357 | steps_t:  3884 | t: 95.792765 | r:  -510.000000 | e:   0.611600 | Q: -253.851990 | won: False 
#  383 | steps:  4365 | steps_t:  3891 | t: 95.969500 | r:  -507.000000 | e:   0.610900 | Q: -302.170563 | won: False 
#  384 | steps:  4388 | steps_t:  3913 | t: 96.461015 | r:  -522.000000 | e:   0.608700 | Q: -256.343414 | won: False 
#  385 | steps:  4398 | steps_t:  3922 | t: 96.651559 | r:  -509.000000 | e:   0.607800 | Q: -304.827362 | won: False 
#  386 | steps:  4409 | steps_t:  3932 | t: 96.876589 | r:  -510.000000 | e:   0.606800 | Q: -294.930603 | won: False 
#  387 | steps:  4420 | steps_t:  3942 | t: 97.099671 | r:  -510.000000 | e:   0.605800 | Q: -398.746277 | won: False 
#  388 | steps:  4430 | steps_t:  3951 | t: 97.327006 | r:  -509.000000 | e:   0.604900 | Q: -245.402023 | won: False 
#  389 | steps:  4451 | steps_t:  3971 | t: 97.774908 | r:  -509.000000 | e:   0.602900 | Q: -308.994110 | won: False 
#  390 | steps:  4459 | steps_t:  3978 | t: 97.942072 | r:  -507.000000 | e:   0.602200 | Q: -387.007782 | won: False 
#  391 | steps:  4466 | steps_t:  3984 | t: 98.091399 | r:  -506.000000 | e:   0.601600 | Q: -307.281067 | won: False 
#  392 | steps:  4475 | steps_t:  3992 | t: 98.280068 | r:  -508.000000 | e:   0.600800 | Q: -443.412384 | won: False 
#  393 | steps:  4482 | steps_t:  3998 | t: 98.432070 | r:  -506.000000 | e:   0.600200 | Q: -299.828278 | won: False 
#  394 | steps:  4493 | steps_t:  4008 | t: 98.692235 | r:  -510.000000 | e:   0.599200 | Q: -300.373749 | won: False 
#  395 | steps:  4501 | steps_t:  4015 | t: 98.901641 | r:  -507.000000 | e:   0.598500 | Q: -300.565857 | won: False 
#  396 | steps:  4508 | steps_t:  4021 | t: 99.106116 | r:  -506.000000 | e:   0.597900 | Q:        nan | won: False 
#  397 | steps:  4518 | steps_t:  4030 | t: 99.357208 | r:  -509.000000 | e:   0.597000 | Q: -352.899872 | won: False 
#  398 | steps:  4540 | steps_t:  4051 | t: 99.914005 | r:  -521.000000 | e:   0.594900 | Q: -301.970184 | won: False 
#  399 | steps:  4548 | steps_t:  4058 | t: 100.090573 | r:  -507.000000 | e:   0.594200 | Q: -295.610443 | won: False 
#  400 | steps:  4558 | steps_t:  4067 | t: 100.314303 | r:  -509.000000 | e:   0.593300 | Q: -304.187286 | won: False 
#  401 | steps:  4569 | steps_t:  4077 | t: 100.538163 | r:  -510.000000 | e:   0.592300 | Q: -309.897888 | won: False 
#  402 | steps:  4577 | steps_t:  4084 | t: 100.689157 | r:  -507.000000 | e:   0.591600 | Q:        nan | won: False 
#  403 | steps:  4586 | steps_t:  4092 | t: 100.864354 | r:  -508.000000 | e:   0.590800 | Q: -294.906464 | won: False 
#  404 | steps:  4596 | steps_t:  4101 | t: 101.070941 | r:  -509.000000 | e:   0.589900 | Q: -302.032806 | won: False 
#  405 | steps:  4612 | steps_t:  4116 | t: 101.405499 | r:  -515.000000 | e:   0.588400 | Q: -306.777985 | won: False 
#  406 | steps:  4623 | steps_t:  4126 | t: 101.638928 | r:  -510.000000 | e:   0.587400 | Q: -284.863983 | won: False 
#  407 | steps:  4635 | steps_t:  4137 | t: 101.880155 | r:  -511.000000 | e:   0.586300 | Q: -310.567413 | won: False 
#  408 | steps:  4646 | steps_t:  4147 | t: 102.105105 | r:  -510.000000 | e:   0.585300 | Q: -291.874542 | won: False 
#  409 | steps:  4658 | steps_t:  4158 | t: 102.345366 | r:  -511.000000 | e:   0.584200 | Q: -279.907806 | won: False 
#  410 | steps:  4664 | steps_t:  4163 | t: 102.455091 | r:  -505.000000 | e:   0.583700 | Q: -397.814575 | won: False 
#  411 | steps:  4673 | steps_t:  4171 | t: 102.619364 | r:  -508.000000 | e:   0.582900 | Q: -352.526581 | won: False 
