#    1 | steps:     9 | steps_t:     0 | t: 0.022235 | r:  -508.000000 | e:   1.000000 | Q:        nan | won: False 
#    2 | steps:    16 | steps_t:     0 | t: 0.027697 | r:  -506.000000 | e:   1.000000 | Q:        nan | won: False 
#    3 | steps:    29 | steps_t:     0 | t: 0.039459 | r:  -512.000000 | e:   1.000000 | Q:        nan | won: False 
#    4 | steps:    35 | steps_t:     0 | t: 0.045136 | r:  -505.000000 | e:   1.000000 | Q:        nan | won: False 
#    5 | steps:    46 | steps_t:     0 | t: 0.055826 | r:  -510.000000 | e:   1.000000 | Q:        nan | won: False 
#    6 | steps:    55 | steps_t:     4 | t: 0.251261 | r:  -508.000000 | e:   0.999600 | Q:        nan | won: False 
#    7 | steps:    73 | steps_t:    21 | t: 0.582769 | r:  -506.000000 | e:   0.997900 | Q:        nan | won: False 
#    8 | steps:    84 | steps_t:    31 | t: 0.784349 | r:  -510.000000 | e:   0.996900 | Q:        nan | won: False 
#    9 | steps:   109 | steps_t:    55 | t: 1.262011 | r:  -524.000000 | e:   0.994500 | Q:        nan | won: False 
#   10 | steps:   118 | steps_t:    63 | t: 1.424765 | r:  -508.000000 | e:   0.993700 | Q:        nan | won: False 
#   11 | steps:   126 | steps_t:    70 | t: 1.563230 | r:  -507.000000 | e:   0.993000 | Q:        nan | won: False 
#   12 | steps:   136 | steps_t:    79 | t: 1.738180 | r:  -509.000000 | e:   0.992100 | Q:        nan | won: False 
#   13 | steps:   144 | steps_t:    86 | t: 1.882138 | r:  -507.000000 | e:   0.991400 | Q:        nan | won: False 
#   14 | steps:   162 | steps_t:   103 | t: 2.214123 | r:  -517.000000 | e:   0.989700 | Q:        nan | won: False 
#   15 | steps:   168 | steps_t:   108 | t: 2.313078 | r:  -505.000000 | e:   0.989200 | Q:        nan | won: False 
#   16 | steps:   186 | steps_t:   125 | t: 2.642548 | r:  -517.000000 | e:   0.987500 | Q:        nan | won: False 
#   17 | steps:   209 | steps_t:   147 | t: 3.080895 | r:  -522.000000 | e:   0.985300 | Q:        nan | won: False 
#   18 | steps:   223 | steps_t:   160 | t: 3.342340 | r:  -513.000000 | e:   0.984000 | Q: -276.209717 | won: False 
#   19 | steps:   232 | steps_t:   168 | t: 3.502147 | r:  -508.000000 | e:   0.983200 | Q:        nan | won: False 
#   20 | steps:   252 | steps_t:   187 | t: 3.881518 | r:  -519.000000 | e:   0.981300 | Q:        nan | won: False 
#   21 | steps:   267 | steps_t:   201 | t: 4.162398 | r:  -492.000000 | e:   0.979900 | Q:        nan | won: False 
#   22 | steps:   276 | steps_t:   209 | t: 4.325810 | r:  -508.000000 | e:   0.979100 | Q:        nan | won: False 
#   23 | steps:   284 | steps_t:   216 | t: 4.471408 | r:  -507.000000 | e:   0.978400 | Q: -248.890411 | won: False 
#   24 | steps:   296 | steps_t:   227 | t: 4.690812 | r:  -511.000000 | e:   0.977300 | Q:        nan | won: False 
#   25 | steps:   311 | steps_t:   241 | t: 4.969008 | r:  -514.000000 | e:   0.975900 | Q:        nan | won: False 
#   26 | steps:   319 | steps_t:   248 | t: 5.108462 | r:  -507.000000 | e:   0.975200 | Q:        nan | won: False 
#   27 | steps:   331 | steps_t:   259 | t: 5.320464 | r:  -511.000000 | e:   0.974100 | Q:        nan | won: False 
#   28 | steps:   344 | steps_t:   271 | t: 5.561159 | r:  -512.000000 | e:   0.972900 | Q:        nan | won: False 
#   29 | steps:   351 | steps_t:   277 | t: 5.681642 | r:  -506.000000 | e:   0.972300 | Q: -244.771622 | won: False 
#   30 | steps:   357 | steps_t:   282 | t: 5.784467 | r:  -505.000000 | e:   0.971800 | Q: -242.371460 | won: False 
#   31 | steps:   365 | steps_t:   289 | t: 5.917454 | r:  -507.000000 | e:   0.971100 | Q:        nan | won: False 
#   32 | steps:   374 | steps_t:   297 | t: 6.081283 | r:  -508.000000 | e:   0.970300 | Q: -256.530151 | won: False 
#   33 | steps:   383 | steps_t:   305 | t: 6.240947 | r:  -508.000000 | e:   0.969500 | Q:        nan | won: False 
#   34 | steps:   388 | steps_t:   309 | t: 6.320520 | r:  -504.000000 | e:   0.969100 | Q:        nan | won: False 
#   35 | steps:   396 | steps_t:   316 | t: 6.459133 | r:  -507.000000 | e:   0.968400 | Q:        nan | won: False 
#   36 | steps:   403 | steps_t:   322 | t: 6.581071 | r:  -506.000000 | e:   0.967800 | Q:        nan | won: False 
#   37 | steps:   414 | steps_t:   332 | t: 6.782925 | r:  -510.000000 | e:   0.966800 | Q:        nan | won: False 
#   38 | steps:   423 | steps_t:   340 | t: 6.941762 | r:  -508.000000 | e:   0.966000 | Q:        nan | won: False 
#   39 | steps:   430 | steps_t:   346 | t: 7.066484 | r:  -506.000000 | e:   0.965400 | Q:        nan | won: False 
#   40 | steps:   443 | steps_t:   358 | t: 7.301593 | r:  -512.000000 | e:   0.964200 | Q:        nan | won: False 
#   41 | steps:   452 | steps_t:   366 | t: 7.463118 | r:  -508.000000 | e:   0.963400 | Q: -265.534119 | won: False 
#   42 | steps:   463 | steps_t:   376 | t: 7.661266 | r:  -510.000000 | e:   0.962400 | Q:        nan | won: False 
#   43 | steps:   471 | steps_t:   383 | t: 7.797218 | r:  -507.000000 | e:   0.961700 | Q:        nan | won: False 
#   44 | steps:   484 | steps_t:   395 | t: 8.038090 | r:  -512.000000 | e:   0.960500 | Q: -280.087036 | won: False 
#   45 | steps:   494 | steps_t:   404 | t: 8.223086 | r:  -509.000000 | e:   0.959600 | Q: -271.847443 | won: False 
#   46 | steps:   514 | steps_t:   423 | t: 8.590757 | r:  -519.000000 | e:   0.957700 | Q:        nan | won: False 
#   47 | steps:   522 | steps_t:   430 | t: 8.733367 | r:  -507.000000 | e:   0.957000 | Q: -335.763550 | won: False 
#   48 | steps:   532 | steps_t:   439 | t: 8.914578 | r:  -509.000000 | e:   0.956100 | Q:        nan | won: False 
#   49 | steps:   541 | steps_t:   447 | t: 9.073206 | r:  -508.000000 | e:   0.955300 | Q:        nan | won: False 
#   50 | steps:   561 | steps_t:   466 | t: 9.439282 | r:  -519.000000 | e:   0.953400 | Q: -300.231293 | won: False 
#   51 | steps:   574 | steps_t:   478 | t: 11.529056 | r:  -512.000000 | e:   0.952200 | Q:        nan | won: False 
#   52 | steps:   581 | steps_t:   484 | t: 13.568343 | r:  -506.000000 | e:   0.951600 | Q: -295.938751 | won: False 
#   53 | steps:   587 | steps_t:   489 | t: 15.471731 | r:  -505.000000 | e:   0.951100 | Q:        nan | won: False 
#   54 | steps:   597 | steps_t:   498 | t: 17.952382 | r:  -509.000000 | e:   0.950200 | Q:        nan | won: False 
#   55 | steps:   608 | steps_t:   508 | t: 20.581649 | r:  -510.000000 | e:   0.949200 | Q:        nan | won: False 
#   56 | steps:   624 | steps_t:   523 | t: 23.950786 | r:  -515.000000 | e:   0.947700 | Q: -306.320770 | won: False 
#   57 | steps:   632 | steps_t:   530 | t: 26.115625 | r:  -507.000000 | e:   0.947000 | Q:        nan | won: False 
#   58 | steps:   646 | steps_t:   543 | t: 29.188860 | r:  -513.000000 | e:   0.945700 | Q: -290.176788 | won: False 
#   59 | steps:   654 | steps_t:   550 | t: 31.379326 | r:  -507.000000 | e:   0.945000 | Q:        nan | won: False 
#   60 | steps:   661 | steps_t:   556 | t: 33.402675 | r:  -506.000000 | e:   0.944400 | Q:        nan | won: False 
#   61 | steps:   670 | steps_t:   564 | t: 35.748673 | r:  -508.000000 | e:   0.943600 | Q: -278.439758 | won: False 
#   62 | steps:   677 | steps_t:   570 | t: 37.785234 | r:  -506.000000 | e:   0.943000 | Q:        nan | won: False 
#   63 | steps:   687 | steps_t:   579 | t: 40.257842 | r:  -509.000000 | e:   0.942100 | Q: -286.978607 | won: False 
#   64 | steps:   698 | steps_t:   589 | t: 42.860968 | r:  -510.000000 | e:   0.941100 | Q: -293.612061 | won: False 
#   65 | steps:   712 | steps_t:   602 | t: 45.911799 | r:  -513.000000 | e:   0.939800 | Q:        nan | won: False 
#   66 | steps:   723 | steps_t:   612 | t: 48.522143 | r:  -510.000000 | e:   0.938800 | Q:        nan | won: False 
#   67 | steps:   732 | steps_t:   620 | t: 50.869869 | r:  -508.000000 | e:   0.938000 | Q:        nan | won: False 
#   68 | steps:   743 | steps_t:   630 | t: 53.485947 | r:  -510.000000 | e:   0.937000 | Q:        nan | won: False 
#   69 | steps:   752 | steps_t:   638 | t: 55.821636 | r:  -508.000000 | e:   0.936200 | Q:        nan | won: False 
#   70 | steps:   759 | steps_t:   644 | t: 57.871376 | r:  -506.000000 | e:   0.935600 | Q: -324.625122 | won: False 
#   71 | steps:   771 | steps_t:   655 | t: 60.613959 | r:  -511.000000 | e:   0.934500 | Q: -324.382874 | won: False 
#   72 | steps:   782 | steps_t:   665 | t: 63.233039 | r:  -510.000000 | e:   0.933500 | Q:        nan | won: False 
#   73 | steps:   787 | steps_t:   669 | t: 64.990433 | r:  -504.000000 | e:   0.933100 | Q:        nan | won: False 
#   74 | steps:   796 | steps_t:   677 | t: 67.327997 | r:  -508.000000 | e:   0.932300 | Q:        nan | won: False 
#   75 | steps:   805 | steps_t:   685 | t: 69.664003 | r:  -508.000000 | e:   0.931500 | Q:        nan | won: False 
#   76 | steps:   820 | steps_t:   699 | t: 72.875049 | r:  -514.000000 | e:   0.930100 | Q: -344.952362 | won: False 
#   77 | steps:   832 | steps_t:   710 | t: 75.646891 | r:  -511.000000 | e:   0.929000 | Q: -336.071594 | won: False 
#   78 | steps:   841 | steps_t:   718 | t: 77.963676 | r:  -508.000000 | e:   0.928200 | Q:        nan | won: False 
#   79 | steps:   857 | steps_t:   733 | t: 81.301122 | r:  -515.000000 | e:   0.926700 | Q:        nan | won: False 
#   80 | steps:   868 | steps_t:   743 | t: 83.940727 | r:  -510.000000 | e:   0.925700 | Q: -323.208862 | won: False 
#   81 | steps:   877 | steps_t:   751 | t: 86.275280 | r:  -508.000000 | e:   0.924900 | Q: -308.970459 | won: False 
#   82 | steps:   884 | steps_t:   757 | t: 88.323382 | r:  -506.000000 | e:   0.924300 | Q:        nan | won: False 
#   83 | steps:   891 | steps_t:   763 | t: 90.356813 | r:  -506.000000 | e:   0.923700 | Q:        nan | won: False 
#   84 | steps:   901 | steps_t:   772 | t: 92.847231 | r:  -509.000000 | e:   0.922800 | Q: -283.839081 | won: False 
#   85 | steps:   911 | steps_t:   781 | t: 95.300651 | r:  -509.000000 | e:   0.921900 | Q: -280.503479 | won: False 
#   86 | steps:   924 | steps_t:   793 | t: 98.205744 | r:  -512.000000 | e:   0.920700 | Q: -278.517090 | won: False 
#   87 | steps:   953 | steps_t:   821 | t: 103.428769 | r:  -517.000000 | e:   0.917900 | Q: -305.314178 | won: False 
#   88 | steps:   965 | steps_t:   832 | t: 106.176948 | r:  -511.000000 | e:   0.916800 | Q:        nan | won: False 
#   89 | steps:   975 | steps_t:   841 | t: 108.649345 | r:  -509.000000 | e:   0.915900 | Q: -326.421082 | won: False 
#   90 | steps:  1002 | steps_t:   867 | t: 113.581729 | r:  -515.000000 | e:   0.913300 | Q: -332.682159 | won: False 
#   91 | steps:  1012 | steps_t:   876 | t: 116.041646 | r:  -509.000000 | e:   0.912400 | Q:        nan | won: False 
#   92 | steps:  1027 | steps_t:   890 | t: 119.224463 | r:  -514.000000 | e:   0.911000 | Q:        nan | won: False 
#   93 | steps:  1033 | steps_t:   895 | t: 121.119494 | r:  -505.000000 | e:   0.910500 | Q:        nan | won: False 
#   94 | steps:  1042 | steps_t:   903 | t: 123.450495 | r:  -508.000000 | e:   0.909700 | Q: -298.551605 | won: False 
#   95 | steps:  1054 | steps_t:   914 | t: 126.212698 | r:  -511.000000 | e:   0.908600 | Q: -300.231354 | won: False 
#   96 | steps:  1063 | steps_t:   922 | t: 128.544929 | r:  -508.000000 | e:   0.907800 | Q:        nan | won: False 
#   97 | steps:  1071 | steps_t:   929 | t: 130.730873 | r:  -507.000000 | e:   0.907100 | Q: -323.100250 | won: False 
#   98 | steps:  1082 | steps_t:   939 | t: 133.353038 | r:  -510.000000 | e:   0.906100 | Q: -332.577972 | won: False 
#   99 | steps:  1089 | steps_t:   945 | t: 135.399390 | r:  -506.000000 | e:   0.905500 | Q:        nan | won: False 
#  100 | steps:  1096 | steps_t:   951 | t: 137.454278 | r:  -506.000000 | e:   0.904900 | Q:        nan | won: False 
