#    1 | steps:    14 | steps_t:     0 | t: 0.049072 | r:  -491.000000 | e:   1.000000 | Q:        nan | won: False 
#    2 | steps:    39 | steps_t:     0 | t: 0.107034 | r:  -436.000000 | e:   1.000000 | Q:        nan | won: False 
#    3 | steps:    74 | steps_t:     0 | t: 0.181714 | r:  -446.000000 | e:   1.000000 | Q:        nan | won: False 
#    4 | steps:   115 | steps_t:     0 | t: 0.271780 | r:  -452.000000 | e:   1.000000 | Q:        nan | won: False 
#    5 | steps:   126 | steps_t:     0 | t: 0.294131 | r:  -488.000000 | e:   1.000000 | Q:        nan | won: False 
#    6 | steps:   151 | steps_t:     0 | t: 0.343741 | r:  -469.000000 | e:   1.000000 | Q:        nan | won: False 
#    7 | steps:   175 | steps_t:     0 | t: 0.390409 | r:  -490.000000 | e:   1.000000 | Q:        nan | won: False 
#    8 | steps:   186 | steps_t:     0 | t: 0.412567 | r:  -455.000000 | e:   1.000000 | Q:        nan | won: False 
#    9 | steps:   274 | steps_t:     0 | t: 0.582118 | r:  -338.000000 | e:   1.000000 | Q:        nan | won: False 
#   10 | steps:   307 | steps_t:     0 | t: 0.649776 | r:  -466.000000 | e:   1.000000 | Q:        nan | won: False 
#   11 | steps:   339 | steps_t:     0 | t: 0.716584 | r:  -498.000000 | e:   1.000000 | Q:        nan | won: False 
#   12 | steps:   351 | steps_t:     0 | t: 0.738115 | r:  -445.000000 | e:   1.000000 | Q:        nan | won: False 
#   13 | steps:   362 | steps_t:     0 | t: 0.763170 | r:  -444.000000 | e:   1.000000 | Q:        nan | won: False 
#   14 | steps:   377 | steps_t:     0 | t: 0.793134 | r:  -481.000000 | e:   1.000000 | Q:        nan | won: False 
#   15 | steps:   429 | steps_t:     0 | t: 0.891574 | r:  -463.000000 | e:   1.000000 | Q:        nan | won: False 
#   16 | steps:   460 | steps_t:     0 | t: 0.954770 | r:  -453.000000 | e:   1.000000 | Q:        nan | won: False 
#   17 | steps:   505 | steps_t:     4 | t: 1.334101 | r:  -434.000000 | e:   0.999600 | Q:        nan | won: False 
#   18 | steps:   528 | steps_t:    26 | t: 2.320252 | r:  -445.000000 | e:   0.997400 | Q:        nan | won: False 
#   19 | steps:   574 | steps_t:    71 | t: 4.289170 | r:  -424.000000 | e:   0.992900 | Q:   0.282157 | won: False 
#   20 | steps:   589 | steps_t:    85 | t: 4.904788 | r:  -426.000000 | e:   0.991500 | Q:        nan | won: False 
#   21 | steps:   615 | steps_t:   110 | t: 6.010158 | r:  -448.000000 | e:   0.989000 | Q:        nan | won: False 
#   22 | steps:   638 | steps_t:   132 | t: 6.993118 | r:  -478.000000 | e:   0.986800 | Q:        nan | won: False 
#   23 | steps:   690 | steps_t:   183 | t: 9.217551 | r:  -496.000000 | e:   0.981700 | Q: -81.772514 | won: False 
#   24 | steps:   745 | steps_t:   237 | t: 11.696203 | r:  -367.000000 | e:   0.976300 | Q: -118.397316 | won: False 
#   25 | steps:   804 | steps_t:   295 | t: 14.677423 | r:  -415.000000 | e:   0.970500 | Q: -117.657799 | won: False 
#   26 | steps:   837 | steps_t:   327 | t: 16.682674 | r:  -488.000000 | e:   0.967300 | Q:        nan | won: False 
#   27 | steps:   898 | steps_t:   387 | t: 20.014048 | r:  -340.000000 | e:   0.961300 | Q: -79.442612 | won: False 
#   28 | steps:   953 | steps_t:   441 | t: 23.355145 | r:  -433.000000 | e:   0.955900 | Q: -91.343269 | won: False 
#   29 | steps:   967 | steps_t:   454 | t: 24.176211 | r:  -480.000000 | e:   0.954600 | Q: -75.905533 | won: False 
#   30 | steps:   985 | steps_t:   471 | t: 25.128815 | r:  -451.000000 | e:   0.952900 | Q:        nan | won: False 
#   31 | steps:  1001 | steps_t:   486 | t: 25.897352 | r:  -460.000000 | e:   0.951400 | Q:        nan | won: False 
#   32 | steps:  1009 | steps_t:   493 | t: 26.247471 | r:  -441.000000 | e:   0.950700 | Q:        nan | won: False 
#   33 | steps:  1030 | steps_t:   513 | t: 27.246570 | r:  -498.000000 | e:   0.948700 | Q: -75.935486 | won: False 
#   34 | steps:  1048 | steps_t:   530 | t: 28.100237 | r:  -451.000000 | e:   0.947000 | Q: -89.102493 | won: False 
#   35 | steps:  1091 | steps_t:   572 | t: 30.196280 | r:  -399.000000 | e:   0.942800 | Q: -79.622841 | won: False 
#   36 | steps:  1134 | steps_t:   614 | t: 32.313762 | r:  -465.000000 | e:   0.938600 | Q: -74.463280 | won: False 
#   37 | steps:  1168 | steps_t:   647 | t: 33.980613 | r:  -478.000000 | e:   0.935300 | Q: -91.385986 | won: False 
#   38 | steps:  1226 | steps_t:   704 | t: 36.780898 | r:  -425.000000 | e:   0.929600 | Q: -83.720268 | won: False 
#   39 | steps:  1239 | steps_t:   716 | t: 37.369064 | r:  -490.000000 | e:   0.928400 | Q:        nan | won: False 
#   40 | steps:  1295 | steps_t:   771 | t: 40.197409 | r:  -390.000000 | e:   0.922900 | Q: -100.372925 | won: False 
#   41 | steps:  1326 | steps_t:   801 | t: 41.675472 | r:  -431.000000 | e:   0.919900 | Q: -74.381516 | won: False 
#   42 | steps:  1344 | steps_t:   818 | t: 42.528939 | r:  -440.000000 | e:   0.918200 | Q: -74.304916 | won: False 
#   43 | steps:  1362 | steps_t:   835 | t: 43.397137 | r:  -484.000000 | e:   0.916500 | Q: -85.024757 | won: False 
#   44 | steps:  1469 | steps_t:   941 | t: 48.761259 | r:  -452.000000 | e:   0.905900 | Q: -86.421249 | won: False 
#   45 | steps:  1496 | steps_t:   967 | t: 50.127705 | r:  -493.000000 | e:   0.903300 | Q:        nan | won: False 
#   46 | steps:  1579 | steps_t:  1049 | t: 54.149856 | r:  -439.000000 | e:   0.895100 | Q: -80.333534 | won: False 
#   47 | steps:  1608 | steps_t:  1077 | t: 55.517960 | r:  -495.000000 | e:   0.892300 | Q: -88.383224 | won: False 
#   48 | steps:  1629 | steps_t:  1097 | t: 56.526428 | r:  -410.000000 | e:   0.890300 | Q: -100.554329 | won: False 
#   49 | steps:  1678 | steps_t:  1145 | t: 58.910521 | r:  -405.000000 | e:   0.885500 | Q: -94.029984 | won: False 
#   50 | steps:  1760 | steps_t:  1226 | t: 63.008961 | r:  -427.000000 | e:   0.877400 | Q: -89.220993 | won: False 
#   51 | steps:  1777 | steps_t:  1242 | t: 66.511245 | r:  -461.000000 | e:   0.875800 | Q: -92.276115 | won: False 
#   52 | steps:  1835 | steps_t:  1299 | t: 78.407306 | r:  -381.000000 | e:   0.870100 | Q: -89.203232 | won: False 
#   53 | steps:  1869 | steps_t:  1332 | t: 85.849847 | r:  -423.000000 | e:   0.866800 | Q: -96.583221 | won: False 
#   54 | steps:  1914 | steps_t:  1376 | t: 95.809215 | r:  -456.000000 | e:   0.862400 | Q: -104.871986 | won: False 
#   55 | steps:  1924 | steps_t:  1385 | t: 98.688225 | r:  -465.000000 | e:   0.861500 | Q:        nan | won: False 
#   56 | steps:  1993 | steps_t:  1453 | t: 113.358170 | r:  -403.000000 | e:   0.854700 | Q: -94.743896 | won: False 
#   57 | steps:  2041 | steps_t:  1500 | t: 124.201651 | r:  -415.000000 | e:   0.850000 | Q: -88.940445 | won: False 
