#    1 | steps:     9 | steps_t:     0 | t: 0.026196 | r:  -508.000000 | e:   1.000000 | Q:        nan | won: False 
#    2 | steps:    20 | steps_t:     0 | t: 0.035815 | r:  -510.000000 | e:   1.000000 | Q:        nan | won: False 
#    3 | steps:    27 | steps_t:     0 | t: 0.044194 | r:  -506.000000 | e:   1.000000 | Q:        nan | won: False 
#    4 | steps:    36 | steps_t:     0 | t: 0.051991 | r:  -508.000000 | e:   1.000000 | Q:        nan | won: False 
#    5 | steps:    45 | steps_t:     0 | t: 0.063003 | r:  -508.000000 | e:   1.000000 | Q:        nan | won: False 
#    6 | steps:    59 | steps_t:     0 | t: 0.082341 | r:  -513.000000 | e:   1.000000 | Q:        nan | won: False 
#    7 | steps:    66 | steps_t:     0 | t: 0.094246 | r:  -506.000000 | e:   1.000000 | Q:        nan | won: False 
#    8 | steps:    76 | steps_t:     0 | t: 0.109391 | r:  -509.000000 | e:   1.000000 | Q:        nan | won: False 
#    9 | steps:    92 | steps_t:     0 | t: 0.130289 | r:  -515.000000 | e:   1.000000 | Q:        nan | won: False 
#   10 | steps:   110 | steps_t:     0 | t: 0.149982 | r:  -517.000000 | e:   1.000000 | Q:        nan | won: False 
#   11 | steps:   118 | steps_t:     0 | t: 0.161418 | r:  -507.000000 | e:   1.000000 | Q:        nan | won: False 
#   12 | steps:   132 | steps_t:     0 | t: 0.179713 | r:  -513.000000 | e:   1.000000 | Q:        nan | won: False 
#   13 | steps:   138 | steps_t:     0 | t: 0.188402 | r:  -505.000000 | e:   1.000000 | Q:        nan | won: False 
#   14 | steps:   147 | steps_t:     0 | t: 0.201214 | r:  -508.000000 | e:   1.000000 | Q:        nan | won: False 
#   15 | steps:   153 | steps_t:     0 | t: 0.207580 | r:  -505.000000 | e:   1.000000 | Q:        nan | won: False 
#   16 | steps:   172 | steps_t:     0 | t: 0.230927 | r:  -496.000000 | e:   1.000000 | Q:        nan | won: False 
#   17 | steps:   180 | steps_t:     0 | t: 0.240785 | r:  -507.000000 | e:   1.000000 | Q:        nan | won: False 
#   18 | steps:   198 | steps_t:     0 | t: 0.263984 | r:  -517.000000 | e:   1.000000 | Q:        nan | won: False 
#   19 | steps:   207 | steps_t:     0 | t: 0.276254 | r:  -508.000000 | e:   1.000000 | Q:        nan | won: False 
#   20 | steps:   216 | steps_t:     0 | t: 0.284692 | r:  -508.000000 | e:   1.000000 | Q:        nan | won: False 
#   21 | steps:   223 | steps_t:     0 | t: 0.294345 | r:  -506.000000 | e:   1.000000 | Q:        nan | won: False 
#   22 | steps:   229 | steps_t:     0 | t: 0.300320 | r:  -505.000000 | e:   1.000000 | Q:        nan | won: False 
#   23 | steps:   234 | steps_t:     0 | t: 0.305231 | r:  -504.000000 | e:   1.000000 | Q:        nan | won: False 
#   24 | steps:   241 | steps_t:     0 | t: 0.312968 | r:  -506.000000 | e:   1.000000 | Q:        nan | won: False 
#   25 | steps:   247 | steps_t:     0 | t: 0.318962 | r:  -505.000000 | e:   1.000000 | Q:        nan | won: False 
#   26 | steps:   256 | steps_t:     0 | t: 0.329193 | r:  -508.000000 | e:   1.000000 | Q:        nan | won: False 
#   27 | steps:   266 | steps_t:     0 | t: 0.342357 | r:  -509.000000 | e:   1.000000 | Q:        nan | won: False 
#   28 | steps:   274 | steps_t:     0 | t: 0.351287 | r:  -507.000000 | e:   1.000000 | Q:        nan | won: False 
#   29 | steps:   282 | steps_t:     0 | t: 0.364907 | r:  -507.000000 | e:   1.000000 | Q:        nan | won: False 
#   30 | steps:   298 | steps_t:     0 | t: 0.384426 | r:  -515.000000 | e:   1.000000 | Q:        nan | won: False 
#   31 | steps:   303 | steps_t:     0 | t: 0.390429 | r:  -504.000000 | e:   1.000000 | Q:        nan | won: False 
#   32 | steps:   312 | steps_t:     0 | t: 0.399738 | r:  -508.000000 | e:   1.000000 | Q:        nan | won: False 
#   33 | steps:   323 | steps_t:     0 | t: 0.417369 | r:  -510.000000 | e:   1.000000 | Q:        nan | won: False 
#   34 | steps:   346 | steps_t:     0 | t: 0.447592 | r:  -522.000000 | e:   1.000000 | Q:        nan | won: False 
#   35 | steps:   354 | steps_t:     0 | t: 0.454424 | r:  -507.000000 | e:   1.000000 | Q:        nan | won: False 
#   36 | steps:   367 | steps_t:     0 | t: 0.465250 | r:  -512.000000 | e:   1.000000 | Q:        nan | won: False 
#   37 | steps:   388 | steps_t:     0 | t: 0.484292 | r:  -520.000000 | e:   1.000000 | Q:        nan | won: False 
#   38 | steps:   394 | steps_t:     0 | t: 0.490541 | r:  -505.000000 | e:   1.000000 | Q:        nan | won: False 
#   39 | steps:   405 | steps_t:     0 | t: 0.503975 | r:  -510.000000 | e:   1.000000 | Q:        nan | won: False 
#   40 | steps:   412 | steps_t:     0 | t: 0.510154 | r:  -506.000000 | e:   1.000000 | Q:        nan | won: False 
#   41 | steps:   426 | steps_t:     0 | t: 0.521052 | r:  -513.000000 | e:   1.000000 | Q:        nan | won: False 
#   42 | steps:   432 | steps_t:     0 | t: 0.525527 | r:  -505.000000 | e:   1.000000 | Q:        nan | won: False 
#   43 | steps:   445 | steps_t:     0 | t: 0.535984 | r:  -512.000000 | e:   1.000000 | Q:        nan | won: False 
#   44 | steps:   450 | steps_t:     0 | t: 0.540820 | r:  -504.000000 | e:   1.000000 | Q:        nan | won: False 
#   45 | steps:   458 | steps_t:     0 | t: 0.545978 | r:  -507.000000 | e:   1.000000 | Q:        nan | won: False 
#   46 | steps:   465 | steps_t:     0 | t: 0.551757 | r:  -506.000000 | e:   1.000000 | Q:        nan | won: False 
#   47 | steps:   474 | steps_t:     0 | t: 0.562214 | r:  -508.000000 | e:   1.000000 | Q:        nan | won: False 
#   48 | steps:   480 | steps_t:     0 | t: 0.567467 | r:  -505.000000 | e:   1.000000 | Q:        nan | won: False 
#   49 | steps:   489 | steps_t:     0 | t: 0.574799 | r:  -508.000000 | e:   1.000000 | Q:        nan | won: False 
#   50 | steps:   497 | steps_t:     0 | t: 0.580514 | r:  -507.000000 | e:   1.000000 | Q:        nan | won: False 
#   51 | steps:   505 | steps_t:     4 | t: 2.037744 | r:  -507.000000 | e:   0.999600 | Q:        nan | won: False 
#   52 | steps:   512 | steps_t:    10 | t: 4.049592 | r:  -506.000000 | e:   0.999000 | Q:        nan | won: False 
#   53 | steps:   518 | steps_t:    15 | t: 5.929900 | r:  -505.000000 | e:   0.998500 | Q:        nan | won: False 
#   54 | steps:   527 | steps_t:    23 | t: 8.231910 | r:  -508.000000 | e:   0.997700 | Q:        nan | won: False 
#   55 | steps:   534 | steps_t:    29 | t: 10.262655 | r:  -506.000000 | e:   0.997100 | Q:        nan | won: False 
#   56 | steps:   545 | steps_t:    39 | t: 12.865546 | r:  -510.000000 | e:   0.996100 | Q:        nan | won: False 
#   57 | steps:   553 | steps_t:    46 | t: 15.038784 | r:  -507.000000 | e:   0.995400 | Q:        nan | won: False 
#   58 | steps:   563 | steps_t:    55 | t: 17.518176 | r:  -509.000000 | e:   0.994500 | Q:        nan | won: False 
#   59 | steps:   572 | steps_t:    63 | t: 20.017030 | r:  -508.000000 | e:   0.993700 | Q:        nan | won: False 
#   60 | steps:   586 | steps_t:    76 | t: 23.008689 | r:  -513.000000 | e:   0.992400 | Q:        nan | won: False 
#   61 | steps:   593 | steps_t:    82 | t: 25.032958 | r:  -506.000000 | e:   0.991800 | Q:        nan | won: False 
#   62 | steps:   602 | steps_t:    90 | t: 27.354840 | r:  -508.000000 | e:   0.991000 | Q:        nan | won: False 
#   63 | steps:   611 | steps_t:    98 | t: 29.656135 | r:  -508.000000 | e:   0.990200 | Q:        nan | won: False 
#   64 | steps:   619 | steps_t:   105 | t: 31.827046 | r:  -507.000000 | e:   0.989500 | Q:        nan | won: False 
#   65 | steps:   625 | steps_t:   110 | t: 33.712878 | r:  -505.000000 | e:   0.989000 | Q:        nan | won: False 
#   66 | steps:   637 | steps_t:   121 | t: 36.479177 | r:  -511.000000 | e:   0.987900 | Q:        nan | won: False 
#   67 | steps:   650 | steps_t:   133 | t: 39.362075 | r:  -512.000000 | e:   0.986700 | Q:        nan | won: False 
#   68 | steps:   659 | steps_t:   141 | t: 41.682636 | r:  -508.000000 | e:   0.985900 | Q:        nan | won: False 
#   69 | steps:   668 | steps_t:   149 | t: 44.009662 | r:  -508.000000 | e:   0.985100 | Q:        nan | won: False 
#   70 | steps:   673 | steps_t:   153 | t: 45.767570 | r:  -504.000000 | e:   0.984700 | Q:        nan | won: False 
#   71 | steps:   692 | steps_t:   171 | t: 49.661749 | r:  -496.000000 | e:   0.982900 | Q:        nan | won: False 
#   72 | steps:   700 | steps_t:   178 | t: 51.820911 | r:  -507.000000 | e:   0.982200 | Q:        nan | won: False 
#   73 | steps:   710 | steps_t:   187 | t: 54.280922 | r:  -509.000000 | e:   0.981300 | Q:        nan | won: False 
#   74 | steps:   723 | steps_t:   199 | t: 57.117259 | r:  -512.000000 | e:   0.980100 | Q: -307.587006 | won: False 
#   75 | steps:   745 | steps_t:   220 | t: 61.254665 | r:  -521.000000 | e:   0.978000 | Q: -312.087280 | won: False 
#   76 | steps:   764 | steps_t:   238 | t: 64.985585 | r:  -507.000000 | e:   0.976200 | Q:        nan | won: False 
#   77 | steps:   780 | steps_t:   253 | t: 68.292748 | r:  -515.000000 | e:   0.974700 | Q:        nan | won: False 
#   78 | steps:   802 | steps_t:   274 | t: 72.490821 | r:  -521.000000 | e:   0.972600 | Q: -300.516357 | won: False 
#   79 | steps:   810 | steps_t:   281 | t: 74.709006 | r:  -507.000000 | e:   0.971900 | Q:        nan | won: False 
#   80 | steps:   822 | steps_t:   292 | t: 77.407130 | r:  -511.000000 | e:   0.970800 | Q:        nan | won: False 
#   81 | steps:   833 | steps_t:   302 | t: 79.982503 | r:  -510.000000 | e:   0.969800 | Q: -336.139954 | won: False 
