#    1 | steps:    18 | steps_t:     0 | t: 0.030214 | r:  -517.000000 | e:   1.000000 | Q:        nan | won: False 
#    2 | steps:    28 | steps_t:     0 | t: 0.040600 | r:  -509.000000 | e:   1.000000 | Q:        nan | won: False 
#    3 | steps:    38 | steps_t:     0 | t: 0.049001 | r:  -509.000000 | e:   1.000000 | Q:        nan | won: False 
#    4 | steps:    46 | steps_t:     0 | t: 0.056624 | r:  -507.000000 | e:   1.000000 | Q:        nan | won: False 
#    5 | steps:    61 | steps_t:     0 | t: 0.071290 | r:  -514.000000 | e:   1.000000 | Q:        nan | won: False 
#    6 | steps:    69 | steps_t:     0 | t: 0.078964 | r:  -507.000000 | e:   1.000000 | Q:        nan | won: False 
#    7 | steps:    81 | steps_t:     0 | t: 0.089020 | r:  -511.000000 | e:   1.000000 | Q:        nan | won: False 
#    8 | steps:    87 | steps_t:     0 | t: 0.094572 | r:  -505.000000 | e:   1.000000 | Q:        nan | won: False 
#    9 | steps:   101 | steps_t:     0 | t: 0.108147 | r:  -513.000000 | e:   1.000000 | Q:        nan | won: False 
#   10 | steps:   120 | steps_t:     0 | t: 0.124498 | r:  -518.000000 | e:   1.000000 | Q:        nan | won: False 
#   11 | steps:   128 | steps_t:     0 | t: 0.131814 | r:  -507.000000 | e:   1.000000 | Q:        nan | won: False 
#   12 | steps:   141 | steps_t:     0 | t: 0.142270 | r:  -512.000000 | e:   1.000000 | Q:        nan | won: False 
#   13 | steps:   149 | steps_t:     0 | t: 0.149154 | r:  -507.000000 | e:   1.000000 | Q:        nan | won: False 
#   14 | steps:   155 | steps_t:     0 | t: 0.155251 | r:  -505.000000 | e:   1.000000 | Q:        nan | won: False 
#   15 | steps:   163 | steps_t:     0 | t: 0.162794 | r:  -507.000000 | e:   1.000000 | Q:        nan | won: False 
#   16 | steps:   170 | steps_t:     0 | t: 0.170230 | r:  -506.000000 | e:   1.000000 | Q:        nan | won: False 
#   17 | steps:   185 | steps_t:     0 | t: 0.183972 | r:  -514.000000 | e:   1.000000 | Q:        nan | won: False 
#   18 | steps:   197 | steps_t:     0 | t: 0.194432 | r:  -511.000000 | e:   1.000000 | Q:        nan | won: False 
#   19 | steps:   209 | steps_t:     0 | t: 0.203015 | r:  -511.000000 | e:   1.000000 | Q:        nan | won: False 
#   20 | steps:   220 | steps_t:     0 | t: 0.211226 | r:  -510.000000 | e:   1.000000 | Q:        nan | won: False 
#   21 | steps:   229 | steps_t:     0 | t: 0.219306 | r:  -508.000000 | e:   1.000000 | Q:        nan | won: False 
#   22 | steps:   241 | steps_t:     0 | t: 0.231077 | r:  -511.000000 | e:   1.000000 | Q:        nan | won: False 
#   23 | steps:   251 | steps_t:     0 | t: 0.241434 | r:  -509.000000 | e:   1.000000 | Q:        nan | won: False 
#   24 | steps:   264 | steps_t:     0 | t: 0.253066 | r:  -512.000000 | e:   1.000000 | Q:        nan | won: False 
#   25 | steps:   272 | steps_t:     0 | t: 0.259638 | r:  -507.000000 | e:   1.000000 | Q:        nan | won: False 
#   26 | steps:   280 | steps_t:     0 | t: 0.265645 | r:  -507.000000 | e:   1.000000 | Q:        nan | won: False 
#   27 | steps:   289 | steps_t:     0 | t: 0.272609 | r:  -508.000000 | e:   1.000000 | Q:        nan | won: False 
#   28 | steps:   297 | steps_t:     0 | t: 0.278786 | r:  -507.000000 | e:   1.000000 | Q:        nan | won: False 
#   29 | steps:   312 | steps_t:     0 | t: 0.289779 | r:  -514.000000 | e:   1.000000 | Q:        nan | won: False 
#   30 | steps:   323 | steps_t:     0 | t: 0.299484 | r:  -510.000000 | e:   1.000000 | Q:        nan | won: False 
#   31 | steps:   333 | steps_t:     0 | t: 0.309623 | r:  -509.000000 | e:   1.000000 | Q:        nan | won: False 
#   32 | steps:   344 | steps_t:     0 | t: 0.318970 | r:  -510.000000 | e:   1.000000 | Q:        nan | won: False 
#   33 | steps:   350 | steps_t:     0 | t: 0.323715 | r:  -505.000000 | e:   1.000000 | Q:        nan | won: False 
#   34 | steps:   358 | steps_t:     0 | t: 0.331147 | r:  -507.000000 | e:   1.000000 | Q:        nan | won: False 
#   35 | steps:   379 | steps_t:     0 | t: 0.347886 | r:  -520.000000 | e:   1.000000 | Q:        nan | won: False 
#   36 | steps:   389 | steps_t:     0 | t: 0.355354 | r:  -509.000000 | e:   1.000000 | Q:        nan | won: False 
#   37 | steps:   397 | steps_t:     0 | t: 0.363507 | r:  -507.000000 | e:   1.000000 | Q:        nan | won: False 
#   38 | steps:   408 | steps_t:     0 | t: 0.373978 | r:  -510.000000 | e:   1.000000 | Q:        nan | won: False 
#   39 | steps:   417 | steps_t:     0 | t: 0.383152 | r:  -508.000000 | e:   1.000000 | Q:        nan | won: False 
#   40 | steps:   427 | steps_t:     0 | t: 0.391968 | r:  -509.000000 | e:   1.000000 | Q:        nan | won: False 
#   41 | steps:   434 | steps_t:     0 | t: 0.397940 | r:  -506.000000 | e:   1.000000 | Q:        nan | won: False 
#   42 | steps:   442 | steps_t:     0 | t: 0.404284 | r:  -507.000000 | e:   1.000000 | Q:        nan | won: False 
#   43 | steps:   450 | steps_t:     0 | t: 0.411174 | r:  -507.000000 | e:   1.000000 | Q:        nan | won: False 
#   44 | steps:   461 | steps_t:     0 | t: 0.420012 | r:  -510.000000 | e:   1.000000 | Q:        nan | won: False 
#   45 | steps:   469 | steps_t:     0 | t: 0.426867 | r:  -507.000000 | e:   1.000000 | Q:        nan | won: False 
#   46 | steps:   477 | steps_t:     0 | t: 0.434934 | r:  -507.000000 | e:   1.000000 | Q:        nan | won: False 
#   47 | steps:   485 | steps_t:     0 | t: 0.444297 | r:  -507.000000 | e:   1.000000 | Q:        nan | won: False 
#   48 | steps:   501 | steps_t:     0 | t: 0.457014 | r:  -515.000000 | e:   1.000000 | Q:        nan | won: False 
#   49 | steps:   510 | steps_t:     0 | t: 0.465491 | r:  -508.000000 | e:   1.000000 | Q:        nan | won: False 
#   50 | steps:   531 | steps_t:     0 | t: 0.484249 | r:  -520.000000 | e:   1.000000 | Q:        nan | won: False 
#   51 | steps:   543 | steps_t:     0 | t: 0.494815 | r:  -511.000000 | e:   1.000000 | Q:        nan | won: False 
#   52 | steps:   557 | steps_t:     0 | t: 0.509665 | r:  -513.000000 | e:   1.000000 | Q:        nan | won: False 
#   53 | steps:   568 | steps_t:     0 | t: 0.518076 | r:  -510.000000 | e:   1.000000 | Q:        nan | won: False 
#   54 | steps:   581 | steps_t:     0 | t: 0.533627 | r:  -501.000000 | e:   1.000000 | Q:        nan | won: False 
#   55 | steps:   595 | steps_t:     0 | t: 0.545975 | r:  -513.000000 | e:   1.000000 | Q:        nan | won: False 
#   56 | steps:   601 | steps_t:     0 | t: 0.550869 | r:  -505.000000 | e:   1.000000 | Q:        nan | won: False 
#   57 | steps:   621 | steps_t:     0 | t: 0.567141 | r:  -519.000000 | e:   1.000000 | Q:        nan | won: False 
#   58 | steps:   632 | steps_t:     0 | t: 0.579080 | r:  -510.000000 | e:   1.000000 | Q:        nan | won: False 
#   59 | steps:   648 | steps_t:     0 | t: 0.597341 | r:  -515.000000 | e:   1.000000 | Q:        nan | won: False 
#   60 | steps:   656 | steps_t:     0 | t: 0.604253 | r:  -507.000000 | e:   1.000000 | Q:        nan | won: False 
#   61 | steps:   662 | steps_t:     0 | t: 0.610129 | r:  -505.000000 | e:   1.000000 | Q:        nan | won: False 
#   62 | steps:   668 | steps_t:     0 | t: 0.614507 | r:  -505.000000 | e:   1.000000 | Q:        nan | won: False 
#   63 | steps:   681 | steps_t:     0 | t: 0.627343 | r:  -512.000000 | e:   1.000000 | Q:        nan | won: False 
#   64 | steps:   690 | steps_t:     0 | t: 0.634670 | r:  -508.000000 | e:   1.000000 | Q:        nan | won: False 
#   65 | steps:   697 | steps_t:     0 | t: 0.640409 | r:  -506.000000 | e:   1.000000 | Q:        nan | won: False 
#   66 | steps:   705 | steps_t:     0 | t: 0.647561 | r:  -507.000000 | e:   1.000000 | Q:        nan | won: False 
#   67 | steps:   717 | steps_t:     0 | t: 0.656435 | r:  -511.000000 | e:   1.000000 | Q:        nan | won: False 
#   68 | steps:   724 | steps_t:     0 | t: 0.662854 | r:  -506.000000 | e:   1.000000 | Q:        nan | won: False 
#   69 | steps:   733 | steps_t:     0 | t: 0.669532 | r:  -508.000000 | e:   1.000000 | Q:        nan | won: False 
#   70 | steps:   739 | steps_t:     0 | t: 0.674336 | r:  -505.000000 | e:   1.000000 | Q:        nan | won: False 
#   71 | steps:   747 | steps_t:     0 | t: 0.681142 | r:  -507.000000 | e:   1.000000 | Q:        nan | won: False 
#   72 | steps:   755 | steps_t:     0 | t: 0.686689 | r:  -507.000000 | e:   1.000000 | Q:        nan | won: False 
#   73 | steps:   764 | steps_t:     0 | t: 0.697351 | r:  -508.000000 | e:   1.000000 | Q:        nan | won: False 
#   74 | steps:   771 | steps_t:     0 | t: 0.702408 | r:  -506.000000 | e:   1.000000 | Q:        nan | won: False 
#   75 | steps:   779 | steps_t:     0 | t: 0.709479 | r:  -507.000000 | e:   1.000000 | Q:        nan | won: False 
#   76 | steps:   789 | steps_t:     0 | t: 0.717501 | r:  -509.000000 | e:   1.000000 | Q:        nan | won: False 
#   77 | steps:   796 | steps_t:     0 | t: 0.724542 | r:  -506.000000 | e:   1.000000 | Q:        nan | won: False 
#   78 | steps:   805 | steps_t:     0 | t: 0.732303 | r:  -508.000000 | e:   1.000000 | Q:        nan | won: False 
#   79 | steps:   811 | steps_t:     0 | t: 0.736610 | r:  -505.000000 | e:   1.000000 | Q:        nan | won: False 
#   80 | steps:   819 | steps_t:     0 | t: 0.742901 | r:  -507.000000 | e:   1.000000 | Q:        nan | won: False 
#   81 | steps:   828 | steps_t:     0 | t: 0.749520 | r:  -508.000000 | e:   1.000000 | Q:        nan | won: False 
#   82 | steps:   837 | steps_t:     0 | t: 0.756518 | r:  -508.000000 | e:   1.000000 | Q:        nan | won: False 
#   83 | steps:   847 | steps_t:     0 | t: 0.765342 | r:  -509.000000 | e:   1.000000 | Q:        nan | won: False 
#   84 | steps:   856 | steps_t:     0 | t: 0.772225 | r:  -508.000000 | e:   1.000000 | Q:        nan | won: False 
#   85 | steps:   864 | steps_t:     0 | t: 0.780662 | r:  -507.000000 | e:   1.000000 | Q:        nan | won: False 
#   86 | steps:   872 | steps_t:     0 | t: 0.788510 | r:  -507.000000 | e:   1.000000 | Q:        nan | won: False 
#   87 | steps:   890 | steps_t:     0 | t: 0.802357 | r:  -517.000000 | e:   1.000000 | Q:        nan | won: False 
#   88 | steps:   897 | steps_t:     0 | t: 0.808045 | r:  -506.000000 | e:   1.000000 | Q:        nan | won: False 
#   89 | steps:   906 | steps_t:     0 | t: 0.815101 | r:  -508.000000 | e:   1.000000 | Q:        nan | won: False 
#   90 | steps:   915 | steps_t:     0 | t: 0.823579 | r:  -508.000000 | e:   1.000000 | Q:        nan | won: False 
#   91 | steps:   926 | steps_t:     0 | t: 0.834647 | r:  -510.000000 | e:   1.000000 | Q:        nan | won: False 
#   92 | steps:   934 | steps_t:     0 | t: 0.842552 | r:  -507.000000 | e:   1.000000 | Q:        nan | won: False 
#   93 | steps:   944 | steps_t:     0 | t: 0.852222 | r:  -509.000000 | e:   1.000000 | Q:        nan | won: False 
#   94 | steps:   958 | steps_t:     0 | t: 0.865342 | r:  -502.000000 | e:   1.000000 | Q:        nan | won: False 
#   95 | steps:   966 | steps_t:     0 | t: 0.871629 | r:  -507.000000 | e:   1.000000 | Q:        nan | won: False 
#   96 | steps:   974 | steps_t:     0 | t: 0.877728 | r:  -507.000000 | e:   1.000000 | Q:        nan | won: False 
#   97 | steps:   984 | steps_t:     0 | t: 0.885782 | r:  -509.000000 | e:   1.000000 | Q:        nan | won: False 
#   98 | steps:   991 | steps_t:     0 | t: 0.893413 | r:  -506.000000 | e:   1.000000 | Q:        nan | won: False 
#   99 | steps:  1005 | steps_t:     0 | t: 0.905859 | r:  -513.000000 | e:   1.000000 | Q:        nan | won: False 
#  100 | steps:  1025 | steps_t:     0 | t: 0.923909 | r:  -519.000000 | e:   1.000000 | Q:        nan | won: False 
#  101 | steps:  1036 | steps_t:     0 | t: 0.932985 | r:  -510.000000 | e:   1.000000 | Q:        nan | won: False 
#  102 | steps:  1049 | steps_t:     0 | t: 0.943378 | r:  -512.000000 | e:   1.000000 | Q:        nan | won: False 
#  103 | steps:  1064 | steps_t:     0 | t: 0.955998 | r:  -514.000000 | e:   1.000000 | Q:        nan | won: False 
#  104 | steps:  1072 | steps_t:     0 | t: 0.964438 | r:  -507.000000 | e:   1.000000 | Q:        nan | won: False 
#  105 | steps:  1093 | steps_t:     0 | t: 0.982534 | r:  -520.000000 | e:   1.000000 | Q:        nan | won: False 
#  106 | steps:  1101 | steps_t:     0 | t: 0.989614 | r:  -507.000000 | e:   1.000000 | Q:        nan | won: False 
#  107 | steps:  1109 | steps_t:     0 | t: 0.998372 | r:  -507.000000 | e:   1.000000 | Q:        nan | won: False 
#  108 | steps:  1115 | steps_t:     0 | t: 1.002651 | r:  -505.000000 | e:   1.000000 | Q:        nan | won: False 
#  109 | steps:  1123 | steps_t:     0 | t: 1.010299 | r:  -507.000000 | e:   1.000000 | Q:        nan | won: False 
#  110 | steps:  1131 | steps_t:     0 | t: 1.015979 | r:  -507.000000 | e:   1.000000 | Q:        nan | won: False 
#  111 | steps:  1137 | steps_t:     0 | t: 1.020890 | r:  -505.000000 | e:   1.000000 | Q:        nan | won: False 
#  112 | steps:  1158 | steps_t:     0 | t: 1.041223 | r:  -520.000000 | e:   1.000000 | Q:        nan | won: False 
#  113 | steps:  1166 | steps_t:     0 | t: 1.047282 | r:  -507.000000 | e:   1.000000 | Q:        nan | won: False 
#  114 | steps:  1175 | steps_t:     0 | t: 1.055182 | r:  -508.000000 | e:   1.000000 | Q:        nan | won: False 
#  115 | steps:  1192 | steps_t:     0 | t: 1.069962 | r:  -516.000000 | e:   1.000000 | Q:        nan | won: False 
#  116 | steps:  1215 | steps_t:     0 | t: 1.089780 | r:  -522.000000 | e:   1.000000 | Q:        nan | won: False 
#  117 | steps:  1226 | steps_t:     0 | t: 1.097914 | r:  -510.000000 | e:   1.000000 | Q:        nan | won: False 
#  118 | steps:  1236 | steps_t:     0 | t: 1.109189 | r:  -509.000000 | e:   1.000000 | Q:        nan | won: False 
#  119 | steps:  1245 | steps_t:     0 | t: 1.116372 | r:  -508.000000 | e:   1.000000 | Q:        nan | won: False 
#  120 | steps:  1256 | steps_t:     0 | t: 1.124972 | r:  -510.000000 | e:   1.000000 | Q:        nan | won: False 
#  121 | steps:  1263 | steps_t:     0 | t: 1.131888 | r:  -506.000000 | e:   1.000000 | Q:        nan | won: False 
#  122 | steps:  1269 | steps_t:     0 | t: 1.137731 | r:  -505.000000 | e:   1.000000 | Q:        nan | won: False 
#  123 | steps:  1278 | steps_t:     0 | t: 1.146353 | r:  -508.000000 | e:   1.000000 | Q:        nan | won: False 
#  124 | steps:  1288 | steps_t:     0 | t: 1.153592 | r:  -509.000000 | e:   1.000000 | Q:        nan | won: False 
#  125 | steps:  1306 | steps_t:     0 | t: 1.168350 | r:  -517.000000 | e:   1.000000 | Q:        nan | won: False 
#  126 | steps:  1313 | steps_t:     0 | t: 1.176518 | r:  -506.000000 | e:   1.000000 | Q:        nan | won: False 
#  127 | steps:  1325 | steps_t:     0 | t: 1.188592 | r:  -511.000000 | e:   1.000000 | Q:        nan | won: False 
#  128 | steps:  1338 | steps_t:     0 | t: 1.202096 | r:  -512.000000 | e:   1.000000 | Q:        nan | won: False 
#  129 | steps:  1347 | steps_t:     0 | t: 1.209749 | r:  -508.000000 | e:   1.000000 | Q:        nan | won: False 
#  130 | steps:  1353 | steps_t:     0 | t: 1.214997 | r:  -505.000000 | e:   1.000000 | Q:        nan | won: False 
#  131 | steps:  1371 | steps_t:     0 | t: 1.230394 | r:  -517.000000 | e:   1.000000 | Q:        nan | won: False 
#  132 | steps:  1381 | steps_t:     0 | t: 1.240685 | r:  -509.000000 | e:   1.000000 | Q:        nan | won: False 
#  133 | steps:  1390 | steps_t:     0 | t: 1.248537 | r:  -508.000000 | e:   1.000000 | Q:        nan | won: False 
#  134 | steps:  1405 | steps_t:     0 | t: 1.262919 | r:  -514.000000 | e:   1.000000 | Q:        nan | won: False 
#  135 | steps:  1420 | steps_t:     0 | t: 1.275409 | r:  -492.000000 | e:   1.000000 | Q:        nan | won: False 
#  136 | steps:  1445 | steps_t:     0 | t: 1.296304 | r:  -524.000000 | e:   1.000000 | Q:        nan | won: False 
#  137 | steps:  1457 | steps_t:     0 | t: 1.309753 | r:  -511.000000 | e:   1.000000 | Q:        nan | won: False 
#  138 | steps:  1464 | steps_t:     0 | t: 1.315653 | r:  -506.000000 | e:   1.000000 | Q:        nan | won: False 
#  139 | steps:  1471 | steps_t:     0 | t: 1.321326 | r:  -506.000000 | e:   1.000000 | Q:        nan | won: False 
#  140 | steps:  1496 | steps_t:     0 | t: 1.341529 | r:  -524.000000 | e:   1.000000 | Q:        nan | won: False 
#  141 | steps:  1505 | steps_t:     0 | t: 1.349885 | r:  -508.000000 | e:   1.000000 | Q:        nan | won: False 
#  142 | steps:  1516 | steps_t:     0 | t: 1.360493 | r:  -510.000000 | e:   1.000000 | Q:        nan | won: False 
#  143 | steps:  1525 | steps_t:     0 | t: 1.367762 | r:  -508.000000 | e:   1.000000 | Q:        nan | won: False 
#  144 | steps:  1535 | steps_t:     0 | t: 1.379389 | r:  -509.000000 | e:   1.000000 | Q:        nan | won: False 
#  145 | steps:  1545 | steps_t:     0 | t: 1.389055 | r:  -509.000000 | e:   1.000000 | Q:        nan | won: False 
#  146 | steps:  1556 | steps_t:     0 | t: 1.397833 | r:  -510.000000 | e:   1.000000 | Q:        nan | won: False 
#  147 | steps:  1562 | steps_t:     0 | t: 1.401978 | r:  -505.000000 | e:   1.000000 | Q:        nan | won: False 
#  148 | steps:  1568 | steps_t:     0 | t: 1.406945 | r:  -505.000000 | e:   1.000000 | Q:        nan | won: False 
#  149 | steps:  1577 | steps_t:     0 | t: 1.413490 | r:  -508.000000 | e:   1.000000 | Q:        nan | won: False 
#  150 | steps:  1585 | steps_t:     0 | t: 1.420013 | r:  -507.000000 | e:   1.000000 | Q:        nan | won: False 
#  151 | steps:  1601 | steps_t:     0 | t: 1.432893 | r:  -515.000000 | e:   1.000000 | Q:        nan | won: False 
#  152 | steps:  1617 | steps_t:     0 | t: 1.447945 | r:  -515.000000 | e:   1.000000 | Q:        nan | won: False 
#  153 | steps:  1623 | steps_t:     0 | t: 1.452416 | r:  -505.000000 | e:   1.000000 | Q:        nan | won: False 
#  154 | steps:  1634 | steps_t:     0 | t: 1.463329 | r:  -510.000000 | e:   1.000000 | Q:        nan | won: False 
#  155 | steps:  1650 | steps_t:     0 | t: 1.475324 | r:  -504.000000 | e:   1.000000 | Q:        nan | won: False 
#  156 | steps:  1657 | steps_t:     0 | t: 1.481643 | r:  -506.000000 | e:   1.000000 | Q:        nan | won: False 
#  157 | steps:  1667 | steps_t:     0 | t: 1.489125 | r:  -509.000000 | e:   1.000000 | Q:        nan | won: False 
#  158 | steps:  1678 | steps_t:     0 | t: 1.500488 | r:  -510.000000 | e:   1.000000 | Q:        nan | won: False 
#  159 | steps:  1686 | steps_t:     0 | t: 1.506962 | r:  -507.000000 | e:   1.000000 | Q:        nan | won: False 
#  160 | steps:  1705 | steps_t:     0 | t: 1.523031 | r:  -518.000000 | e:   1.000000 | Q:        nan | won: False 
#  161 | steps:  1714 | steps_t:     0 | t: 1.531282 | r:  -508.000000 | e:   1.000000 | Q:        nan | won: False 
#  162 | steps:  1734 | steps_t:     0 | t: 1.547999 | r:  -508.000000 | e:   1.000000 | Q:        nan | won: False 
#  163 | steps:  1742 | steps_t:     0 | t: 1.553782 | r:  -507.000000 | e:   1.000000 | Q:        nan | won: False 
#  164 | steps:  1749 | steps_t:     0 | t: 1.559541 | r:  -506.000000 | e:   1.000000 | Q:        nan | won: False 
#  165 | steps:  1762 | steps_t:     0 | t: 1.570429 | r:  -512.000000 | e:   1.000000 | Q:        nan | won: False 
#  166 | steps:  1772 | steps_t:     0 | t: 1.581245 | r:  -509.000000 | e:   1.000000 | Q:        nan | won: False 
#  167 | steps:  1782 | steps_t:     0 | t: 1.589810 | r:  -509.000000 | e:   1.000000 | Q:        nan | won: False 
#  168 | steps:  1803 | steps_t:     0 | t: 1.607565 | r:  -520.000000 | e:   1.000000 | Q:        nan | won: False 
#  169 | steps:  1812 | steps_t:     0 | t: 1.614311 | r:  -508.000000 | e:   1.000000 | Q:        nan | won: False 
#  170 | steps:  1829 | steps_t:     0 | t: 1.628273 | r:  -505.000000 | e:   1.000000 | Q:        nan | won: False 
#  171 | steps:  1837 | steps_t:     0 | t: 1.639423 | r:  -507.000000 | e:   1.000000 | Q:        nan | won: False 
#  172 | steps:  1850 | steps_t:     0 | t: 1.649871 | r:  -512.000000 | e:   1.000000 | Q:        nan | won: False 
#  173 | steps:  1865 | steps_t:     0 | t: 1.663357 | r:  -514.000000 | e:   1.000000 | Q:        nan | won: False 
#  174 | steps:  1874 | steps_t:     0 | t: 1.671131 | r:  -508.000000 | e:   1.000000 | Q:        nan | won: False 
#  175 | steps:  1883 | steps_t:     0 | t: 1.678805 | r:  -508.000000 | e:   1.000000 | Q:        nan | won: False 
#  176 | steps:  1892 | steps_t:     0 | t: 1.689657 | r:  -508.000000 | e:   1.000000 | Q:        nan | won: False 
#  177 | steps:  1902 | steps_t:     0 | t: 1.697525 | r:  -509.000000 | e:   1.000000 | Q:        nan | won: False 
#  178 | steps:  1909 | steps_t:     0 | t: 1.705919 | r:  -506.000000 | e:   1.000000 | Q:        nan | won: False 
#  179 | steps:  1915 | steps_t:     0 | t: 1.712125 | r:  -505.000000 | e:   1.000000 | Q:        nan | won: False 
#  180 | steps:  1926 | steps_t:     0 | t: 1.720025 | r:  -510.000000 | e:   1.000000 | Q:        nan | won: False 
#  181 | steps:  1940 | steps_t:     0 | t: 1.735116 | r:  -513.000000 | e:   1.000000 | Q:        nan | won: False 
#  182 | steps:  1954 | steps_t:     0 | t: 1.748335 | r:  -513.000000 | e:   1.000000 | Q:        nan | won: False 
#  183 | steps:  1962 | steps_t:     0 | t: 1.754669 | r:  -507.000000 | e:   1.000000 | Q:        nan | won: False 
#  184 | steps:  1981 | steps_t:     0 | t: 1.770291 | r:  -518.000000 | e:   1.000000 | Q:        nan | won: False 
#  185 | steps:  1990 | steps_t:     0 | t: 1.781103 | r:  -508.000000 | e:   1.000000 | Q:        nan | won: False 
#  186 | steps:  2004 | steps_t:     0 | t: 1.795075 | r:  -513.000000 | e:   1.000000 | Q:        nan | won: False 
#  187 | steps:  2012 | steps_t:     0 | t: 1.802305 | r:  -507.000000 | e:   1.000000 | Q:        nan | won: False 
#  188 | steps:  2021 | steps_t:     0 | t: 1.810080 | r:  -508.000000 | e:   1.000000 | Q:        nan | won: False 
#  189 | steps:  2038 | steps_t:     0 | t: 1.824318 | r:  -516.000000 | e:   1.000000 | Q:        nan | won: False 
#  190 | steps:  2044 | steps_t:     0 | t: 1.829726 | r:  -505.000000 | e:   1.000000 | Q:        nan | won: False 
#  191 | steps:  2051 | steps_t:     0 | t: 1.836462 | r:  -506.000000 | e:   1.000000 | Q:        nan | won: False 
#  192 | steps:  2059 | steps_t:     0 | t: 1.844062 | r:  -507.000000 | e:   1.000000 | Q:        nan | won: False 
#  193 | steps:  2066 | steps_t:     0 | t: 1.849965 | r:  -506.000000 | e:   1.000000 | Q:        nan | won: False 
#  194 | steps:  2074 | steps_t:     0 | t: 1.857582 | r:  -507.000000 | e:   1.000000 | Q:        nan | won: False 
#  195 | steps:  2082 | steps_t:     0 | t: 1.864486 | r:  -507.000000 | e:   1.000000 | Q:        nan | won: False 
#  196 | steps:  2125 | steps_t:     0 | t: 1.897966 | r:  -531.000000 | e:   1.000000 | Q:        nan | won: False 
#  197 | steps:  2133 | steps_t:     0 | t: 1.907149 | r:  -507.000000 | e:   1.000000 | Q:        nan | won: False 
#  198 | steps:  2140 | steps_t:     0 | t: 1.912482 | r:  -506.000000 | e:   1.000000 | Q:        nan | won: False 
#  199 | steps:  2159 | steps_t:     0 | t: 1.929885 | r:  -518.000000 | e:   1.000000 | Q:        nan | won: False 
#  200 | steps:  2171 | steps_t:     0 | t: 1.939628 | r:  -511.000000 | e:   1.000000 | Q:        nan | won: False 
#  201 | steps:  2180 | steps_t:     0 | t: 1.947124 | r:  -508.000000 | e:   1.000000 | Q:        nan | won: False 
#  202 | steps:  2196 | steps_t:     0 | t: 1.961242 | r:  -515.000000 | e:   1.000000 | Q:        nan | won: False 
#  203 | steps:  2203 | steps_t:     0 | t: 1.966497 | r:  -506.000000 | e:   1.000000 | Q:        nan | won: False 
#  204 | steps:  2209 | steps_t:     0 | t: 1.971301 | r:  -505.000000 | e:   1.000000 | Q:        nan | won: False 
#  205 | steps:  2220 | steps_t:     0 | t: 1.981475 | r:  -510.000000 | e:   1.000000 | Q:        nan | won: False 
#  206 | steps:  2227 | steps_t:     0 | t: 1.987942 | r:  -506.000000 | e:   1.000000 | Q:        nan | won: False 
#  207 | steps:  2235 | steps_t:     0 | t: 1.995124 | r:  -507.000000 | e:   1.000000 | Q:        nan | won: False 
#  208 | steps:  2257 | steps_t:     0 | t: 2.011360 | r:  -521.000000 | e:   1.000000 | Q:        nan | won: False 
#  209 | steps:  2272 | steps_t:     0 | t: 2.024016 | r:  -503.000000 | e:   1.000000 | Q:        nan | won: False 
#  210 | steps:  2289 | steps_t:     0 | t: 2.042096 | r:  -516.000000 | e:   1.000000 | Q:        nan | won: False 
#  211 | steps:  2301 | steps_t:     0 | t: 2.052529 | r:  -511.000000 | e:   1.000000 | Q:        nan | won: False 
#  212 | steps:  2312 | steps_t:     0 | t: 2.061524 | r:  -510.000000 | e:   1.000000 | Q:        nan | won: False 
#  213 | steps:  2320 | steps_t:     0 | t: 2.067070 | r:  -507.000000 | e:   1.000000 | Q:        nan | won: False 
#  214 | steps:  2340 | steps_t:     0 | t: 2.082805 | r:  -508.000000 | e:   1.000000 | Q:        nan | won: False 
#  215 | steps:  2350 | steps_t:     0 | t: 2.090938 | r:  -509.000000 | e:   1.000000 | Q:        nan | won: False 
#  216 | steps:  2359 | steps_t:     0 | t: 2.099003 | r:  -508.000000 | e:   1.000000 | Q:        nan | won: False 
#  217 | steps:  2377 | steps_t:     0 | t: 2.117248 | r:  -517.000000 | e:   1.000000 | Q:        nan | won: False 
#  218 | steps:  2387 | steps_t:     0 | t: 2.124278 | r:  -509.000000 | e:   1.000000 | Q:        nan | won: False 
#  219 | steps:  2413 | steps_t:     0 | t: 2.144509 | r:  -525.000000 | e:   1.000000 | Q:        nan | won: False 
#  220 | steps:  2425 | steps_t:     0 | t: 2.153403 | r:  -511.000000 | e:   1.000000 | Q:        nan | won: False 
#  221 | steps:  2432 | steps_t:     0 | t: 2.158895 | r:  -506.000000 | e:   1.000000 | Q:        nan | won: False 
#  222 | steps:  2439 | steps_t:     0 | t: 2.164262 | r:  -506.000000 | e:   1.000000 | Q:        nan | won: False 
#  223 | steps:  2446 | steps_t:     0 | t: 2.170410 | r:  -506.000000 | e:   1.000000 | Q:        nan | won: False 
#  224 | steps:  2457 | steps_t:     0 | t: 2.183089 | r:  -510.000000 | e:   1.000000 | Q:        nan | won: False 
#  225 | steps:  2498 | steps_t:     0 | t: 2.215933 | r:  -529.000000 | e:   1.000000 | Q:        nan | won: False 
#  226 | steps:  2504 | steps_t:     0 | t: 2.221338 | r:  -505.000000 | e:   1.000000 | Q:        nan | won: False 
#  227 | steps:  2520 | steps_t:     0 | t: 2.233268 | r:  -504.000000 | e:   1.000000 | Q:        nan | won: False 
#  228 | steps:  2535 | steps_t:     0 | t: 2.248183 | r:  -514.000000 | e:   1.000000 | Q:        nan | won: False 
#  229 | steps:  2541 | steps_t:     0 | t: 2.252561 | r:  -505.000000 | e:   1.000000 | Q:        nan | won: False 
#  230 | steps:  2548 | steps_t:     0 | t: 2.258542 | r:  -506.000000 | e:   1.000000 | Q:        nan | won: False 
#  231 | steps:  2556 | steps_t:     0 | t: 2.265921 | r:  -507.000000 | e:   1.000000 | Q:        nan | won: False 
#  232 | steps:  2571 | steps_t:     0 | t: 2.280131 | r:  -514.000000 | e:   1.000000 | Q:        nan | won: False 
#  233 | steps:  2581 | steps_t:     0 | t: 2.288041 | r:  -509.000000 | e:   1.000000 | Q:        nan | won: False 
#  234 | steps:  2588 | steps_t:     0 | t: 2.293108 | r:  -506.000000 | e:   1.000000 | Q:        nan | won: False 
#  235 | steps:  2593 | steps_t:     0 | t: 2.297361 | r:  -504.000000 | e:   1.000000 | Q:        nan | won: False 
#  236 | steps:  2600 | steps_t:     0 | t: 2.305795 | r:  -506.000000 | e:   1.000000 | Q:        nan | won: False 
#  237 | steps:  2606 | steps_t:     0 | t: 2.312311 | r:  -505.000000 | e:   1.000000 | Q:        nan | won: False 
#  238 | steps:  2623 | steps_t:     0 | t: 2.328478 | r:  -516.000000 | e:   1.000000 | Q:        nan | won: False 
#  239 | steps:  2630 | steps_t:     0 | t: 2.334982 | r:  -506.000000 | e:   1.000000 | Q:        nan | won: False 
#  240 | steps:  2637 | steps_t:     0 | t: 2.340642 | r:  -506.000000 | e:   1.000000 | Q:        nan | won: False 
#  241 | steps:  2644 | steps_t:     0 | t: 2.347539 | r:  -506.000000 | e:   1.000000 | Q:        nan | won: False 
#  242 | steps:  2651 | steps_t:     0 | t: 2.352736 | r:  -506.000000 | e:   1.000000 | Q:        nan | won: False 
#  243 | steps:  2661 | steps_t:     0 | t: 2.362094 | r:  -509.000000 | e:   1.000000 | Q:        nan | won: False 
#  244 | steps:  2673 | steps_t:     0 | t: 2.371632 | r:  -511.000000 | e:   1.000000 | Q:        nan | won: False 
#  245 | steps:  2692 | steps_t:     0 | t: 2.389439 | r:  -507.000000 | e:   1.000000 | Q:        nan | won: False 
#  246 | steps:  2704 | steps_t:     0 | t: 2.401646 | r:  -511.000000 | e:   1.000000 | Q:        nan | won: False 
#  247 | steps:  2725 | steps_t:     0 | t: 2.419421 | r:  -520.000000 | e:   1.000000 | Q:        nan | won: False 
#  248 | steps:  2743 | steps_t:     0 | t: 2.435817 | r:  -517.000000 | e:   1.000000 | Q:        nan | won: False 
#  249 | steps:  2761 | steps_t:     0 | t: 2.451010 | r:  -517.000000 | e:   1.000000 | Q:        nan | won: False 
#  250 | steps:  2770 | steps_t:     0 | t: 2.459794 | r:  -508.000000 | e:   1.000000 | Q:        nan | won: False 
#  251 | steps:  2778 | steps_t:     0 | t: 2.466659 | r:  -507.000000 | e:   1.000000 | Q:        nan | won: False 
#  252 | steps:  2784 | steps_t:     0 | t: 2.471957 | r:  -505.000000 | e:   1.000000 | Q:        nan | won: False 
#  253 | steps:  2793 | steps_t:     0 | t: 2.478742 | r:  -508.000000 | e:   1.000000 | Q:        nan | won: False 
#  254 | steps:  2803 | steps_t:     0 | t: 2.488154 | r:  -509.000000 | e:   1.000000 | Q:        nan | won: False 
#  255 | steps:  2810 | steps_t:     0 | t: 2.494199 | r:  -506.000000 | e:   1.000000 | Q:        nan | won: False 
#  256 | steps:  2823 | steps_t:     0 | t: 2.506760 | r:  -512.000000 | e:   1.000000 | Q:        nan | won: False 
#  257 | steps:  2834 | steps_t:     0 | t: 2.514730 | r:  -510.000000 | e:   1.000000 | Q:        nan | won: False 
#  258 | steps:  2843 | steps_t:     0 | t: 2.523371 | r:  -508.000000 | e:   1.000000 | Q:        nan | won: False 
#  259 | steps:  2855 | steps_t:     0 | t: 2.533925 | r:  -511.000000 | e:   1.000000 | Q:        nan | won: False 
#  260 | steps:  2864 | steps_t:     0 | t: 2.540733 | r:  -508.000000 | e:   1.000000 | Q:        nan | won: False 
#  261 | steps:  2878 | steps_t:     0 | t: 2.552602 | r:  -513.000000 | e:   1.000000 | Q:        nan | won: False 
#  262 | steps:  2887 | steps_t:     0 | t: 2.560071 | r:  -508.000000 | e:   1.000000 | Q:        nan | won: False 
#  263 | steps:  2897 | steps_t:     0 | t: 2.568322 | r:  -509.000000 | e:   1.000000 | Q:        nan | won: False 
#  264 | steps:  2904 | steps_t:     0 | t: 2.576819 | r:  -506.000000 | e:   1.000000 | Q:        nan | won: False 
#  265 | steps:  2914 | steps_t:     0 | t: 2.585948 | r:  -509.000000 | e:   1.000000 | Q:        nan | won: False 
#  266 | steps:  2923 | steps_t:     0 | t: 2.594179 | r:  -508.000000 | e:   1.000000 | Q:        nan | won: False 
#  267 | steps:  2930 | steps_t:     0 | t: 2.599797 | r:  -506.000000 | e:   1.000000 | Q:        nan | won: False 
#  268 | steps:  2937 | steps_t:     0 | t: 2.606152 | r:  -506.000000 | e:   1.000000 | Q:        nan | won: False 
#  269 | steps:  2947 | steps_t:     0 | t: 2.614895 | r:  -509.000000 | e:   1.000000 | Q:        nan | won: False 
#  270 | steps:  2961 | steps_t:     0 | t: 2.626109 | r:  -513.000000 | e:   1.000000 | Q:        nan | won: False 
#  271 | steps:  2969 | steps_t:     0 | t: 2.632811 | r:  -507.000000 | e:   1.000000 | Q:        nan | won: False 
#  272 | steps:  2990 | steps_t:     0 | t: 2.651451 | r:  -520.000000 | e:   1.000000 | Q:        nan | won: False 
#  273 | steps:  2999 | steps_t:     0 | t: 2.660959 | r:  -508.000000 | e:   1.000000 | Q:        nan | won: False 
#  274 | steps:  3009 | steps_t:     0 | t: 2.668476 | r:  -509.000000 | e:   1.000000 | Q:        nan | won: False 
#  275 | steps:  3020 | steps_t:     0 | t: 2.678533 | r:  -510.000000 | e:   1.000000 | Q:        nan | won: False 
#  276 | steps:  3029 | steps_t:     0 | t: 2.685191 | r:  -508.000000 | e:   1.000000 | Q:        nan | won: False 
#  277 | steps:  3039 | steps_t:     0 | t: 2.694874 | r:  -509.000000 | e:   1.000000 | Q:        nan | won: False 
#  278 | steps:  3048 | steps_t:     0 | t: 2.702673 | r:  -508.000000 | e:   1.000000 | Q:        nan | won: False 
#  279 | steps:  3059 | steps_t:     0 | t: 2.714360 | r:  -510.000000 | e:   1.000000 | Q:        nan | won: False 
#  280 | steps:  3074 | steps_t:     0 | t: 2.726626 | r:  -514.000000 | e:   1.000000 | Q:        nan | won: False 
#  281 | steps:  3084 | steps_t:     0 | t: 2.734305 | r:  -509.000000 | e:   1.000000 | Q:        nan | won: False 
#  282 | steps:  3093 | steps_t:     0 | t: 2.742664 | r:  -508.000000 | e:   1.000000 | Q:        nan | won: False 
#  283 | steps:  3101 | steps_t:     0 | t: 2.749539 | r:  -507.000000 | e:   1.000000 | Q:        nan | won: False 
#  284 | steps:  3108 | steps_t:     0 | t: 2.755043 | r:  -506.000000 | e:   1.000000 | Q:        nan | won: False 
#  285 | steps:  3118 | steps_t:     0 | t: 2.762136 | r:  -509.000000 | e:   1.000000 | Q:        nan | won: False 
#  286 | steps:  3128 | steps_t:     0 | t: 2.769638 | r:  -509.000000 | e:   1.000000 | Q:        nan | won: False 
#  287 | steps:  3136 | steps_t:     0 | t: 2.777088 | r:  -507.000000 | e:   1.000000 | Q:        nan | won: False 
#  288 | steps:  3202 | steps_t:     0 | t: 2.831708 | r:  -554.000000 | e:   1.000000 | Q:        nan | won: False 
#  289 | steps:  3216 | steps_t:     0 | t: 2.847577 | r:  -513.000000 | e:   1.000000 | Q:        nan | won: False 
#  290 | steps:  3222 | steps_t:     0 | t: 2.851761 | r:  -505.000000 | e:   1.000000 | Q:        nan | won: False 
#  291 | steps:  3229 | steps_t:     0 | t: 2.857327 | r:  -506.000000 | e:   1.000000 | Q:        nan | won: False 
#  292 | steps:  3243 | steps_t:     0 | t: 2.872341 | r:  -513.000000 | e:   1.000000 | Q:        nan | won: False 
#  293 | steps:  3251 | steps_t:     0 | t: 2.879901 | r:  -507.000000 | e:   1.000000 | Q:        nan | won: False 
#  294 | steps:  3258 | steps_t:     0 | t: 2.884759 | r:  -506.000000 | e:   1.000000 | Q:        nan | won: False 
#  295 | steps:  3265 | steps_t:     0 | t: 2.891184 | r:  -506.000000 | e:   1.000000 | Q:        nan | won: False 
#  296 | steps:  3286 | steps_t:     0 | t: 2.910548 | r:  -520.000000 | e:   1.000000 | Q:        nan | won: False 
#  297 | steps:  3292 | steps_t:     0 | t: 2.915696 | r:  -505.000000 | e:   1.000000 | Q:        nan | won: False 
#  298 | steps:  3301 | steps_t:     0 | t: 2.925113 | r:  -508.000000 | e:   1.000000 | Q:        nan | won: False 
#  299 | steps:  3314 | steps_t:     0 | t: 2.935942 | r:  -512.000000 | e:   1.000000 | Q:        nan | won: False 
#  300 | steps:  3337 | steps_t:     0 | t: 2.954010 | r:  -522.000000 | e:   1.000000 | Q:        nan | won: False 
#  301 | steps:  3347 | steps_t:     0 | t: 2.964435 | r:  -509.000000 | e:   1.000000 | Q:        nan | won: False 
#  302 | steps:  3360 | steps_t:     0 | t: 2.976522 | r:  -512.000000 | e:   1.000000 | Q:        nan | won: False 
#  303 | steps:  3369 | steps_t:     0 | t: 2.983730 | r:  -508.000000 | e:   1.000000 | Q:        nan | won: False 
#  304 | steps:  3375 | steps_t:     0 | t: 2.990159 | r:  -505.000000 | e:   1.000000 | Q:        nan | won: False 
#  305 | steps:  3381 | steps_t:     0 | t: 2.995690 | r:  -505.000000 | e:   1.000000 | Q:        nan | won: False 
#  306 | steps:  3389 | steps_t:     0 | t: 3.001696 | r:  -507.000000 | e:   1.000000 | Q:        nan | won: False 
#  307 | steps:  3398 | steps_t:     0 | t: 3.008784 | r:  -508.000000 | e:   1.000000 | Q:        nan | won: False 
#  308 | steps:  3415 | steps_t:     0 | t: 3.023483 | r:  -516.000000 | e:   1.000000 | Q:        nan | won: False 
#  309 | steps:  3425 | steps_t:     0 | t: 3.032252 | r:  -509.000000 | e:   1.000000 | Q:        nan | won: False 
#  310 | steps:  3431 | steps_t:     0 | t: 3.039538 | r:  -505.000000 | e:   1.000000 | Q:        nan | won: False 
#  311 | steps:  3438 | steps_t:     0 | t: 3.044929 | r:  -506.000000 | e:   1.000000 | Q:        nan | won: False 
#  312 | steps:  3451 | steps_t:     0 | t: 3.057123 | r:  -512.000000 | e:   1.000000 | Q:        nan | won: False 
#  313 | steps:  3458 | steps_t:     0 | t: 3.064240 | r:  -506.000000 | e:   1.000000 | Q:        nan | won: False 
#  314 | steps:  3466 | steps_t:     0 | t: 3.070006 | r:  -507.000000 | e:   1.000000 | Q:        nan | won: False 
#  315 | steps:  3476 | steps_t:     0 | t: 3.077050 | r:  -509.000000 | e:   1.000000 | Q:        nan | won: False 
#  316 | steps:  3482 | steps_t:     0 | t: 3.082482 | r:  -505.000000 | e:   1.000000 | Q:        nan | won: False 
#  317 | steps:  3492 | steps_t:     0 | t: 3.089870 | r:  -509.000000 | e:   1.000000 | Q:        nan | won: False 
#  318 | steps:  3501 | steps_t:     0 | t: 3.097969 | r:  -508.000000 | e:   1.000000 | Q:        nan | won: False 
#  319 | steps:  3507 | steps_t:     0 | t: 3.105597 | r:  -505.000000 | e:   1.000000 | Q:        nan | won: False 
#  320 | steps:  3514 | steps_t:     0 | t: 3.111050 | r:  -506.000000 | e:   1.000000 | Q:        nan | won: False 
#  321 | steps:  3521 | steps_t:     0 | t: 3.116535 | r:  -506.000000 | e:   1.000000 | Q:        nan | won: False 
#  322 | steps:  3530 | steps_t:     0 | t: 3.123825 | r:  -508.000000 | e:   1.000000 | Q:        nan | won: False 
#  323 | steps:  3540 | steps_t:     0 | t: 3.132965 | r:  -509.000000 | e:   1.000000 | Q:        nan | won: False 
#  324 | steps:  3551 | steps_t:     0 | t: 3.141826 | r:  -510.000000 | e:   1.000000 | Q:        nan | won: False 
#  325 | steps:  3558 | steps_t:     0 | t: 3.147743 | r:  -506.000000 | e:   1.000000 | Q:        nan | won: False 
#  326 | steps:  3579 | steps_t:     0 | t: 3.166184 | r:  -520.000000 | e:   1.000000 | Q:        nan | won: False 
#  327 | steps:  3591 | steps_t:     0 | t: 3.178834 | r:  -511.000000 | e:   1.000000 | Q:        nan | won: False 
#  328 | steps:  3604 | steps_t:     0 | t: 3.189764 | r:  -512.000000 | e:   1.000000 | Q:        nan | won: False 
#  329 | steps:  3616 | steps_t:     0 | t: 3.199880 | r:  -511.000000 | e:   1.000000 | Q:        nan | won: False 
#  330 | steps:  3622 | steps_t:     0 | t: 3.204766 | r:  -505.000000 | e:   1.000000 | Q:        nan | won: False 
#  331 | steps:  3633 | steps_t:     0 | t: 3.213446 | r:  -510.000000 | e:   1.000000 | Q:        nan | won: False 
#  332 | steps:  3643 | steps_t:     0 | t: 3.220405 | r:  -509.000000 | e:   1.000000 | Q:        nan | won: False 
#  333 | steps:  3655 | steps_t:     0 | t: 3.232708 | r:  -511.000000 | e:   1.000000 | Q:        nan | won: False 
#  334 | steps:  3664 | steps_t:     0 | t: 3.241402 | r:  -508.000000 | e:   1.000000 | Q:        nan | won: False 
#  335 | steps:  3674 | steps_t:     0 | t: 3.249984 | r:  -509.000000 | e:   1.000000 | Q:        nan | won: False 
#  336 | steps:  3689 | steps_t:     0 | t: 3.261631 | r:  -514.000000 | e:   1.000000 | Q:        nan | won: False 
#  337 | steps:  3702 | steps_t:     0 | t: 3.272326 | r:  -512.000000 | e:   1.000000 | Q:        nan | won: False 
#  338 | steps:  3711 | steps_t:     0 | t: 3.280454 | r:  -508.000000 | e:   1.000000 | Q:        nan | won: False 
#  339 | steps:  3718 | steps_t:     0 | t: 3.285424 | r:  -506.000000 | e:   1.000000 | Q:        nan | won: False 
#  340 | steps:  3733 | steps_t:     0 | t: 3.299407 | r:  -492.000000 | e:   1.000000 | Q:        nan | won: False 
#  341 | steps:  3753 | steps_t:     0 | t: 3.316947 | r:  -519.000000 | e:   1.000000 | Q:        nan | won: False 
#  342 | steps:  3770 | steps_t:     0 | t: 3.329432 | r:  -516.000000 | e:   1.000000 | Q:        nan | won: False 
#  343 | steps:  3777 | steps_t:     0 | t: 3.335456 | r:  -506.000000 | e:   1.000000 | Q:        nan | won: False 
#  344 | steps:  3787 | steps_t:     0 | t: 3.344520 | r:  -509.000000 | e:   1.000000 | Q:        nan | won: False 
#  345 | steps:  3795 | steps_t:     0 | t: 3.351125 | r:  -507.000000 | e:   1.000000 | Q:        nan | won: False 
#  346 | steps:  3805 | steps_t:     0 | t: 3.359728 | r:  -509.000000 | e:   1.000000 | Q:        nan | won: False 
#  347 | steps:  3816 | steps_t:     0 | t: 3.368816 | r:  -510.000000 | e:   1.000000 | Q:        nan | won: False 
#  348 | steps:  3822 | steps_t:     0 | t: 3.375898 | r:  -505.000000 | e:   1.000000 | Q:        nan | won: False 
#  349 | steps:  3829 | steps_t:     0 | t: 3.383017 | r:  -506.000000 | e:   1.000000 | Q:        nan | won: False 
#  350 | steps:  3837 | steps_t:     0 | t: 3.389363 | r:  -507.000000 | e:   1.000000 | Q:        nan | won: False 
#  351 | steps:  3846 | steps_t:     0 | t: 3.397331 | r:  -508.000000 | e:   1.000000 | Q:        nan | won: False 
#  352 | steps:  3859 | steps_t:     0 | t: 3.407727 | r:  -512.000000 | e:   1.000000 | Q:        nan | won: False 
#  353 | steps:  3866 | steps_t:     0 | t: 3.414049 | r:  -506.000000 | e:   1.000000 | Q:        nan | won: False 
#  354 | steps:  3877 | steps_t:     0 | t: 3.423141 | r:  -510.000000 | e:   1.000000 | Q:        nan | won: False 
#  355 | steps:  3887 | steps_t:     0 | t: 3.432765 | r:  -509.000000 | e:   1.000000 | Q:        nan | won: False 
#  356 | steps:  3897 | steps_t:     0 | t: 3.441154 | r:  -509.000000 | e:   1.000000 | Q:        nan | won: False 
#  357 | steps:  3909 | steps_t:     0 | t: 3.451098 | r:  -511.000000 | e:   1.000000 | Q:        nan | won: False 
#  358 | steps:  3918 | steps_t:     0 | t: 3.459294 | r:  -508.000000 | e:   1.000000 | Q:        nan | won: False 
#  359 | steps:  3937 | steps_t:     0 | t: 3.473520 | r:  -518.000000 | e:   1.000000 | Q:        nan | won: False 
#  360 | steps:  3955 | steps_t:     0 | t: 3.488154 | r:  -517.000000 | e:   1.000000 | Q:        nan | won: False 
#  361 | steps:  3970 | steps_t:     0 | t: 3.502455 | r:  -492.000000 | e:   1.000000 | Q:        nan | won: False 
#  362 | steps:  3979 | steps_t:     0 | t: 3.510971 | r:  -508.000000 | e:   1.000000 | Q:        nan | won: False 
#  363 | steps:  3993 | steps_t:     0 | t: 3.523281 | r:  -513.000000 | e:   1.000000 | Q:        nan | won: False 
#  364 | steps:  4000 | steps_t:     0 | t: 3.530498 | r:  -506.000000 | e:   1.000000 | Q:        nan | won: False 
#  365 | steps:  4007 | steps_t:     0 | t: 3.536066 | r:  -506.000000 | e:   1.000000 | Q:        nan | won: False 
#  366 | steps:  4029 | steps_t:     0 | t: 3.552968 | r:  -521.000000 | e:   1.000000 | Q:        nan | won: False 
#  367 | steps:  4045 | steps_t:     0 | t: 3.566916 | r:  -515.000000 | e:   1.000000 | Q:        nan | won: False 
#  368 | steps:  4053 | steps_t:     0 | t: 3.575914 | r:  -507.000000 | e:   1.000000 | Q:        nan | won: False 
#  369 | steps:  4063 | steps_t:     0 | t: 3.584721 | r:  -509.000000 | e:   1.000000 | Q:        nan | won: False 
#  370 | steps:  4075 | steps_t:     0 | t: 3.595944 | r:  -511.000000 | e:   1.000000 | Q:        nan | won: False 
#  371 | steps:  4084 | steps_t:     0 | t: 3.602665 | r:  -508.000000 | e:   1.000000 | Q:        nan | won: False 
#  372 | steps:  4089 | steps_t:     0 | t: 3.606553 | r:  -504.000000 | e:   1.000000 | Q:        nan | won: False 
#  373 | steps:  4096 | steps_t:     0 | t: 3.611577 | r:  -506.000000 | e:   1.000000 | Q:        nan | won: False 
#  374 | steps:  4107 | steps_t:     0 | t: 3.621230 | r:  -510.000000 | e:   1.000000 | Q:        nan | won: False 
#  375 | steps:  4115 | steps_t:     0 | t: 3.628730 | r:  -507.000000 | e:   1.000000 | Q:        nan | won: False 
#  376 | steps:  4129 | steps_t:     0 | t: 3.642118 | r:  -513.000000 | e:   1.000000 | Q:        nan | won: False 
#  377 | steps:  4138 | steps_t:     0 | t: 3.649578 | r:  -508.000000 | e:   1.000000 | Q:        nan | won: False 
#  378 | steps:  4151 | steps_t:     0 | t: 3.660110 | r:  -512.000000 | e:   1.000000 | Q:        nan | won: False 
#  379 | steps:  4158 | steps_t:     0 | t: 3.666215 | r:  -506.000000 | e:   1.000000 | Q:        nan | won: False 
#  380 | steps:  4172 | steps_t:     0 | t: 3.677447 | r:  -513.000000 | e:   1.000000 | Q:        nan | won: False 
#  381 | steps:  4179 | steps_t:     0 | t: 3.683536 | r:  -506.000000 | e:   1.000000 | Q:        nan | won: False 
#  382 | steps:  4187 | steps_t:     0 | t: 3.689645 | r:  -507.000000 | e:   1.000000 | Q:        nan | won: False 
#  383 | steps:  4194 | steps_t:     0 | t: 3.695979 | r:  -506.000000 | e:   1.000000 | Q:        nan | won: False 
#  384 | steps:  4205 | steps_t:     0 | t: 3.710139 | r:  -510.000000 | e:   1.000000 | Q:        nan | won: False 
#  385 | steps:  4220 | steps_t:     0 | t: 3.723127 | r:  -514.000000 | e:   1.000000 | Q:        nan | won: False 
#  386 | steps:  4233 | steps_t:     0 | t: 3.734022 | r:  -512.000000 | e:   1.000000 | Q:        nan | won: False 
#  387 | steps:  4246 | steps_t:     0 | t: 3.744712 | r:  -512.000000 | e:   1.000000 | Q:        nan | won: False 
#  388 | steps:  4260 | steps_t:     0 | t: 3.755224 | r:  -513.000000 | e:   1.000000 | Q:        nan | won: False 
#  389 | steps:  4269 | steps_t:     0 | t: 3.763780 | r:  -508.000000 | e:   1.000000 | Q:        nan | won: False 
#  390 | steps:  4280 | steps_t:     0 | t: 3.772487 | r:  -510.000000 | e:   1.000000 | Q:        nan | won: False 
#  391 | steps:  4288 | steps_t:     0 | t: 3.781920 | r:  -507.000000 | e:   1.000000 | Q:        nan | won: False 
#  392 | steps:  4301 | steps_t:     0 | t: 3.793449 | r:  -512.000000 | e:   1.000000 | Q:        nan | won: False 
#  393 | steps:  4310 | steps_t:     0 | t: 3.800597 | r:  -508.000000 | e:   1.000000 | Q:        nan | won: False 
#  394 | steps:  4322 | steps_t:     0 | t: 3.811985 | r:  -511.000000 | e:   1.000000 | Q:        nan | won: False 
#  395 | steps:  4333 | steps_t:     0 | t: 3.820325 | r:  -510.000000 | e:   1.000000 | Q:        nan | won: False 
#  396 | steps:  4351 | steps_t:     0 | t: 3.833292 | r:  -517.000000 | e:   1.000000 | Q:        nan | won: False 
#  397 | steps:  4359 | steps_t:     0 | t: 3.844592 | r:  -507.000000 | e:   1.000000 | Q:        nan | won: False 
#  398 | steps:  4365 | steps_t:     0 | t: 3.849886 | r:  -505.000000 | e:   1.000000 | Q:        nan | won: False 
#  399 | steps:  4379 | steps_t:     0 | t: 3.863536 | r:  -513.000000 | e:   1.000000 | Q:        nan | won: False 
#  400 | steps:  4390 | steps_t:     0 | t: 3.875658 | r:  -510.000000 | e:   1.000000 | Q:        nan | won: False 
#  401 | steps:  4401 | steps_t:     0 | t: 3.884442 | r:  -510.000000 | e:   1.000000 | Q:        nan | won: False 
#  402 | steps:  4408 | steps_t:     0 | t: 3.890647 | r:  -506.000000 | e:   1.000000 | Q:        nan | won: False 
#  403 | steps:  4416 | steps_t:     0 | t: 3.896802 | r:  -507.000000 | e:   1.000000 | Q:        nan | won: False 
#  404 | steps:  4436 | steps_t:     0 | t: 3.917107 | r:  -519.000000 | e:   1.000000 | Q:        nan | won: False 
#  405 | steps:  4443 | steps_t:     0 | t: 3.923720 | r:  -506.000000 | e:   1.000000 | Q:        nan | won: False 
#  406 | steps:  4450 | steps_t:     0 | t: 3.931120 | r:  -506.000000 | e:   1.000000 | Q:        nan | won: False 
#  407 | steps:  4459 | steps_t:     0 | t: 3.938128 | r:  -508.000000 | e:   1.000000 | Q:        nan | won: False 
#  408 | steps:  4473 | steps_t:     0 | t: 3.949717 | r:  -502.000000 | e:   1.000000 | Q:        nan | won: False 
#  409 | steps:  4483 | steps_t:     0 | t: 3.957663 | r:  -509.000000 | e:   1.000000 | Q:        nan | won: False 
#  410 | steps:  4492 | steps_t:     0 | t: 3.965674 | r:  -508.000000 | e:   1.000000 | Q:        nan | won: False 
#  411 | steps:  4499 | steps_t:     0 | t: 3.971085 | r:  -506.000000 | e:   1.000000 | Q:        nan | won: False 
#  412 | steps:  4510 | steps_t:     0 | t: 3.982964 | r:  -510.000000 | e:   1.000000 | Q:        nan | won: False 
#  413 | steps:  4517 | steps_t:     0 | t: 3.989299 | r:  -506.000000 | e:   1.000000 | Q:        nan | won: False 
#  414 | steps:  4522 | steps_t:     0 | t: 3.993832 | r:  -504.000000 | e:   1.000000 | Q:        nan | won: False 
#  415 | steps:  4542 | steps_t:     0 | t: 4.013294 | r:  -519.000000 | e:   1.000000 | Q:        nan | won: False 
#  416 | steps:  4556 | steps_t:     0 | t: 4.025746 | r:  -513.000000 | e:   1.000000 | Q:        nan | won: False 
#  417 | steps:  4564 | steps_t:     0 | t: 4.032127 | r:  -507.000000 | e:   1.000000 | Q:        nan | won: False 
#  418 | steps:  4571 | steps_t:     0 | t: 4.039703 | r:  -506.000000 | e:   1.000000 | Q:        nan | won: False 
#  419 | steps:  4591 | steps_t:     0 | t: 4.059502 | r:  -519.000000 | e:   1.000000 | Q:        nan | won: False 
#  420 | steps:  4596 | steps_t:     0 | t: 4.066123 | r:  -504.000000 | e:   1.000000 | Q:        nan | won: False 
#  421 | steps:  4610 | steps_t:     0 | t: 4.079587 | r:  -513.000000 | e:   1.000000 | Q:        nan | won: False 
#  422 | steps:  4617 | steps_t:     0 | t: 4.086129 | r:  -506.000000 | e:   1.000000 | Q:        nan | won: False 
#  423 | steps:  4661 | steps_t:     0 | t: 4.126908 | r:  -543.000000 | e:   1.000000 | Q:        nan | won: False 
#  424 | steps:  4668 | steps_t:     0 | t: 4.134655 | r:  -506.000000 | e:   1.000000 | Q:        nan | won: False 
#  425 | steps:  4673 | steps_t:     0 | t: 4.140164 | r:  -504.000000 | e:   1.000000 | Q:        nan | won: False 
#  426 | steps:  4681 | steps_t:     0 | t: 4.147902 | r:  -507.000000 | e:   1.000000 | Q:        nan | won: False 
#  427 | steps:  4698 | steps_t:     0 | t: 4.163543 | r:  -516.000000 | e:   1.000000 | Q:        nan | won: False 
#  428 | steps:  4713 | steps_t:     0 | t: 4.176710 | r:  -514.000000 | e:   1.000000 | Q:        nan | won: False 
#  429 | steps:  4729 | steps_t:     0 | t: 4.195498 | r:  -515.000000 | e:   1.000000 | Q:        nan | won: False 
#  430 | steps:  4741 | steps_t:     0 | t: 4.205542 | r:  -511.000000 | e:   1.000000 | Q:        nan | won: False 
#  431 | steps:  4748 | steps_t:     0 | t: 4.210997 | r:  -506.000000 | e:   1.000000 | Q:        nan | won: False 
#  432 | steps:  4762 | steps_t:     0 | t: 4.223993 | r:  -513.000000 | e:   1.000000 | Q:        nan | won: False 
#  433 | steps:  4775 | steps_t:     0 | t: 4.236240 | r:  -512.000000 | e:   1.000000 | Q:        nan | won: False 
#  434 | steps:  4785 | steps_t:     0 | t: 4.246845 | r:  -509.000000 | e:   1.000000 | Q:        nan | won: False 
#  435 | steps:  4794 | steps_t:     0 | t: 4.254506 | r:  -508.000000 | e:   1.000000 | Q:        nan | won: False 
#  436 | steps:  4803 | steps_t:     0 | t: 4.262624 | r:  -508.000000 | e:   1.000000 | Q:        nan | won: False 
#  437 | steps:  4811 | steps_t:     0 | t: 4.268653 | r:  -507.000000 | e:   1.000000 | Q:        nan | won: False 
#  438 | steps:  4820 | steps_t:     0 | t: 4.275661 | r:  -508.000000 | e:   1.000000 | Q:        nan | won: False 
#  439 | steps:  4828 | steps_t:     0 | t: 4.283182 | r:  -507.000000 | e:   1.000000 | Q:        nan | won: False 
#  440 | steps:  4849 | steps_t:     0 | t: 4.303059 | r:  -520.000000 | e:   1.000000 | Q:        nan | won: False 
#  441 | steps:  4860 | steps_t:     0 | t: 4.313445 | r:  -510.000000 | e:   1.000000 | Q:        nan | won: False 
#  442 | steps:  4869 | steps_t:     0 | t: 4.319754 | r:  -508.000000 | e:   1.000000 | Q:        nan | won: False 
#  443 | steps:  4878 | steps_t:     0 | t: 4.329008 | r:  -508.000000 | e:   1.000000 | Q:        nan | won: False 
#  444 | steps:  4886 | steps_t:     0 | t: 4.335171 | r:  -507.000000 | e:   1.000000 | Q:        nan | won: False 
#  445 | steps:  4892 | steps_t:     0 | t: 4.341759 | r:  -505.000000 | e:   1.000000 | Q:        nan | won: False 
#  446 | steps:  4914 | steps_t:     0 | t: 4.357155 | r:  -510.000000 | e:   1.000000 | Q:        nan | won: False 
#  447 | steps:  4926 | steps_t:     0 | t: 4.368160 | r:  -511.000000 | e:   1.000000 | Q:        nan | won: False 
#  448 | steps:  4939 | steps_t:     0 | t: 4.386490 | r:  -512.000000 | e:   1.000000 | Q:        nan | won: False 
#  449 | steps:  4946 | steps_t:     0 | t: 4.393573 | r:  -506.000000 | e:   1.000000 | Q:        nan | won: False 
#  450 | steps:  4961 | steps_t:     0 | t: 4.406499 | r:  -514.000000 | e:   1.000000 | Q:        nan | won: False 
#  451 | steps:  4968 | steps_t:     0 | t: 4.411931 | r:  -506.000000 | e:   1.000000 | Q:        nan | won: False 
#  452 | steps:  4980 | steps_t:     0 | t: 4.420655 | r:  -511.000000 | e:   1.000000 | Q:        nan | won: False 
#  453 | steps:  4988 | steps_t:     0 | t: 4.429049 | r:  -507.000000 | e:   1.000000 | Q:        nan | won: False 
#  454 | steps:  4997 | steps_t:     0 | t: 4.436478 | r:  -508.000000 | e:   1.000000 | Q:        nan | won: False 
#  455 | steps:  5010 | steps_t:     9 | t: 4.737663 | r:  -512.000000 | e:   0.999100 | Q:        nan | won: False 
#  456 | steps:  5023 | steps_t:    21 | t: 4.970046 | r:  -512.000000 | e:   0.997900 | Q:        nan | won: False 
#  457 | steps:  5042 | steps_t:    39 | t: 5.330478 | r:  -518.000000 | e:   0.996100 | Q:        nan | won: False 
#  458 | steps:  5051 | steps_t:    47 | t: 5.492364 | r:  -508.000000 | e:   0.995300 | Q:        nan | won: False 
#  459 | steps:  5061 | steps_t:    56 | t: 5.673708 | r:  -509.000000 | e:   0.994400 | Q:        nan | won: False 
#  460 | steps:  5071 | steps_t:    65 | t: 5.850297 | r:  -509.000000 | e:   0.993500 | Q:        nan | won: False 
#  461 | steps:  5082 | steps_t:    75 | t: 6.042743 | r:  -510.000000 | e:   0.992500 | Q:        nan | won: False 
#  462 | steps:  5090 | steps_t:    82 | t: 6.183902 | r:  -507.000000 | e:   0.991800 | Q:        nan | won: False 
#  463 | steps:  5101 | steps_t:    92 | t: 6.384588 | r:  -510.000000 | e:   0.990800 | Q: -56.010876 | won: False 
#  464 | steps:  5114 | steps_t:   104 | t: 6.627277 | r:  -512.000000 | e:   0.989600 | Q:        nan | won: False 
#  465 | steps:  5122 | steps_t:   111 | t: 6.770169 | r:  -507.000000 | e:   0.988900 | Q:        nan | won: False 
#  466 | steps:  5132 | steps_t:   120 | t: 6.945784 | r:  -509.000000 | e:   0.988000 | Q:        nan | won: False 
#  467 | steps:  5147 | steps_t:   134 | t: 7.221358 | r:  -514.000000 | e:   0.986600 | Q:        nan | won: False 
#  468 | steps:  5156 | steps_t:   142 | t: 7.384143 | r:  -508.000000 | e:   0.985800 | Q:        nan | won: False 
#  469 | steps:  5169 | steps_t:   154 | t: 7.622100 | r:  -512.000000 | e:   0.984600 | Q:        nan | won: False 
#  470 | steps:  5178 | steps_t:   162 | t: 7.783685 | r:  -508.000000 | e:   0.983800 | Q:        nan | won: False 
#  471 | steps:  5184 | steps_t:   167 | t: 7.884821 | r:  -505.000000 | e:   0.983300 | Q:        nan | won: False 
#  472 | steps:  5191 | steps_t:   173 | t: 8.012136 | r:  -506.000000 | e:   0.982700 | Q:        nan | won: False 
#  473 | steps:  5198 | steps_t:   179 | t: 8.138447 | r:  -506.000000 | e:   0.982100 | Q:        nan | won: False 
#  474 | steps:  5207 | steps_t:   187 | t: 8.300241 | r:  -508.000000 | e:   0.981300 | Q:        nan | won: False 
#  475 | steps:  5229 | steps_t:   208 | t: 8.722842 | r:  -521.000000 | e:   0.979200 | Q: -282.807648 | won: False 
#  476 | steps:  5240 | steps_t:   218 | t: 8.926235 | r:  -510.000000 | e:   0.978200 | Q: -330.539612 | won: False 
#  477 | steps:  5252 | steps_t:   229 | t: 9.148479 | r:  -511.000000 | e:   0.977100 | Q:        nan | won: False 
#  478 | steps:  5264 | steps_t:   240 | t: 9.377563 | r:  -511.000000 | e:   0.976000 | Q:        nan | won: False 
#  479 | steps:  5275 | steps_t:   250 | t: 9.608964 | r:  -510.000000 | e:   0.975000 | Q:        nan | won: False 
#  480 | steps:  5299 | steps_t:   273 | t: 10.097060 | r:  -523.000000 | e:   0.972700 | Q:        nan | won: False 
#  481 | steps:  5306 | steps_t:   279 | t: 10.219366 | r:  -506.000000 | e:   0.972100 | Q:        nan | won: False 
#  482 | steps:  5315 | steps_t:   287 | t: 10.393209 | r:  -508.000000 | e:   0.971300 | Q:        nan | won: False 
#  483 | steps:  5325 | steps_t:   296 | t: 10.576283 | r:  -509.000000 | e:   0.970400 | Q:        nan | won: False 
#  484 | steps:  5334 | steps_t:   304 | t: 10.738617 | r:  -508.000000 | e:   0.969600 | Q: -328.419739 | won: False 
#  485 | steps:  5353 | steps_t:   322 | t: 11.093091 | r:  -518.000000 | e:   0.967800 | Q: -316.007965 | won: False 
#  486 | steps:  5362 | steps_t:   330 | t: 11.257025 | r:  -508.000000 | e:   0.967000 | Q: -304.970520 | won: False 
#  487 | steps:  5370 | steps_t:   337 | t: 11.403177 | r:  -507.000000 | e:   0.966300 | Q: -304.631042 | won: False 
#  488 | steps:  5393 | steps_t:   359 | t: 11.839352 | r:  -522.000000 | e:   0.964100 | Q: -323.133789 | won: False 
#  489 | steps:  5400 | steps_t:   365 | t: 11.959199 | r:  -506.000000 | e:   0.963500 | Q: -321.475494 | won: False 
#  490 | steps:  5407 | steps_t:   371 | t: 12.081062 | r:  -506.000000 | e:   0.962900 | Q: -319.466064 | won: False 
#  491 | steps:  5414 | steps_t:   377 | t: 12.206667 | r:  -506.000000 | e:   0.962300 | Q:        nan | won: False 
#  492 | steps:  5422 | steps_t:   384 | t: 12.349960 | r:  -507.000000 | e:   0.961600 | Q:        nan | won: False 
#  493 | steps:  5436 | steps_t:   397 | t: 12.621026 | r:  -513.000000 | e:   0.960300 | Q: -308.141022 | won: False 
#  494 | steps:  5448 | steps_t:   408 | t: 12.836121 | r:  -511.000000 | e:   0.959200 | Q:        nan | won: False 
#  495 | steps:  5460 | steps_t:   419 | t: 13.059314 | r:  -511.000000 | e:   0.958100 | Q: -286.827484 | won: False 
#  496 | steps:  5467 | steps_t:   425 | t: 13.184310 | r:  -506.000000 | e:   0.957500 | Q:        nan | won: False 
#  497 | steps:  5489 | steps_t:   446 | t: 13.605587 | r:  -521.000000 | e:   0.955400 | Q: -303.676453 | won: False 
#  498 | steps:  5498 | steps_t:   454 | t: 13.775014 | r:  -508.000000 | e:   0.954600 | Q:        nan | won: False 
#  499 | steps:  5506 | steps_t:   461 | t: 13.915124 | r:  -507.000000 | e:   0.953900 | Q: -282.316345 | won: False 
#  500 | steps:  5517 | steps_t:   471 | t: 14.113209 | r:  -510.000000 | e:   0.952900 | Q:        nan | won: False 
#  501 | steps:  5523 | steps_t:   476 | t: 14.219699 | r:  -505.000000 | e:   0.952400 | Q:        nan | won: False 
#  502 | steps:  5549 | steps_t:   501 | t: 14.728122 | r:  -525.000000 | e:   0.949900 | Q: -283.584106 | won: False 
#  503 | steps:  5558 | steps_t:   509 | t: 14.894121 | r:  -508.000000 | e:   0.949100 | Q: -292.336548 | won: False 
#  504 | steps:  5567 | steps_t:   517 | t: 15.053067 | r:  -508.000000 | e:   0.948300 | Q:        nan | won: False 
#  505 | steps:  5578 | steps_t:   527 | t: 15.257309 | r:  -510.000000 | e:   0.947300 | Q: -325.382843 | won: False 
#  506 | steps:  5593 | steps_t:   541 | t: 15.536085 | r:  -503.000000 | e:   0.945900 | Q: -334.747131 | won: False 
#  507 | steps:  5609 | steps_t:   556 | t: 15.843653 | r:  -504.000000 | e:   0.944400 | Q: -326.917389 | won: False 
#  508 | steps:  5618 | steps_t:   564 | t: 16.009803 | r:  -508.000000 | e:   0.943600 | Q: -312.219543 | won: False 
#  509 | steps:  5630 | steps_t:   575 | t: 16.234407 | r:  -511.000000 | e:   0.942500 | Q: -280.278992 | won: False 
#  510 | steps:  5638 | steps_t:   582 | t: 16.388555 | r:  -507.000000 | e:   0.941800 | Q: -267.922333 | won: False 
#  511 | steps:  5648 | steps_t:   591 | t: 16.583417 | r:  -509.000000 | e:   0.940900 | Q:        nan | won: False 
#  512 | steps:  5661 | steps_t:   603 | t: 16.817368 | r:  -512.000000 | e:   0.939700 | Q: -288.861450 | won: False 
#  513 | steps:  5673 | steps_t:   614 | t: 17.038783 | r:  -511.000000 | e:   0.938600 | Q: -296.658844 | won: False 
#  514 | steps:  5685 | steps_t:   625 | t: 17.259043 | r:  -511.000000 | e:   0.937500 | Q:        nan | won: False 
#  515 | steps:  5695 | steps_t:   634 | t: 17.448471 | r:  -509.000000 | e:   0.936600 | Q: -278.789215 | won: False 
#  516 | steps:  5706 | steps_t:   644 | t: 17.651238 | r:  -510.000000 | e:   0.935600 | Q:        nan | won: False 
#  517 | steps:  5725 | steps_t:   662 | t: 17.995677 | r:  -518.000000 | e:   0.933800 | Q:        nan | won: False 
#  518 | steps:  5735 | steps_t:   671 | t: 18.182411 | r:  -509.000000 | e:   0.932900 | Q: -268.412079 | won: False 
#  519 | steps:  5755 | steps_t:   690 | t: 18.559947 | r:  -519.000000 | e:   0.931000 | Q: -272.141785 | won: False 
#  520 | steps:  5770 | steps_t:   704 | t: 18.840432 | r:  -503.000000 | e:   0.929600 | Q: -302.176392 | won: False 
#  521 | steps:  5780 | steps_t:   713 | t: 19.025089 | r:  -509.000000 | e:   0.928700 | Q:        nan | won: False 
#  522 | steps:  5789 | steps_t:   721 | t: 19.187610 | r:  -508.000000 | e:   0.927900 | Q:        nan | won: False 
#  523 | steps:  5812 | steps_t:   743 | t: 19.635254 | r:  -522.000000 | e:   0.925700 | Q: -305.747131 | won: False 
#  524 | steps:  5822 | steps_t:   752 | t: 19.847894 | r:  -509.000000 | e:   0.924800 | Q:        nan | won: False 
#  525 | steps:  5832 | steps_t:   761 | t: 20.040514 | r:  -509.000000 | e:   0.923900 | Q: -310.356995 | won: False 
#  526 | steps:  5853 | steps_t:   781 | t: 20.443411 | r:  -520.000000 | e:   0.921900 | Q: -306.288147 | won: False 
#  527 | steps:  5862 | steps_t:   789 | t: 20.611844 | r:  -508.000000 | e:   0.921100 | Q: -312.209137 | won: False 
#  528 | steps:  5867 | steps_t:   793 | t: 20.696971 | r:  -504.000000 | e:   0.920700 | Q: -309.595612 | won: False 
#  529 | steps:  5874 | steps_t:   799 | t: 20.817383 | r:  -506.000000 | e:   0.920100 | Q: -314.278687 | won: False 
#  530 | steps:  5886 | steps_t:   810 | t: 21.045802 | r:  -511.000000 | e:   0.919000 | Q: -307.139130 | won: False 
#  531 | steps:  5894 | steps_t:   817 | t: 21.191378 | r:  -507.000000 | e:   0.918300 | Q: -279.938873 | won: False 
#  532 | steps:  5901 | steps_t:   823 | t: 21.318605 | r:  -506.000000 | e:   0.917700 | Q:        nan | won: False 
#  533 | steps:  5909 | steps_t:   830 | t: 21.467002 | r:  -507.000000 | e:   0.917000 | Q:        nan | won: False 
#  534 | steps:  5917 | steps_t:   837 | t: 21.623560 | r:  -507.000000 | e:   0.916300 | Q: -270.600891 | won: False 
#  535 | steps:  5928 | steps_t:   847 | t: 21.824950 | r:  -510.000000 | e:   0.915300 | Q:        nan | won: False 
#  536 | steps:  5937 | steps_t:   855 | t: 21.987417 | r:  -508.000000 | e:   0.914500 | Q:        nan | won: False 
#  537 | steps:  5949 | steps_t:   866 | t: 22.213411 | r:  -511.000000 | e:   0.913400 | Q: -335.574707 | won: False 
#  538 | steps:  5962 | steps_t:   878 | t: 22.477757 | r:  -512.000000 | e:   0.912200 | Q: -336.676361 | won: False 
#  539 | steps:  5975 | steps_t:   890 | t: 22.724488 | r:  -512.000000 | e:   0.911000 | Q: -329.066437 | won: False 
#  540 | steps:  5990 | steps_t:   904 | t: 23.050519 | r:  -514.000000 | e:   0.909600 | Q:        nan | won: False 
#  541 | steps:  6018 | steps_t:   931 | t: 23.621978 | r:  -527.000000 | e:   0.906900 | Q: -330.546326 | won: False 
#  542 | steps:  6027 | steps_t:   939 | t: 23.791208 | r:  -508.000000 | e:   0.906100 | Q: -336.384338 | won: False 
#  543 | steps:  6039 | steps_t:   950 | t: 24.026086 | r:  -511.000000 | e:   0.905000 | Q: -331.630280 | won: False 
#  544 | steps:  6048 | steps_t:   958 | t: 24.185715 | r:  -508.000000 | e:   0.904200 | Q: -321.455444 | won: False 
#  545 | steps:  6053 | steps_t:   962 | t: 24.269375 | r:  -504.000000 | e:   0.903800 | Q:        nan | won: False 
#  546 | steps:  6068 | steps_t:   976 | t: 24.560069 | r:  -514.000000 | e:   0.902400 | Q: -293.153290 | won: False 
#  547 | steps:  6076 | steps_t:   983 | t: 24.705729 | r:  -507.000000 | e:   0.901700 | Q: -280.712738 | won: False 
#  548 | steps:  6084 | steps_t:   990 | t: 24.845197 | r:  -507.000000 | e:   0.901000 | Q:        nan | won: False 
#  549 | steps:  6090 | steps_t:   995 | t: 24.945380 | r:  -505.000000 | e:   0.900500 | Q:        nan | won: False 
#  550 | steps:  6105 | steps_t:  1009 | t: 25.225703 | r:  -514.000000 | e:   0.899100 | Q: -267.005859 | won: False 
#  551 | steps:  6116 | steps_t:  1019 | t: 25.436537 | r:  -510.000000 | e:   0.898100 | Q:        nan | won: False 
#  552 | steps:  6126 | steps_t:  1028 | t: 25.625853 | r:  -509.000000 | e:   0.897200 | Q: -240.857025 | won: False 
#  553 | steps:  6138 | steps_t:  1039 | t: 25.838043 | r:  -511.000000 | e:   0.896100 | Q: -246.276306 | won: False 
#  554 | steps:  6147 | steps_t:  1047 | t: 26.005534 | r:  -508.000000 | e:   0.895300 | Q:        nan | won: False 
#  555 | steps:  6155 | steps_t:  1054 | t: 26.143650 | r:  -507.000000 | e:   0.894600 | Q: -261.829010 | won: False 
#  556 | steps:  6171 | steps_t:  1069 | t: 26.447401 | r:  -515.000000 | e:   0.893100 | Q: -281.333252 | won: False 
#  557 | steps:  6188 | steps_t:  1085 | t: 26.773685 | r:  -516.000000 | e:   0.891500 | Q: -319.165741 | won: False 
#  558 | steps:  6199 | steps_t:  1095 | t: 26.978094 | r:  -510.000000 | e:   0.890500 | Q: -332.117279 | won: False 
#  559 | steps:  6209 | steps_t:  1104 | t: 27.164423 | r:  -509.000000 | e:   0.889600 | Q: -324.194489 | won: False 
#  560 | steps:  6217 | steps_t:  1111 | t: 27.306078 | r:  -507.000000 | e:   0.888900 | Q: -331.963623 | won: False 
#  561 | steps:  6224 | steps_t:  1117 | t: 27.436196 | r:  -506.000000 | e:   0.888300 | Q: -326.330322 | won: False 
#  562 | steps:  6231 | steps_t:  1123 | t: 27.566387 | r:  -506.000000 | e:   0.887700 | Q: -348.953369 | won: False 
#  563 | steps:  6242 | steps_t:  1133 | t: 27.767981 | r:  -510.000000 | e:   0.886700 | Q: -348.370300 | won: False 
#  564 | steps:  6252 | steps_t:  1142 | t: 27.966257 | r:  -509.000000 | e:   0.885800 | Q: -331.488434 | won: False 
#  565 | steps:  6260 | steps_t:  1149 | t: 28.137513 | r:  -507.000000 | e:   0.885100 | Q: -311.805573 | won: False 
#  566 | steps:  6272 | steps_t:  1160 | t: 28.360185 | r:  -511.000000 | e:   0.884000 | Q: -294.007996 | won: False 
#  567 | steps:  6290 | steps_t:  1177 | t: 28.708688 | r:  -517.000000 | e:   0.882300 | Q:        nan | won: False 
#  568 | steps:  6297 | steps_t:  1183 | t: 28.891149 | r:  -506.000000 | e:   0.881700 | Q: -294.519073 | won: False 
#  569 | steps:  6307 | steps_t:  1192 | t: 29.083030 | r:  -509.000000 | e:   0.880800 | Q:        nan | won: False 
#  570 | steps:  6317 | steps_t:  1201 | t: 29.258434 | r:  -509.000000 | e:   0.879900 | Q:        nan | won: False 
#  571 | steps:  6330 | steps_t:  1213 | t: 29.505805 | r:  -512.000000 | e:   0.878700 | Q:        nan | won: False 
#  572 | steps:  6339 | steps_t:  1221 | t: 29.664452 | r:  -508.000000 | e:   0.877900 | Q:        nan | won: False 
#  573 | steps:  6364 | steps_t:  1245 | t: 30.159557 | r:  -524.000000 | e:   0.875500 | Q: -284.585144 | won: False 
#  574 | steps:  6371 | steps_t:  1251 | t: 30.289198 | r:  -506.000000 | e:   0.874900 | Q: -297.917816 | won: False 
#  575 | steps:  6379 | steps_t:  1258 | t: 30.445350 | r:  -507.000000 | e:   0.874200 | Q: -300.549896 | won: False 
#  576 | steps:  6405 | steps_t:  1283 | t: 30.958935 | r:  -525.000000 | e:   0.871700 | Q: -290.992645 | won: False 
#  577 | steps:  6413 | steps_t:  1290 | t: 31.105362 | r:  -507.000000 | e:   0.871000 | Q: -282.809967 | won: False 
#  578 | steps:  6422 | steps_t:  1298 | t: 31.276443 | r:  -508.000000 | e:   0.870200 | Q: -277.735718 | won: False 
#  579 | steps:  6438 | steps_t:  1313 | t: 31.592576 | r:  -504.000000 | e:   0.868700 | Q: -282.756927 | won: False 
#  580 | steps:  6448 | steps_t:  1322 | t: 31.770107 | r:  -509.000000 | e:   0.867800 | Q: -295.340240 | won: False 
#  581 | steps:  6460 | steps_t:  1333 | t: 31.996514 | r:  -511.000000 | e:   0.866700 | Q:        nan | won: False 
#  582 | steps:  6472 | steps_t:  1344 | t: 32.224318 | r:  -511.000000 | e:   0.865600 | Q: -314.385498 | won: False 
#  583 | steps:  6480 | steps_t:  1351 | t: 32.365219 | r:  -507.000000 | e:   0.864900 | Q: -300.386139 | won: False 
#  584 | steps:  6487 | steps_t:  1357 | t: 32.496124 | r:  -506.000000 | e:   0.864300 | Q:        nan | won: False 
#  585 | steps:  6501 | steps_t:  1370 | t: 32.759469 | r:  -513.000000 | e:   0.863000 | Q:        nan | won: False 
#  586 | steps:  6509 | steps_t:  1377 | t: 32.901762 | r:  -507.000000 | e:   0.862300 | Q:        nan | won: False 
#  587 | steps:  6515 | steps_t:  1382 | t: 33.012726 | r:  -505.000000 | e:   0.861800 | Q:        nan | won: False 
#  588 | steps:  6521 | steps_t:  1387 | t: 33.113300 | r:  -505.000000 | e:   0.861300 | Q:        nan | won: False 
#  589 | steps:  6530 | steps_t:  1395 | t: 33.274874 | r:  -508.000000 | e:   0.860500 | Q: -297.944489 | won: False 
#  590 | steps:  6541 | steps_t:  1405 | t: 33.492763 | r:  -510.000000 | e:   0.859500 | Q: -300.857666 | won: False 
#  591 | steps:  6549 | steps_t:  1412 | t: 33.638263 | r:  -507.000000 | e:   0.858800 | Q: -301.558105 | won: False 
#  592 | steps:  6557 | steps_t:  1419 | t: 33.779279 | r:  -507.000000 | e:   0.858100 | Q: -301.603760 | won: False 
#  593 | steps:  6588 | steps_t:  1449 | t: 34.385473 | r:  -519.000000 | e:   0.855100 | Q: -282.750977 | won: False 
#  594 | steps:  6601 | steps_t:  1461 | t: 34.635573 | r:  -512.000000 | e:   0.853900 | Q: -331.812347 | won: False 
#  595 | steps:  6607 | steps_t:  1466 | t: 34.737202 | r:  -505.000000 | e:   0.853400 | Q:        nan | won: False 
#  596 | steps:  6618 | steps_t:  1476 | t: 34.981874 | r:  -510.000000 | e:   0.852400 | Q: -353.060577 | won: False 
#  597 | steps:  6639 | steps_t:  1496 | t: 35.382738 | r:  -520.000000 | e:   0.850400 | Q: -320.088806 | won: False 
#  598 | steps:  6649 | steps_t:  1505 | t: 35.572632 | r:  -509.000000 | e:   0.849500 | Q:        nan | won: False 
#  599 | steps:  6661 | steps_t:  1516 | t: 35.799905 | r:  -511.000000 | e:   0.848400 | Q: -304.553864 | won: False 
#  600 | steps:  6672 | steps_t:  1526 | t: 36.012786 | r:  -510.000000 | e:   0.847400 | Q: -335.722107 | won: False 
#  601 | steps:  6683 | steps_t:  1536 | t: 36.219316 | r:  -510.000000 | e:   0.846400 | Q: -318.343658 | won: False 
#  602 | steps:  6694 | steps_t:  1546 | t: 36.472662 | r:  -510.000000 | e:   0.845400 | Q: -348.162048 | won: False 
#  603 | steps:  6701 | steps_t:  1552 | t: 36.621769 | r:  -506.000000 | e:   0.844800 | Q: -325.647797 | won: False 
#  604 | steps:  6711 | steps_t:  1561 | t: 36.803563 | r:  -509.000000 | e:   0.843900 | Q: -312.228638 | won: False 
#  605 | steps:  6739 | steps_t:  1588 | t: 37.357813 | r:  -527.000000 | e:   0.841200 | Q: -286.126221 | won: False 
#  606 | steps:  6749 | steps_t:  1597 | t: 37.539486 | r:  -509.000000 | e:   0.840300 | Q:        nan | won: False 
#  607 | steps:  6758 | steps_t:  1605 | t: 37.695505 | r:  -508.000000 | e:   0.839500 | Q:        nan | won: False 
#  608 | steps:  6777 | steps_t:  1623 | t: 38.116571 | r:  -507.000000 | e:   0.837700 | Q: -316.014252 | won: False 
#  609 | steps:  6786 | steps_t:  1631 | t: 38.280125 | r:  -508.000000 | e:   0.836900 | Q: -319.884338 | won: False 
#  610 | steps:  6808 | steps_t:  1652 | t: 38.741793 | r:  -521.000000 | e:   0.834800 | Q: -312.805359 | won: False 
#  611 | steps:  6818 | steps_t:  1661 | t: 38.933664 | r:  -509.000000 | e:   0.833900 | Q: -295.008087 | won: False 
#  612 | steps:  6829 | steps_t:  1671 | t: 39.150831 | r:  -510.000000 | e:   0.832900 | Q:        nan | won: False 
#  613 | steps:  6838 | steps_t:  1679 | t: 39.368711 | r:  -508.000000 | e:   0.832100 | Q:        nan | won: False 
#  614 | steps:  6845 | steps_t:  1685 | t: 39.498910 | r:  -506.000000 | e:   0.831500 | Q: -290.653717 | won: False 
#  615 | steps:  6852 | steps_t:  1691 | t: 39.633243 | r:  -506.000000 | e:   0.830900 | Q:        nan | won: False 
#  616 | steps:  6861 | steps_t:  1699 | t: 39.796201 | r:  -508.000000 | e:   0.830100 | Q: -309.631317 | won: False 
#  617 | steps:  6875 | steps_t:  1712 | t: 40.070009 | r:  -513.000000 | e:   0.828800 | Q: -310.761780 | won: False 
#  618 | steps:  6888 | steps_t:  1724 | t: 40.313427 | r:  -512.000000 | e:   0.827600 | Q: -335.578308 | won: False 
#  619 | steps:  6897 | steps_t:  1732 | t: 40.498328 | r:  -508.000000 | e:   0.826800 | Q: -305.687134 | won: False 
#  620 | steps:  6905 | steps_t:  1739 | t: 40.641336 | r:  -507.000000 | e:   0.826100 | Q:        nan | won: False 
#  621 | steps:  6915 | steps_t:  1748 | t: 40.830418 | r:  -509.000000 | e:   0.825200 | Q: -328.916840 | won: False 
#  622 | steps:  6923 | steps_t:  1755 | t: 40.973871 | r:  -507.000000 | e:   0.824500 | Q:        nan | won: False 
#  623 | steps:  6932 | steps_t:  1763 | t: 41.141438 | r:  -508.000000 | e:   0.823700 | Q: -318.894104 | won: False 
#  624 | steps:  6941 | steps_t:  1771 | t: 41.356706 | r:  -508.000000 | e:   0.822900 | Q:        nan | won: False 
#  625 | steps:  6967 | steps_t:  1796 | t: 41.892450 | r:  -525.000000 | e:   0.820400 | Q: -284.999481 | won: False 
#  626 | steps:  6975 | steps_t:  1803 | t: 42.042786 | r:  -507.000000 | e:   0.819700 | Q: -284.347900 | won: False 
#  627 | steps:  6989 | steps_t:  1816 | t: 42.379157 | r:  -513.000000 | e:   0.818400 | Q: -316.576477 | won: False 
#  628 | steps:  6997 | steps_t:  1823 | t: 42.528591 | r:  -507.000000 | e:   0.817700 | Q: -327.860992 | won: False 
#  629 | steps:  7005 | steps_t:  1830 | t: 42.677338 | r:  -507.000000 | e:   0.817000 | Q: -382.691772 | won: False 
#  630 | steps:  7025 | steps_t:  1849 | t: 43.083846 | r:  -508.000000 | e:   0.815100 | Q: -332.865204 | won: False 
#  631 | steps:  7049 | steps_t:  1872 | t: 43.582464 | r:  -523.000000 | e:   0.812800 | Q: -297.243134 | won: False 
#  632 | steps:  7060 | steps_t:  1882 | t: 43.824393 | r:  -510.000000 | e:   0.811800 | Q: -291.309814 | won: False 
#  633 | steps:  7069 | steps_t:  1890 | t: 43.996076 | r:  -508.000000 | e:   0.811000 | Q: -290.946228 | won: False 
#  634 | steps:  7076 | steps_t:  1896 | t: 44.124787 | r:  -506.000000 | e:   0.810400 | Q: -293.049957 | won: False 
#  635 | steps:  7084 | steps_t:  1903 | t: 44.270349 | r:  -507.000000 | e:   0.809700 | Q: -295.837097 | won: False 
#  636 | steps:  7092 | steps_t:  1910 | t: 44.425071 | r:  -507.000000 | e:   0.809000 | Q: -299.211182 | won: False 
#  637 | steps:  7101 | steps_t:  1918 | t: 44.593019 | r:  -508.000000 | e:   0.808200 | Q:        nan | won: False 
#  638 | steps:  7111 | steps_t:  1927 | t: 44.783333 | r:  -509.000000 | e:   0.807300 | Q: -307.522858 | won: False 
#  639 | steps:  7121 | steps_t:  1936 | t: 44.971156 | r:  -509.000000 | e:   0.806400 | Q: -308.763336 | won: False 
#  640 | steps:  7132 | steps_t:  1946 | t: 45.172776 | r:  -510.000000 | e:   0.805400 | Q: -362.028931 | won: False 
#  641 | steps:  7142 | steps_t:  1955 | t: 45.354208 | r:  -509.000000 | e:   0.804500 | Q: -323.372284 | won: False 
#  642 | steps:  7149 | steps_t:  1961 | t: 45.481413 | r:  -506.000000 | e:   0.803900 | Q:        nan | won: False 
#  643 | steps:  7160 | steps_t:  1971 | t: 45.692501 | r:  -510.000000 | e:   0.802900 | Q:        nan | won: False 
#  644 | steps:  7168 | steps_t:  1978 | t: 45.842447 | r:  -507.000000 | e:   0.802200 | Q:        nan | won: False 
#  645 | steps:  7178 | steps_t:  1987 | t: 46.081138 | r:  -509.000000 | e:   0.801300 | Q: -327.635284 | won: False 
#  646 | steps:  7184 | steps_t:  1992 | t: 46.214951 | r:  -505.000000 | e:   0.800800 | Q:        nan | won: False 
#  647 | steps:  7200 | steps_t:  2007 | t: 46.520647 | r:  -504.000000 | e:   0.799300 | Q: -299.473358 | won: False 
#  648 | steps:  7217 | steps_t:  2023 | t: 46.889307 | r:  -516.000000 | e:   0.797700 | Q: -300.042358 | won: False 
#  649 | steps:  7226 | steps_t:  2031 | t: 47.067444 | r:  -508.000000 | e:   0.796900 | Q: -323.838226 | won: False 
#  650 | steps:  7236 | steps_t:  2040 | t: 47.251110 | r:  -509.000000 | e:   0.796000 | Q: -314.310059 | won: False 
#  651 | steps:  7244 | steps_t:  2047 | t: 47.389809 | r:  -507.000000 | e:   0.795300 | Q: -319.823029 | won: False 
#  652 | steps:  7253 | steps_t:  2055 | t: 47.563025 | r:  -508.000000 | e:   0.794500 | Q: -360.146301 | won: False 
#  653 | steps:  7262 | steps_t:  2063 | t: 47.733243 | r:  -508.000000 | e:   0.793700 | Q: -335.180084 | won: False 
#  654 | steps:  7287 | steps_t:  2087 | t: 48.215552 | r:  -524.000000 | e:   0.791300 | Q: -301.637024 | won: False 
#  655 | steps:  7296 | steps_t:  2095 | t: 48.373284 | r:  -508.000000 | e:   0.790500 | Q:        nan | won: False 
#  656 | steps:  7304 | steps_t:  2102 | t: 48.521643 | r:  -507.000000 | e:   0.789800 | Q: -299.311920 | won: False 
#  657 | steps:  7319 | steps_t:  2116 | t: 48.802475 | r:  -503.000000 | e:   0.788400 | Q: -365.157257 | won: False 
#  658 | steps:  7331 | steps_t:  2127 | t: 49.038006 | r:  -511.000000 | e:   0.787300 | Q: -307.680542 | won: False 
#  659 | steps:  7337 | steps_t:  2132 | t: 49.164574 | r:  -505.000000 | e:   0.786800 | Q: -306.441559 | won: False 
#  660 | steps:  7354 | steps_t:  2148 | t: 49.534286 | r:  -516.000000 | e:   0.785200 | Q: -293.957062 | won: False 
#  661 | steps:  7363 | steps_t:  2156 | t: 49.718195 | r:  -508.000000 | e:   0.784400 | Q:        nan | won: False 
#  662 | steps:  7371 | steps_t:  2163 | t: 49.885572 | r:  -507.000000 | e:   0.783700 | Q: -375.334045 | won: False 
#  663 | steps:  7384 | steps_t:  2175 | t: 50.176427 | r:  -512.000000 | e:   0.782500 | Q: -314.083252 | won: False 
#  664 | steps:  7394 | steps_t:  2184 | t: 50.369606 | r:  -509.000000 | e:   0.781600 | Q:        nan | won: False 
#  665 | steps:  7402 | steps_t:  2191 | t: 50.528907 | r:  -507.000000 | e:   0.780900 | Q: -319.953430 | won: False 
#  666 | steps:  7411 | steps_t:  2199 | t: 50.705894 | r:  -508.000000 | e:   0.780100 | Q: -310.773773 | won: False 
#  667 | steps:  7417 | steps_t:  2204 | t: 50.820269 | r:  -505.000000 | e:   0.779600 | Q:        nan | won: False 
#  668 | steps:  7428 | steps_t:  2214 | t: 51.125335 | r:  -510.000000 | e:   0.778600 | Q: -362.988098 | won: False 
#  669 | steps:  7434 | steps_t:  2219 | t: 51.234871 | r:  -505.000000 | e:   0.778100 | Q: -309.910614 | won: False 
#  670 | steps:  7445 | steps_t:  2229 | t: 51.473331 | r:  -510.000000 | e:   0.777100 | Q: -301.607391 | won: False 
#  671 | steps:  7452 | steps_t:  2235 | t: 51.624605 | r:  -506.000000 | e:   0.776500 | Q: -307.912781 | won: False 
#  672 | steps:  7464 | steps_t:  2246 | t: 51.878390 | r:  -511.000000 | e:   0.775400 | Q: -310.593170 | won: False 
#  673 | steps:  7478 | steps_t:  2259 | t: 52.181696 | r:  -513.000000 | e:   0.774100 | Q: -341.247864 | won: False 
#  674 | steps:  7485 | steps_t:  2265 | t: 52.312758 | r:  -506.000000 | e:   0.773500 | Q: -312.848541 | won: False 
#  675 | steps:  7499 | steps_t:  2278 | t: 52.590117 | r:  -502.000000 | e:   0.772200 | Q: -373.936218 | won: False 
#  676 | steps:  7516 | steps_t:  2294 | t: 52.959908 | r:  -505.000000 | e:   0.770600 | Q: -301.908630 | won: False 
#  677 | steps:  7524 | steps_t:  2301 | t: 53.110627 | r:  -507.000000 | e:   0.769900 | Q: -326.174561 | won: False 
#  678 | steps:  7538 | steps_t:  2314 | t: 53.389546 | r:  -513.000000 | e:   0.768600 | Q: -306.234436 | won: False 
#  679 | steps:  7545 | steps_t:  2320 | t: 53.520145 | r:  -506.000000 | e:   0.768000 | Q: -323.427338 | won: False 
#  680 | steps:  7560 | steps_t:  2334 | t: 53.826950 | r:  -503.000000 | e:   0.766600 | Q: -284.364624 | won: False 
#  681 | steps:  7583 | steps_t:  2356 | t: 54.268013 | r:  -522.000000 | e:   0.764400 | Q: -279.862091 | won: False 
#  682 | steps:  7602 | steps_t:  2374 | t: 54.653918 | r:  -518.000000 | e:   0.762600 | Q: -332.375549 | won: False 
#  683 | steps:  7614 | steps_t:  2385 | t: 54.882756 | r:  -511.000000 | e:   0.761500 | Q: -435.338287 | won: False 
#  684 | steps:  7634 | steps_t:  2404 | t: 55.263861 | r:  -508.000000 | e:   0.759600 | Q: -315.406860 | won: False 
#  685 | steps:  7649 | steps_t:  2418 | t: 55.548437 | r:  -503.000000 | e:   0.758200 | Q: -309.621948 | won: False 
#  686 | steps:  7656 | steps_t:  2424 | t: 55.673191 | r:  -506.000000 | e:   0.757600 | Q:        nan | won: False 
#  687 | steps:  7666 | steps_t:  2433 | t: 55.855964 | r:  -509.000000 | e:   0.756700 | Q: -447.959198 | won: False 
#  688 | steps:  7676 | steps_t:  2442 | t: 56.052596 | r:  -509.000000 | e:   0.755800 | Q: -393.303345 | won: False 
#  689 | steps:  7687 | steps_t:  2452 | t: 56.255241 | r:  -510.000000 | e:   0.754800 | Q: -454.741547 | won: False 
#  690 | steps:  7713 | steps_t:  2477 | t: 56.777691 | r:  -525.000000 | e:   0.752300 | Q: -290.232208 | won: False 
#  691 | steps:  7723 | steps_t:  2486 | t: 56.968169 | r:  -509.000000 | e:   0.751400 | Q: -302.471985 | won: False 
#  692 | steps:  7731 | steps_t:  2493 | t: 57.119722 | r:  -507.000000 | e:   0.750700 | Q: -308.273651 | won: False 
#  693 | steps:  7745 | steps_t:  2506 | t: 57.390968 | r:  -502.000000 | e:   0.749400 | Q: -290.862122 | won: False 
#  694 | steps:  7785 | steps_t:  2545 | t: 58.193841 | r:    72.000000 | e:   0.745500 | Q: -292.935364 | won: True 
#  695 | steps:  7797 | steps_t:  2556 | t: 58.429251 | r:  -511.000000 | e:   0.744400 | Q: -337.368713 | won: False 
#  696 | steps:  7806 | steps_t:  2564 | t: 58.588782 | r:  -508.000000 | e:   0.743600 | Q: -303.925903 | won: False 
#  697 | steps:  7813 | steps_t:  2570 | t: 58.719042 | r:  -506.000000 | e:   0.743000 | Q: -331.656586 | won: False 
#  698 | steps:  7828 | steps_t:  2584 | t: 59.020745 | r:  -503.000000 | e:   0.741600 | Q: -277.317627 | won: False 
#  699 | steps:  7851 | steps_t:  2606 | t: 59.481141 | r:  -522.000000 | e:   0.739400 | Q: -270.229309 | won: False 
#  700 | steps:  7858 | steps_t:  2612 | t: 59.624182 | r:  -506.000000 | e:   0.738800 | Q: -267.999725 | won: False 
#  701 | steps:  7868 | steps_t:  2621 | t: 59.822853 | r:  -509.000000 | e:   0.737900 | Q: -282.104889 | won: False 
#  702 | steps:  7880 | steps_t:  2632 | t: 60.059812 | r:  -511.000000 | e:   0.736800 | Q: -280.403107 | won: False 
#  703 | steps:  7900 | steps_t:  2651 | t: 60.449978 | r:  -508.000000 | e:   0.734900 | Q: -290.734741 | won: False 
#  704 | steps:  7910 | steps_t:  2660 | t: 60.643747 | r:  -509.000000 | e:   0.734000 | Q:        nan | won: False 
#  705 | steps:  7922 | steps_t:  2671 | t: 60.918754 | r:  -511.000000 | e:   0.732900 | Q: -420.622040 | won: False 
#  706 | steps:  7928 | steps_t:  2676 | t: 61.037503 | r:  -505.000000 | e:   0.732400 | Q: -418.936584 | won: False 
#  707 | steps:  7935 | steps_t:  2682 | t: 61.178345 | r:  -506.000000 | e:   0.731800 | Q: -284.964752 | won: False 
#  708 | steps:  7944 | steps_t:  2690 | t: 61.343378 | r:  -508.000000 | e:   0.731000 | Q: -295.456604 | won: False 
#  709 | steps:  7953 | steps_t:  2698 | t: 61.517690 | r:  -508.000000 | e:   0.730200 | Q: -302.522705 | won: False 
#  710 | steps:  7963 | steps_t:  2707 | t: 61.718209 | r:  -509.000000 | e:   0.729300 | Q: -303.137848 | won: False 
#  711 | steps:  7971 | steps_t:  2714 | t: 61.869026 | r:  -507.000000 | e:   0.728600 | Q: -296.050323 | won: False 
#  712 | steps:  7983 | steps_t:  2725 | t: 62.113214 | r:  -511.000000 | e:   0.727500 | Q: -427.998627 | won: False 
#  713 | steps:  7994 | steps_t:  2735 | t: 62.322870 | r:  -510.000000 | e:   0.726500 | Q: -299.138123 | won: False 
#  714 | steps:  8004 | steps_t:  2744 | t: 62.527139 | r:  -509.000000 | e:   0.725600 | Q: -299.603180 | won: False 
#  715 | steps:  8016 | steps_t:  2755 | t: 62.788239 | r:  -511.000000 | e:   0.724500 | Q: -337.414459 | won: False 
#  716 | steps:  8025 | steps_t:  2763 | t: 62.965848 | r:  -508.000000 | e:   0.723700 | Q: -291.767303 | won: False 
#  717 | steps:  8033 | steps_t:  2770 | t: 63.118950 | r:  -507.000000 | e:   0.723000 | Q:        nan | won: False 
#  718 | steps:  8038 | steps_t:  2774 | t: 63.210189 | r:  -504.000000 | e:   0.722600 | Q:        nan | won: False 
#  719 | steps:  8047 | steps_t:  2782 | t: 63.399684 | r:  -508.000000 | e:   0.721800 | Q: -366.453064 | won: False 
#  720 | steps:  8058 | steps_t:  2792 | t: 63.639809 | r:  -510.000000 | e:   0.720800 | Q: -310.365356 | won: False 
#  721 | steps:  8067 | steps_t:  2800 | t: 63.845135 | r:  -508.000000 | e:   0.720000 | Q: -309.464355 | won: False 
#  722 | steps:  8080 | steps_t:  2812 | t: 64.132972 | r:  -512.000000 | e:   0.718800 | Q: -291.095001 | won: False 
#  723 | steps:  8096 | steps_t:  2827 | t: 64.499599 | r:  -515.000000 | e:   0.717300 | Q: -344.146698 | won: False 
#  724 | steps:  8108 | steps_t:  2838 | t: 64.739126 | r:  -511.000000 | e:   0.716200 | Q: -398.861389 | won: False 
#  725 | steps:  8116 | steps_t:  2845 | t: 64.889728 | r:  -507.000000 | e:   0.715500 | Q: -385.308716 | won: False 
#  726 | steps:  8128 | steps_t:  2856 | t: 65.116748 | r:  -511.000000 | e:   0.714400 | Q: -298.869507 | won: False 
#  727 | steps:  8146 | steps_t:  2873 | t: 65.471733 | r:  -506.000000 | e:   0.712700 | Q: -314.303650 | won: False 
#  728 | steps:  8157 | steps_t:  2883 | t: 65.687452 | r:  -510.000000 | e:   0.711700 | Q: -301.831848 | won: False 
#  729 | steps:  8170 | steps_t:  2895 | t: 65.996135 | r:  -512.000000 | e:   0.710500 | Q: -338.731018 | won: False 
#  730 | steps:  8177 | steps_t:  2901 | t: 66.126997 | r:  -506.000000 | e:   0.709900 | Q:        nan | won: False 
