#    1 | steps:    10 | steps_t:     0 | t: 0.024819 | r:  -498.000000 | e:   1.000000 | Q:        nan | won: False 
#    2 | steps:    41 | steps_t:     0 | t: 0.050373 | r:  -508.000000 | e:   1.000000 | Q:        nan | won: False 
#    3 | steps:    52 | steps_t:     0 | t: 0.059382 | r:  -499.000000 | e:   1.000000 | Q:        nan | won: False 
#    4 | steps:    63 | steps_t:     0 | t: 0.069671 | r:  -499.000000 | e:   1.000000 | Q:        nan | won: False 
#    5 | steps:    95 | steps_t:     0 | t: 0.098223 | r:  -509.000000 | e:   1.000000 | Q:        nan | won: False 
#    6 | steps:   103 | steps_t:     0 | t: 0.104849 | r:  -507.000000 | e:   1.000000 | Q:        nan | won: False 
#    7 | steps:   131 | steps_t:     0 | t: 0.124563 | r:  -516.000000 | e:   1.000000 | Q:        nan | won: False 
#    8 | steps:   179 | steps_t:     0 | t: 0.165119 | r:  -536.000000 | e:   1.000000 | Q:        nan | won: False 
#    9 | steps:   187 | steps_t:     0 | t: 0.171569 | r:  -507.000000 | e:   1.000000 | Q:        nan | won: False 
#   10 | steps:   201 | steps_t:     0 | t: 0.182735 | r:  -502.000000 | e:   1.000000 | Q:        nan | won: False 
#   11 | steps:   218 | steps_t:     0 | t: 0.194661 | r:  -505.000000 | e:   1.000000 | Q:        nan | won: False 
#   12 | steps:   227 | steps_t:     0 | t: 0.203111 | r:  -508.000000 | e:   1.000000 | Q:        nan | won: False 
#   13 | steps:   262 | steps_t:     0 | t: 0.239097 | r:  -501.000000 | e:   1.000000 | Q:        nan | won: False 
#   14 | steps:   276 | steps_t:     0 | t: 0.252207 | r:  -502.000000 | e:   1.000000 | Q:        nan | won: False 
#   15 | steps:   310 | steps_t:     0 | t: 0.282885 | r:  -522.000000 | e:   1.000000 | Q:        nan | won: False 
#   16 | steps:   359 | steps_t:     0 | t: 0.320694 | r:  -526.000000 | e:   1.000000 | Q:        nan | won: False 
#   17 | steps:   403 | steps_t:     0 | t: 0.357033 | r:  -499.000000 | e:   1.000000 | Q:        nan | won: False 
#   18 | steps:   451 | steps_t:     0 | t: 0.395344 | r:  -503.000000 | e:   1.000000 | Q:        nan | won: False 
#   19 | steps:   461 | steps_t:     0 | t: 0.404151 | r:  -509.000000 | e:   1.000000 | Q:        nan | won: False 
#   20 | steps:   494 | steps_t:     0 | t: 0.433984 | r:  -488.000000 | e:   1.000000 | Q:        nan | won: False 
#   21 | steps:   524 | steps_t:    23 | t: 0.999275 | r:  -507.000000 | e:   0.997700 | Q:        nan | won: False 
#   22 | steps:   541 | steps_t:    39 | t: 1.341051 | r:  -505.000000 | e:   0.996100 | Q:        nan | won: False 
#   23 | steps:   574 | steps_t:    71 | t: 1.963934 | r:  -521.000000 | e:   0.992900 | Q:        nan | won: False 
#   24 | steps:   597 | steps_t:    93 | t: 2.392291 | r:  -500.000000 | e:   0.990700 | Q:        nan | won: False 
#   25 | steps:   610 | steps_t:   105 | t: 2.626233 | r:  -501.000000 | e:   0.989500 | Q: -20.895367 | won: False 
#   26 | steps:   637 | steps_t:   131 | t: 3.139779 | r:  -504.000000 | e:   0.986900 | Q:        nan | won: False 
#   27 | steps:   651 | steps_t:   144 | t: 3.397695 | r:  -502.000000 | e:   0.985600 | Q:        nan | won: False 
#   28 | steps:   709 | steps_t:   201 | t: 4.512465 | r:  -513.000000 | e:   0.979900 | Q: -74.979103 | won: False 
#   29 | steps:   729 | steps_t:   220 | t: 4.888266 | r:  -508.000000 | e:   0.978000 | Q: -114.140007 | won: False 
#   30 | steps:   775 | steps_t:   265 | t: 5.768376 | r:  -512.000000 | e:   0.973500 | Q:        nan | won: False 
#   31 | steps:   804 | steps_t:   293 | t: 6.323568 | r:  -528.000000 | e:   0.970700 | Q: -70.565567 | won: False 
#   32 | steps:   820 | steps_t:   308 | t: 6.617658 | r:  -493.000000 | e:   0.969200 | Q:        nan | won: False 
#   33 | steps:   847 | steps_t:   334 | t: 7.126304 | r:  -504.000000 | e:   0.966600 | Q:        nan | won: False 
#   34 | steps:   867 | steps_t:   353 | t: 7.497882 | r:  -519.000000 | e:   0.964700 | Q: -111.600731 | won: False 
#   35 | steps:   891 | steps_t:   376 | t: 7.950386 | r:  -512.000000 | e:   0.962400 | Q: -95.139694 | won: False 
#   36 | steps:   948 | steps_t:   432 | t: 9.072779 | r:  -501.000000 | e:   0.956800 | Q: -108.232880 | won: False 
#   37 | steps:   957 | steps_t:   440 | t: 9.232623 | r:  -497.000000 | e:   0.956000 | Q:        nan | won: False 
#   38 | steps:   993 | steps_t:   475 | t: 9.923638 | r:  -469.000000 | e:   0.952500 | Q:        nan | won: False 
#   39 | steps:  1003 | steps_t:   484 | t: 10.109293 | r:  -509.000000 | e:   0.951600 | Q: -108.611191 | won: False 
#   40 | steps:  1028 | steps_t:   508 | t: 10.575166 | r:  -513.000000 | e:   0.949200 | Q:        nan | won: False 
#   41 | steps:  1070 | steps_t:   549 | t: 11.379303 | r:  -519.000000 | e:   0.945100 | Q: -107.660019 | won: False 
#   42 | steps:  1089 | steps_t:   567 | t: 11.742321 | r:  -474.000000 | e:   0.943300 | Q: -134.425781 | won: False 
#   43 | steps:  1158 | steps_t:   635 | t: 13.095722 | r:  -546.000000 | e:   0.936500 | Q: -127.683167 | won: False 
#   44 | steps:  1174 | steps_t:   650 | t: 13.401165 | r:  -504.000000 | e:   0.935000 | Q: -143.739929 | won: False 
#   45 | steps:  1201 | steps_t:   676 | t: 13.917947 | r:  -504.000000 | e:   0.932400 | Q: -132.568848 | won: False 
#   46 | steps:  1208 | steps_t:   682 | t: 14.037453 | r:  -506.000000 | e:   0.931800 | Q:        nan | won: False 
#   47 | steps:  1247 | steps_t:   720 | t: 14.795202 | r:  -516.000000 | e:   0.928000 | Q: -135.568817 | won: False 
#   48 | steps:  1262 | steps_t:   734 | t: 15.075296 | r:  -514.000000 | e:   0.926600 | Q: -143.309677 | won: False 
#   49 | steps:  1275 | steps_t:   746 | t: 15.306700 | r:  -501.000000 | e:   0.925400 | Q: -148.445648 | won: False 
#   50 | steps:  1285 | steps_t:   755 | t: 15.485440 | r:  -509.000000 | e:   0.924500 | Q: -154.097504 | won: False 
#   51 | steps:  1328 | steps_t:   797 | t: 21.905775 | r:  -531.000000 | e:   0.920300 | Q: -148.024811 | won: False 
#   52 | steps:  1349 | steps_t:   817 | t: 25.946141 | r:  -498.000000 | e:   0.918300 | Q: -150.633255 | won: False 
#   53 | steps:  1424 | steps_t:   891 | t: 37.687009 | r:  -563.000000 | e:   0.910900 | Q: -151.721191 | won: False 
