#    1 | steps:    18 | steps_t:     0 | t: 0.028723 | r:  -517.000000 | e:   1.000000 | Q:        nan | won: False 
#    2 | steps:    31 | steps_t:     0 | t: 0.040983 | r:  -512.000000 | e:   1.000000 | Q:        nan | won: False 
#    3 | steps:    41 | steps_t:     0 | t: 0.049205 | r:  -509.000000 | e:   1.000000 | Q:        nan | won: False 
#    4 | steps:    49 | steps_t:     0 | t: 0.056549 | r:  -507.000000 | e:   1.000000 | Q:        nan | won: False 
#    5 | steps:    62 | steps_t:    11 | t: 0.397410 | r:  -512.000000 | e:   0.998900 | Q:        nan | won: False 
#    6 | steps:    74 | steps_t:    22 | t: 0.618252 | r:  -511.000000 | e:   0.997800 | Q:        nan | won: False 
#    7 | steps:    86 | steps_t:    33 | t: 0.842137 | r:  -511.000000 | e:   0.996700 | Q:        nan | won: False 
#    8 | steps:    94 | steps_t:    40 | t: 0.982145 | r:  -507.000000 | e:   0.996000 | Q:        nan | won: False 
#    9 | steps:   106 | steps_t:    51 | t: 1.200388 | r:  -511.000000 | e:   0.994900 | Q:        nan | won: False 
#   10 | steps:   112 | steps_t:    56 | t: 1.303456 | r:  -505.000000 | e:   0.994400 | Q:        nan | won: False 
#   11 | steps:   118 | steps_t:    61 | t: 1.405259 | r:  -505.000000 | e:   0.993900 | Q:        nan | won: False 
#   12 | steps:   138 | steps_t:    80 | t: 1.777406 | r:  -519.000000 | e:   0.992000 | Q:        nan | won: False 
#   13 | steps:   159 | steps_t:   100 | t: 2.172697 | r:  -509.000000 | e:   0.990000 | Q:        nan | won: False 
#   14 | steps:   166 | steps_t:   106 | t: 2.296984 | r:  -506.000000 | e:   0.989400 | Q:        nan | won: False 
#   15 | steps:   179 | steps_t:   118 | t: 2.535680 | r:  -512.000000 | e:   0.988200 | Q:        nan | won: False 
#   16 | steps:   185 | steps_t:   123 | t: 2.641312 | r:  -505.000000 | e:   0.987700 | Q:        nan | won: False 
#   17 | steps:   196 | steps_t:   133 | t: 2.836420 | r:  -510.000000 | e:   0.986700 | Q:        nan | won: False 
#   18 | steps:   205 | steps_t:   141 | t: 2.995773 | r:  -508.000000 | e:   0.985900 | Q:        nan | won: False 
#   19 | steps:   212 | steps_t:   147 | t: 3.118502 | r:  -506.000000 | e:   0.985300 | Q:        nan | won: False 
#   20 | steps:   219 | steps_t:   153 | t: 3.238384 | r:  -506.000000 | e:   0.984700 | Q:        nan | won: False 
#   21 | steps:   232 | steps_t:   165 | t: 3.475263 | r:  -512.000000 | e:   0.983500 | Q:        nan | won: False 
#   22 | steps:   250 | steps_t:   182 | t: 3.813815 | r:  -517.000000 | e:   0.981800 | Q:        nan | won: False 
#   23 | steps:   260 | steps_t:   191 | t: 3.997133 | r:  -509.000000 | e:   0.980900 | Q:        nan | won: False 
#   24 | steps:   275 | steps_t:   205 | t: 4.274164 | r:  -503.000000 | e:   0.979500 | Q:        nan | won: False 
#   25 | steps:   295 | steps_t:   224 | t: 4.633901 | r:  -519.000000 | e:   0.977600 | Q:        nan | won: False 
#   26 | steps:   304 | steps_t:   232 | t: 4.793728 | r:  -508.000000 | e:   0.976800 | Q:        nan | won: False 
#   27 | steps:   319 | steps_t:   246 | t: 5.067482 | r:  -503.000000 | e:   0.975400 | Q:        nan | won: False 
#   28 | steps:   328 | steps_t:   254 | t: 5.224694 | r:  -508.000000 | e:   0.974600 | Q:        nan | won: False 
#   29 | steps:   337 | steps_t:   262 | t: 5.382426 | r:  -508.000000 | e:   0.973800 | Q:        nan | won: False 
#   30 | steps:   344 | steps_t:   268 | t: 5.504757 | r:  -506.000000 | e:   0.973200 | Q: -273.641663 | won: False 
#   31 | steps:   352 | steps_t:   275 | t: 5.645210 | r:  -507.000000 | e:   0.972500 | Q:        nan | won: False 
#   32 | steps:   363 | steps_t:   285 | t: 5.841480 | r:  -510.000000 | e:   0.971500 | Q:        nan | won: False 
#   33 | steps:   373 | steps_t:   294 | t: 6.038751 | r:  -509.000000 | e:   0.970600 | Q: -312.356537 | won: False 
#   34 | steps:   384 | steps_t:   304 | t: 6.271810 | r:  -510.000000 | e:   0.969600 | Q:        nan | won: False 
#   35 | steps:   398 | steps_t:   317 | t: 6.538793 | r:  -513.000000 | e:   0.968300 | Q:        nan | won: False 
#   36 | steps:   418 | steps_t:   336 | t: 6.920471 | r:  -519.000000 | e:   0.966400 | Q: -303.972870 | won: False 
#   37 | steps:   427 | steps_t:   344 | t: 7.120979 | r:  -508.000000 | e:   0.965600 | Q:        nan | won: False 
#   38 | steps:   433 | steps_t:   349 | t: 7.227080 | r:  -505.000000 | e:   0.965100 | Q:        nan | won: False 
#   39 | steps:   439 | steps_t:   354 | t: 7.329660 | r:  -505.000000 | e:   0.964600 | Q:        nan | won: False 
#   40 | steps:   444 | steps_t:   358 | t: 7.412532 | r:  -504.000000 | e:   0.964200 | Q:        nan | won: False 
#   41 | steps:   453 | steps_t:   366 | t: 7.577152 | r:  -508.000000 | e:   0.963400 | Q: -274.336273 | won: False 
#   42 | steps:   466 | steps_t:   378 | t: 7.815540 | r:  -512.000000 | e:   0.962200 | Q: -273.918671 | won: False 
#   43 | steps:   475 | steps_t:   386 | t: 7.979519 | r:  -508.000000 | e:   0.961400 | Q: -290.771210 | won: False 
#   44 | steps:   486 | steps_t:   396 | t: 8.206303 | r:  -510.000000 | e:   0.960400 | Q:        nan | won: False 
#   45 | steps:   493 | steps_t:   402 | t: 8.351444 | r:  -506.000000 | e:   0.959800 | Q: -299.318390 | won: False 
#   46 | steps:   503 | steps_t:   411 | t: 8.544442 | r:  -509.000000 | e:   0.958900 | Q:        nan | won: False 
#   47 | steps:   512 | steps_t:   419 | t: 8.714958 | r:  -508.000000 | e:   0.958100 | Q:        nan | won: False 
#   48 | steps:   525 | steps_t:   431 | t: 8.964073 | r:  -512.000000 | e:   0.956900 | Q:        nan | won: False 
#   49 | steps:   544 | steps_t:   449 | t: 9.356271 | r:  -518.000000 | e:   0.955100 | Q: -283.362854 | won: False 
#   50 | steps:   552 | steps_t:   456 | t: 9.495822 | r:  -507.000000 | e:   0.954400 | Q: -301.826630 | won: False 
#   51 | steps:   562 | steps_t:   465 | t: 9.677242 | r:  -509.000000 | e:   0.953500 | Q:        nan | won: False 
#   52 | steps:   576 | steps_t:   478 | t: 9.934325 | r:  -513.000000 | e:   0.952200 | Q:        nan | won: False 
#   53 | steps:   584 | steps_t:   485 | t: 10.079639 | r:  -507.000000 | e:   0.951500 | Q: -303.618805 | won: False 
#   54 | steps:   590 | steps_t:   490 | t: 10.186259 | r:  -505.000000 | e:   0.951000 | Q:        nan | won: False 
#   55 | steps:   598 | steps_t:   497 | t: 10.338848 | r:  -507.000000 | e:   0.950300 | Q: -300.822815 | won: False 
#   56 | steps:   604 | steps_t:   502 | t: 10.445748 | r:  -505.000000 | e:   0.949800 | Q: -305.656219 | won: False 
#   57 | steps:   612 | steps_t:   509 | t: 10.589888 | r:  -507.000000 | e:   0.949100 | Q:        nan | won: False 
#   58 | steps:   627 | steps_t:   523 | t: 10.873661 | r:  -503.000000 | e:   0.947700 | Q:        nan | won: False 
#   59 | steps:   636 | steps_t:   531 | t: 11.037250 | r:  -508.000000 | e:   0.946900 | Q: -315.789825 | won: False 
#   60 | steps:   642 | steps_t:   536 | t: 11.145204 | r:  -505.000000 | e:   0.946400 | Q: -311.351929 | won: False 
#   61 | steps:   651 | steps_t:   544 | t: 11.307254 | r:  -508.000000 | e:   0.945600 | Q:        nan | won: False 
#   62 | steps:   662 | steps_t:   554 | t: 11.510526 | r:  -510.000000 | e:   0.944600 | Q:        nan | won: False 
#   63 | steps:   669 | steps_t:   560 | t: 11.633907 | r:  -506.000000 | e:   0.944000 | Q: -276.221741 | won: False 
#   64 | steps:   681 | steps_t:   571 | t: 11.856738 | r:  -511.000000 | e:   0.942900 | Q: -276.696106 | won: False 
#   65 | steps:   692 | steps_t:   581 | t: 12.052323 | r:  -510.000000 | e:   0.941900 | Q:        nan | won: False 
#   66 | steps:   709 | steps_t:   597 | t: 12.367330 | r:  -505.000000 | e:   0.940300 | Q: -296.860596 | won: False 
#   67 | steps:   729 | steps_t:   616 | t: 12.747299 | r:  -519.000000 | e:   0.938400 | Q: -275.118103 | won: False 
#   68 | steps:   742 | steps_t:   628 | t: 12.999202 | r:  -512.000000 | e:   0.937200 | Q: -288.036072 | won: False 
#   69 | steps:   751 | steps_t:   636 | t: 13.157400 | r:  -508.000000 | e:   0.936400 | Q:        nan | won: False 
#   70 | steps:   756 | steps_t:   640 | t: 13.247532 | r:  -504.000000 | e:   0.936000 | Q: -307.821350 | won: False 
#   71 | steps:   765 | steps_t:   648 | t: 13.406866 | r:  -508.000000 | e:   0.935200 | Q:        nan | won: False 
#   72 | steps:   771 | steps_t:   653 | t: 13.515888 | r:  -505.000000 | e:   0.934700 | Q: -319.382019 | won: False 
#   73 | steps:   779 | steps_t:   660 | t: 13.666877 | r:  -507.000000 | e:   0.934000 | Q: -313.902161 | won: False 
#   74 | steps:   792 | steps_t:   672 | t: 13.908465 | r:  -512.000000 | e:   0.932800 | Q: -293.410278 | won: False 
#   75 | steps:   802 | steps_t:   681 | t: 14.087404 | r:  -509.000000 | e:   0.931900 | Q:        nan | won: False 
#   76 | steps:   811 | steps_t:   689 | t: 14.244407 | r:  -508.000000 | e:   0.931100 | Q: -303.426147 | won: False 
#   77 | steps:   823 | steps_t:   700 | t: 14.461007 | r:  -511.000000 | e:   0.930000 | Q:        nan | won: False 
#   78 | steps:   843 | steps_t:   719 | t: 14.840349 | r:  -519.000000 | e:   0.928100 | Q: -308.835876 | won: False 
#   79 | steps:   853 | steps_t:   728 | t: 15.026169 | r:  -509.000000 | e:   0.927200 | Q:        nan | won: False 
#   80 | steps:   863 | steps_t:   737 | t: 15.203251 | r:  -509.000000 | e:   0.926300 | Q:        nan | won: False 
#   81 | steps:   869 | steps_t:   742 | t: 15.306860 | r:  -505.000000 | e:   0.925800 | Q: -310.562714 | won: False 
#   82 | steps:   878 | steps_t:   750 | t: 15.469944 | r:  -508.000000 | e:   0.925000 | Q:        nan | won: False 
#   83 | steps:   888 | steps_t:   759 | t: 15.646573 | r:  -509.000000 | e:   0.924100 | Q:        nan | won: False 
#   84 | steps:   897 | steps_t:   767 | t: 15.807865 | r:  -508.000000 | e:   0.923300 | Q:        nan | won: False 
#   85 | steps:   908 | steps_t:   777 | t: 16.002666 | r:  -510.000000 | e:   0.922300 | Q:        nan | won: False 
#   86 | steps:   918 | steps_t:   786 | t: 16.201283 | r:  -509.000000 | e:   0.921400 | Q:        nan | won: False 
#   87 | steps:   928 | steps_t:   795 | t: 16.390222 | r:  -509.000000 | e:   0.920500 | Q:        nan | won: False 
#   88 | steps:   936 | steps_t:   802 | t: 16.540783 | r:  -507.000000 | e:   0.919800 | Q: -304.080383 | won: False 
#   89 | steps:   948 | steps_t:   813 | t: 16.762798 | r:  -511.000000 | e:   0.918700 | Q: -302.137604 | won: False 
#   90 | steps:   959 | steps_t:   823 | t: 16.966652 | r:  -510.000000 | e:   0.917700 | Q:        nan | won: False 
#   91 | steps:   977 | steps_t:   840 | t: 17.296807 | r:  -506.000000 | e:   0.916000 | Q:        nan | won: False 
#   92 | steps:   987 | steps_t:   849 | t: 17.479577 | r:  -509.000000 | e:   0.915100 | Q:        nan | won: False 
#   93 | steps:  1000 | steps_t:   861 | t: 17.715319 | r:  -512.000000 | e:   0.913900 | Q: -341.028015 | won: False 
#   94 | steps:  1009 | steps_t:   869 | t: 17.879900 | r:  -508.000000 | e:   0.913100 | Q: -349.109131 | won: False 
#   95 | steps:  1017 | steps_t:   876 | t: 18.021469 | r:  -507.000000 | e:   0.912400 | Q:        nan | won: False 
#   96 | steps:  1024 | steps_t:   882 | t: 18.142975 | r:  -506.000000 | e:   0.911800 | Q: -347.835815 | won: False 
#   97 | steps:  1044 | steps_t:   901 | t: 18.510205 | r:  -519.000000 | e:   0.909900 | Q: -337.363770 | won: False 
#   98 | steps:  1051 | steps_t:   907 | t: 18.630016 | r:  -506.000000 | e:   0.909300 | Q:        nan | won: False 
#   99 | steps:  1073 | steps_t:   928 | t: 19.042729 | r:  -521.000000 | e:   0.907200 | Q: -304.180573 | won: False 
#  100 | steps:  1084 | steps_t:   938 | t: 19.243643 | r:  -510.000000 | e:   0.906200 | Q: -311.733795 | won: False 
#  101 | steps:  1091 | steps_t:   944 | t: 19.366691 | r:  -506.000000 | e:   0.905600 | Q: -326.908295 | won: False 
#  102 | steps:  1100 | steps_t:   952 | t: 19.532684 | r:  -508.000000 | e:   0.904800 | Q: -323.157562 | won: False 
#  103 | steps:  1111 | steps_t:   962 | t: 19.724571 | r:  -510.000000 | e:   0.903800 | Q:        nan | won: False 
#  104 | steps:  1129 | steps_t:   979 | t: 20.073496 | r:  -517.000000 | e:   0.902100 | Q: -314.606873 | won: False 
#  105 | steps:  1147 | steps_t:   996 | t: 20.409801 | r:  -517.000000 | e:   0.900400 | Q:        nan | won: False 
#  106 | steps:  1173 | steps_t:  1021 | t: 20.908115 | r:  -525.000000 | e:   0.897900 | Q: -296.318115 | won: False 
